[2022-12-15T01:41:15.924+0000] {taskinstance.py:1165} INFO - Dependencies all met for <TaskInstance: dag_data_mart.artist_produktif scheduled__2022-12-13T02:00:00+00:00 [queued]>
[2022-12-15T01:41:15.959+0000] {taskinstance.py:1165} INFO - Dependencies all met for <TaskInstance: dag_data_mart.artist_produktif scheduled__2022-12-13T02:00:00+00:00 [queued]>
[2022-12-15T01:41:15.961+0000] {taskinstance.py:1362} INFO - 
--------------------------------------------------------------------------------
[2022-12-15T01:41:15.963+0000] {taskinstance.py:1363} INFO - Starting attempt 1 of 1
[2022-12-15T01:41:15.965+0000] {taskinstance.py:1364} INFO - 
--------------------------------------------------------------------------------
[2022-12-15T01:41:16.016+0000] {taskinstance.py:1383} INFO - Executing <Task(PythonOperator): artist_produktif> on 2022-12-13 02:00:00+00:00
[2022-12-15T01:41:16.027+0000] {standard_task_runner.py:55} INFO - Started process 529 to run task
[2022-12-15T01:41:16.035+0000] {standard_task_runner.py:82} INFO - Running: ['***', 'tasks', 'run', 'dag_data_mart', 'artist_produktif', 'scheduled__2022-12-13T02:00:00+00:00', '--job-id', '523', '--raw', '--subdir', 'DAGS_FOLDER/dag_data_mart.py', '--cfg-path', '/tmp/tmparhglrq7']
[2022-12-15T01:41:16.037+0000] {standard_task_runner.py:83} INFO - Job 523: Subtask artist_produktif
[2022-12-15T01:41:16.625+0000] {task_command.py:376} INFO - Running <TaskInstance: dag_data_mart.artist_produktif scheduled__2022-12-13T02:00:00+00:00 [running]> on host 0d7510ca55af
[2022-12-15T01:41:16.740+0000] {taskinstance.py:1592} INFO - Exporting the following env vars:
AIRFLOW_CTX_DAG_OWNER=***
AIRFLOW_CTX_DAG_ID=dag_data_mart
AIRFLOW_CTX_TASK_ID=artist_produktif
AIRFLOW_CTX_EXECUTION_DATE=2022-12-13T02:00:00+00:00
AIRFLOW_CTX_TRY_NUMBER=1
AIRFLOW_CTX_DAG_RUN_ID=scheduled__2022-12-13T02:00:00+00:00
[2022-12-15T01:41:24.571+0000] {logging_mixin.py:120} INFO - Loaded 233 rows and 3 columns to cde2022-370103.datamart.artist_produktif
[2022-12-15T01:41:24.573+0000] {python.py:177} INFO - Done. Returned value was: None
[2022-12-15T01:41:24.624+0000] {taskinstance.py:1406} INFO - Marking task as SUCCESS. dag_id=dag_data_mart, task_id=artist_produktif, execution_date=20221213T020000, start_date=20221215T014115, end_date=20221215T014124
[2022-12-15T01:41:25.177+0000] {local_task_job.py:164} INFO - Task exited with return code 0
[2022-12-15T01:41:27.001+0000] {local_task_job.py:273} INFO - 0 downstream tasks scheduled from follow-on schedule check
