[2022-12-15T05:00:11.975+0000] {taskinstance.py:1165} INFO - Dependencies all met for <TaskInstance: dag_export_transaction.export_transactions scheduled__2022-12-15T02:00:00+00:00 [queued]>
[2022-12-15T05:00:12.019+0000] {taskinstance.py:1165} INFO - Dependencies all met for <TaskInstance: dag_export_transaction.export_transactions scheduled__2022-12-15T02:00:00+00:00 [queued]>
[2022-12-15T05:00:12.020+0000] {taskinstance.py:1362} INFO - 
--------------------------------------------------------------------------------
[2022-12-15T05:00:12.021+0000] {taskinstance.py:1363} INFO - Starting attempt 1 of 1
[2022-12-15T05:00:12.022+0000] {taskinstance.py:1364} INFO - 
--------------------------------------------------------------------------------
[2022-12-15T05:00:12.080+0000] {taskinstance.py:1383} INFO - Executing <Task(PythonOperator): export_transactions> on 2022-12-15 02:00:00+00:00
[2022-12-15T05:00:12.095+0000] {standard_task_runner.py:55} INFO - Started process 1964 to run task
[2022-12-15T05:00:12.108+0000] {standard_task_runner.py:82} INFO - Running: ['***', 'tasks', 'run', 'dag_export_transaction', 'export_transactions', 'scheduled__2022-12-15T02:00:00+00:00', '--job-id', '559', '--raw', '--subdir', 'DAGS_FOLDER/dag_export_data.py', '--cfg-path', '/tmp/tmp_fhqg8bq']
[2022-12-15T05:00:12.113+0000] {standard_task_runner.py:83} INFO - Job 559: Subtask export_transactions
[2022-12-15T05:00:12.591+0000] {task_command.py:376} INFO - Running <TaskInstance: dag_export_transaction.export_transactions scheduled__2022-12-15T02:00:00+00:00 [running]> on host 0d7510ca55af
[2022-12-15T05:00:13.042+0000] {taskinstance.py:1592} INFO - Exporting the following env vars:
AIRFLOW_CTX_DAG_OWNER=***
AIRFLOW_CTX_DAG_ID=dag_export_transaction
AIRFLOW_CTX_TASK_ID=export_transactions
AIRFLOW_CTX_EXECUTION_DATE=2022-12-15T02:00:00+00:00
AIRFLOW_CTX_TRY_NUMBER=1
AIRFLOW_CTX_DAG_RUN_ID=scheduled__2022-12-15T02:00:00+00:00
[2022-12-15T05:00:23.393+0000] {logging_mixin.py:120} INFO - Loaded 2240 rows and 12 columns to cde2022-370103.tugasakhir.transactions
[2022-12-15T05:00:23.394+0000] {python.py:177} INFO - Done. Returned value was: None
[2022-12-15T05:00:23.441+0000] {taskinstance.py:1406} INFO - Marking task as SUCCESS. dag_id=dag_export_transaction, task_id=export_transactions, execution_date=20221215T020000, start_date=20221215T050011, end_date=20221215T050023
[2022-12-15T05:00:23.526+0000] {local_task_job.py:164} INFO - Task exited with return code 0
[2022-12-15T05:00:23.580+0000] {local_task_job.py:273} INFO - 0 downstream tasks scheduled from follow-on schedule check
