[2022-12-12T10:30:22.584+0000] {taskinstance.py:1165} INFO - Dependencies all met for <TaskInstance: dag_export_revenue.export_transactions manual__2022-12-12T10:29:22.047417+00:00 [queued]>
[2022-12-12T10:30:22.658+0000] {taskinstance.py:1165} INFO - Dependencies all met for <TaskInstance: dag_export_revenue.export_transactions manual__2022-12-12T10:29:22.047417+00:00 [queued]>
[2022-12-12T10:30:22.659+0000] {taskinstance.py:1362} INFO - 
--------------------------------------------------------------------------------
[2022-12-12T10:30:22.660+0000] {taskinstance.py:1363} INFO - Starting attempt 1 of 1
[2022-12-12T10:30:22.661+0000] {taskinstance.py:1364} INFO - 
--------------------------------------------------------------------------------
[2022-12-12T10:30:22.760+0000] {taskinstance.py:1383} INFO - Executing <Task(PythonOperator): export_transactions> on 2022-12-12 10:29:22.047417+00:00
[2022-12-12T10:30:22.776+0000] {standard_task_runner.py:55} INFO - Started process 908 to run task
[2022-12-12T10:30:22.791+0000] {standard_task_runner.py:82} INFO - Running: ['***', 'tasks', 'run', 'dag_export_revenue', 'export_transactions', 'manual__2022-12-12T10:29:22.047417+00:00', '--job-id', '470', '--raw', '--subdir', 'DAGS_FOLDER/dag_export_data.py', '--cfg-path', '/tmp/tmpe10jafbc']
[2022-12-12T10:30:22.796+0000] {standard_task_runner.py:83} INFO - Job 470: Subtask export_transactions
[2022-12-12T10:30:23.043+0000] {task_command.py:376} INFO - Running <TaskInstance: dag_export_revenue.export_transactions manual__2022-12-12T10:29:22.047417+00:00 [running]> on host 0d7510ca55af
[2022-12-12T10:30:23.434+0000] {taskinstance.py:1592} INFO - Exporting the following env vars:
AIRFLOW_CTX_DAG_OWNER=***
AIRFLOW_CTX_DAG_ID=dag_export_revenue
AIRFLOW_CTX_TASK_ID=export_transactions
AIRFLOW_CTX_EXECUTION_DATE=2022-12-12T10:29:22.047417+00:00
AIRFLOW_CTX_TRY_NUMBER=1
AIRFLOW_CTX_DAG_RUN_ID=manual__2022-12-12T10:29:22.047417+00:00
[2022-12-12T10:30:30.559+0000] {logging_mixin.py:120} INFO - Loaded 2240 rows and 12 columns to cde2022-370103.tugasakhir.transactions
[2022-12-12T10:30:30.572+0000] {python.py:177} INFO - Done. Returned value was: None
[2022-12-12T10:30:30.623+0000] {taskinstance.py:1406} INFO - Marking task as SUCCESS. dag_id=dag_export_revenue, task_id=export_transactions, execution_date=20221212T102922, start_date=20221212T103022, end_date=20221212T103030
[2022-12-12T10:30:30.797+0000] {local_task_job.py:164} INFO - Task exited with return code 0
[2022-12-12T10:30:31.006+0000] {local_task_job.py:273} INFO - 0 downstream tasks scheduled from follow-on schedule check
