[2022-12-18T04:03:56.340+0000] {taskinstance.py:1165} INFO - Dependencies all met for <TaskInstance: dag_export_song.export_song scheduled__2022-12-17T00:00:00+00:00 [queued]>
[2022-12-18T04:03:56.631+0000] {taskinstance.py:1165} INFO - Dependencies all met for <TaskInstance: dag_export_song.export_song scheduled__2022-12-17T00:00:00+00:00 [queued]>
[2022-12-18T04:03:56.637+0000] {taskinstance.py:1362} INFO - 
--------------------------------------------------------------------------------
[2022-12-18T04:03:56.647+0000] {taskinstance.py:1363} INFO - Starting attempt 1 of 1
[2022-12-18T04:03:56.658+0000] {taskinstance.py:1364} INFO - 
--------------------------------------------------------------------------------
[2022-12-18T04:03:56.975+0000] {taskinstance.py:1383} INFO - Executing <Task(PythonOperator): export_song> on 2022-12-17 00:00:00+00:00
[2022-12-18T04:03:57.037+0000] {standard_task_runner.py:55} INFO - Started process 338 to run task
[2022-12-18T04:03:57.102+0000] {standard_task_runner.py:82} INFO - Running: ['***', 'tasks', 'run', 'dag_export_song', 'export_song', 'scheduled__2022-12-17T00:00:00+00:00', '--job-id', '571', '--raw', '--subdir', 'DAGS_FOLDER/dag_export_data.py', '--cfg-path', '/tmp/tmprgadhq4c']
[2022-12-18T04:03:57.147+0000] {standard_task_runner.py:83} INFO - Job 571: Subtask export_song
[2022-12-18T04:04:05.733+0000] {task_command.py:376} INFO - Running <TaskInstance: dag_export_song.export_song scheduled__2022-12-17T00:00:00+00:00 [running]> on host 0d7510ca55af
[2022-12-18T04:04:13.312+0000] {taskinstance.py:1592} INFO - Exporting the following env vars:
AIRFLOW_CTX_DAG_OWNER=***
AIRFLOW_CTX_DAG_ID=dag_export_song
AIRFLOW_CTX_TASK_ID=export_song
AIRFLOW_CTX_EXECUTION_DATE=2022-12-17T00:00:00+00:00
AIRFLOW_CTX_TRY_NUMBER=1
AIRFLOW_CTX_DAG_RUN_ID=scheduled__2022-12-17T00:00:00+00:00
[2022-12-18T04:05:03.580+0000] {logging_mixin.py:120} INFO - Loaded 3503 rows and 10 columns to cde2022-370103.tugasakhir.song
[2022-12-18T04:05:03.610+0000] {python.py:177} INFO - Done. Returned value was: None
[2022-12-18T04:05:04.384+0000] {taskinstance.py:1406} INFO - Marking task as SUCCESS. dag_id=dag_export_song, task_id=export_song, execution_date=20221217T000000, start_date=20221218T040356, end_date=20221218T040504
[2022-12-18T04:05:05.788+0000] {local_task_job.py:164} INFO - Task exited with return code 0
[2022-12-18T04:05:06.630+0000] {local_task_job.py:273} INFO - 0 downstream tasks scheduled from follow-on schedule check
