[2022-12-15T02:00:31.189+0000] {taskinstance.py:1165} INFO - Dependencies all met for <TaskInstance: dag_data_mart.lokasi_customer scheduled__2022-12-14T02:00:00+00:00 [queued]>
[2022-12-15T02:00:31.215+0000] {taskinstance.py:1165} INFO - Dependencies all met for <TaskInstance: dag_data_mart.lokasi_customer scheduled__2022-12-14T02:00:00+00:00 [queued]>
[2022-12-15T02:00:31.216+0000] {taskinstance.py:1362} INFO - 
--------------------------------------------------------------------------------
[2022-12-15T02:00:31.217+0000] {taskinstance.py:1363} INFO - Starting attempt 1 of 1
[2022-12-15T02:00:31.217+0000] {taskinstance.py:1364} INFO - 
--------------------------------------------------------------------------------
[2022-12-15T02:00:31.275+0000] {taskinstance.py:1383} INFO - Executing <Task(PythonOperator): lokasi_customer> on 2022-12-14 02:00:00+00:00
[2022-12-15T02:00:31.301+0000] {standard_task_runner.py:55} INFO - Started process 612 to run task
[2022-12-15T02:00:31.313+0000] {standard_task_runner.py:82} INFO - Running: ['***', 'tasks', 'run', 'dag_data_mart', 'lokasi_customer', 'scheduled__2022-12-14T02:00:00+00:00', '--job-id', '529', '--raw', '--subdir', 'DAGS_FOLDER/dag_data_mart.py', '--cfg-path', '/tmp/tmpzfd_mjft']
[2022-12-15T02:00:31.319+0000] {standard_task_runner.py:83} INFO - Job 529: Subtask lokasi_customer
[2022-12-15T02:00:31.554+0000] {task_command.py:376} INFO - Running <TaskInstance: dag_data_mart.lokasi_customer scheduled__2022-12-14T02:00:00+00:00 [running]> on host 0d7510ca55af
[2022-12-15T02:00:31.805+0000] {taskinstance.py:1592} INFO - Exporting the following env vars:
AIRFLOW_CTX_DAG_OWNER=***
AIRFLOW_CTX_DAG_ID=dag_data_mart
AIRFLOW_CTX_TASK_ID=lokasi_customer
AIRFLOW_CTX_EXECUTION_DATE=2022-12-14T02:00:00+00:00
AIRFLOW_CTX_TRY_NUMBER=1
AIRFLOW_CTX_DAG_RUN_ID=scheduled__2022-12-14T02:00:00+00:00
[2022-12-15T02:00:40.067+0000] {logging_mixin.py:120} INFO - Loaded 24 rows and 2 columns to cde2022-370103.datamart.lokasi_customer
[2022-12-15T02:00:40.068+0000] {python.py:177} INFO - Done. Returned value was: None
[2022-12-15T02:00:40.126+0000] {taskinstance.py:1406} INFO - Marking task as SUCCESS. dag_id=dag_data_mart, task_id=lokasi_customer, execution_date=20221214T020000, start_date=20221215T020031, end_date=20221215T020040
[2022-12-15T02:00:40.273+0000] {local_task_job.py:164} INFO - Task exited with return code 0
[2022-12-15T02:00:40.472+0000] {local_task_job.py:273} INFO - 0 downstream tasks scheduled from follow-on schedule check
