[2022-12-15T02:07:33.634+0000] {taskinstance.py:1165} INFO - Dependencies all met for <TaskInstance: dag_data_mart.pendapatan_penjualan manual__2022-12-15T02:06:57.571912+00:00 [queued]>
[2022-12-15T02:07:33.741+0000] {taskinstance.py:1165} INFO - Dependencies all met for <TaskInstance: dag_data_mart.pendapatan_penjualan manual__2022-12-15T02:06:57.571912+00:00 [queued]>
[2022-12-15T02:07:33.743+0000] {taskinstance.py:1362} INFO - 
--------------------------------------------------------------------------------
[2022-12-15T02:07:33.748+0000] {taskinstance.py:1363} INFO - Starting attempt 1 of 1
[2022-12-15T02:07:33.750+0000] {taskinstance.py:1364} INFO - 
--------------------------------------------------------------------------------
[2022-12-15T02:07:33.995+0000] {taskinstance.py:1383} INFO - Executing <Task(PythonOperator): pendapatan_penjualan> on 2022-12-15 02:06:57.571912+00:00
[2022-12-15T02:07:34.067+0000] {standard_task_runner.py:55} INFO - Started process 1022 to run task
[2022-12-15T02:07:34.105+0000] {standard_task_runner.py:82} INFO - Running: ['***', 'tasks', 'run', 'dag_data_mart', 'pendapatan_penjualan', 'manual__2022-12-15T02:06:57.571912+00:00', '--job-id', '535', '--raw', '--subdir', 'DAGS_FOLDER/dag_data_mart.py', '--cfg-path', '/tmp/tmp7d42lt0p']
[2022-12-15T02:07:34.112+0000] {standard_task_runner.py:83} INFO - Job 535: Subtask pendapatan_penjualan
[2022-12-15T02:07:35.072+0000] {task_command.py:376} INFO - Running <TaskInstance: dag_data_mart.pendapatan_penjualan manual__2022-12-15T02:06:57.571912+00:00 [running]> on host 0d7510ca55af
[2022-12-15T02:07:43.071+0000] {taskinstance.py:1592} INFO - Exporting the following env vars:
AIRFLOW_CTX_DAG_OWNER=***
AIRFLOW_CTX_DAG_ID=dag_data_mart
AIRFLOW_CTX_TASK_ID=pendapatan_penjualan
AIRFLOW_CTX_EXECUTION_DATE=2022-12-15T02:06:57.571912+00:00
AIRFLOW_CTX_TRY_NUMBER=1
AIRFLOW_CTX_DAG_RUN_ID=manual__2022-12-15T02:06:57.571912+00:00
[2022-12-15T02:07:56.088+0000] {logging_mixin.py:120} INFO - Loaded 354 rows and 2 columns to cde2022-370103.datamart.pendapatan_penjualan
[2022-12-15T02:07:56.096+0000] {python.py:177} INFO - Done. Returned value was: None
[2022-12-15T02:07:56.176+0000] {taskinstance.py:1406} INFO - Marking task as SUCCESS. dag_id=dag_data_mart, task_id=pendapatan_penjualan, execution_date=20221215T020657, start_date=20221215T020733, end_date=20221215T020756
[2022-12-15T02:07:56.365+0000] {local_task_job.py:164} INFO - Task exited with return code 0
[2022-12-15T02:07:56.513+0000] {local_task_job.py:273} INFO - 0 downstream tasks scheduled from follow-on schedule check
