[2022-12-15T02:00:36.712+0000] {taskinstance.py:1165} INFO - Dependencies all met for <TaskInstance: dag_data_mart.pendapatan_artist scheduled__2022-12-14T02:00:00+00:00 [queued]>
[2022-12-15T02:00:36.729+0000] {taskinstance.py:1165} INFO - Dependencies all met for <TaskInstance: dag_data_mart.pendapatan_artist scheduled__2022-12-14T02:00:00+00:00 [queued]>
[2022-12-15T02:00:36.729+0000] {taskinstance.py:1362} INFO - 
--------------------------------------------------------------------------------
[2022-12-15T02:00:36.730+0000] {taskinstance.py:1363} INFO - Starting attempt 1 of 1
[2022-12-15T02:00:36.731+0000] {taskinstance.py:1364} INFO - 
--------------------------------------------------------------------------------
[2022-12-15T02:00:36.756+0000] {taskinstance.py:1383} INFO - Executing <Task(PythonOperator): pendapatan_artist> on 2022-12-14 02:00:00+00:00
[2022-12-15T02:00:36.765+0000] {standard_task_runner.py:55} INFO - Started process 638 to run task
[2022-12-15T02:00:36.775+0000] {standard_task_runner.py:82} INFO - Running: ['***', 'tasks', 'run', 'dag_data_mart', 'pendapatan_artist', 'scheduled__2022-12-14T02:00:00+00:00', '--job-id', '531', '--raw', '--subdir', 'DAGS_FOLDER/dag_data_mart.py', '--cfg-path', '/tmp/tmpfosvcxtn']
[2022-12-15T02:00:36.776+0000] {standard_task_runner.py:83} INFO - Job 531: Subtask pendapatan_artist
[2022-12-15T02:00:37.012+0000] {task_command.py:376} INFO - Running <TaskInstance: dag_data_mart.pendapatan_artist scheduled__2022-12-14T02:00:00+00:00 [running]> on host 0d7510ca55af
[2022-12-15T02:00:38.006+0000] {taskinstance.py:1592} INFO - Exporting the following env vars:
AIRFLOW_CTX_DAG_OWNER=***
AIRFLOW_CTX_DAG_ID=dag_data_mart
AIRFLOW_CTX_TASK_ID=pendapatan_artist
AIRFLOW_CTX_EXECUTION_DATE=2022-12-14T02:00:00+00:00
AIRFLOW_CTX_TRY_NUMBER=1
AIRFLOW_CTX_DAG_RUN_ID=scheduled__2022-12-14T02:00:00+00:00
[2022-12-15T02:00:47.017+0000] {logging_mixin.py:120} INFO - Loaded 165 rows and 3 columns to cde2022-370103.datamart.pendapatan_artist
[2022-12-15T02:00:47.028+0000] {python.py:177} INFO - Done. Returned value was: None
[2022-12-15T02:00:47.088+0000] {taskinstance.py:1406} INFO - Marking task as SUCCESS. dag_id=dag_data_mart, task_id=pendapatan_artist, execution_date=20221214T020000, start_date=20221215T020036, end_date=20221215T020047
[2022-12-15T02:00:47.171+0000] {local_task_job.py:164} INFO - Task exited with return code 0
[2022-12-15T02:00:47.271+0000] {local_task_job.py:273} INFO - 0 downstream tasks scheduled from follow-on schedule check
