[2022-12-14T08:22:40.058+0000] {taskinstance.py:1165} INFO - Dependencies all met for <TaskInstance: dag_export_revenue.export_revenue scheduled__2022-12-12T02:00:00+00:00 [queued]>
[2022-12-14T08:22:40.214+0000] {taskinstance.py:1165} INFO - Dependencies all met for <TaskInstance: dag_export_revenue.export_revenue scheduled__2022-12-12T02:00:00+00:00 [queued]>
[2022-12-14T08:22:40.223+0000] {taskinstance.py:1362} INFO - 
--------------------------------------------------------------------------------
[2022-12-14T08:22:40.255+0000] {taskinstance.py:1363} INFO - Starting attempt 1 of 1
[2022-12-14T08:22:40.274+0000] {taskinstance.py:1364} INFO - 
--------------------------------------------------------------------------------
[2022-12-14T08:22:40.389+0000] {taskinstance.py:1383} INFO - Executing <Task(PythonOperator): export_revenue> on 2022-12-12 02:00:00+00:00
[2022-12-14T08:22:40.396+0000] {standard_task_runner.py:55} INFO - Started process 117 to run task
[2022-12-14T08:22:40.477+0000] {standard_task_runner.py:82} INFO - Running: ['***', 'tasks', 'run', 'dag_export_revenue', 'export_revenue', 'scheduled__2022-12-12T02:00:00+00:00', '--job-id', '503', '--raw', '--subdir', 'DAGS_FOLDER/dag_export_data.py', '--cfg-path', '/tmp/tmpae2ozdhu']
[2022-12-14T08:22:40.502+0000] {standard_task_runner.py:83} INFO - Job 503: Subtask export_revenue
[2022-12-14T08:22:41.336+0000] {task_command.py:376} INFO - Running <TaskInstance: dag_export_revenue.export_revenue scheduled__2022-12-12T02:00:00+00:00 [running]> on host 0d7510ca55af
[2022-12-14T08:22:42.180+0000] {taskinstance.py:1592} INFO - Exporting the following env vars:
AIRFLOW_CTX_DAG_OWNER=***
AIRFLOW_CTX_DAG_ID=dag_export_revenue
AIRFLOW_CTX_TASK_ID=export_revenue
AIRFLOW_CTX_EXECUTION_DATE=2022-12-12T02:00:00+00:00
AIRFLOW_CTX_TRY_NUMBER=1
AIRFLOW_CTX_DAG_RUN_ID=scheduled__2022-12-12T02:00:00+00:00
[2022-12-14T08:22:53.261+0000] {logging_mixin.py:120} INFO - Loaded 2240 rows and 8 columns to cde2022-370103.tugasakhir.revenue
[2022-12-14T08:22:53.262+0000] {python.py:177} INFO - Done. Returned value was: None
[2022-12-14T08:22:53.296+0000] {taskinstance.py:1406} INFO - Marking task as SUCCESS. dag_id=dag_export_revenue, task_id=export_revenue, execution_date=20221212T020000, start_date=20221214T082240, end_date=20221214T082253
[2022-12-14T08:22:53.435+0000] {local_task_job.py:164} INFO - Task exited with return code 0
[2022-12-14T08:22:53.605+0000] {local_task_job.py:273} INFO - 0 downstream tasks scheduled from follow-on schedule check
