[2022-12-15T03:33:46.445+0000] {taskinstance.py:1165} INFO - Dependencies all met for <TaskInstance: dag_data_mart.pendapatan_artist manual__2022-12-15T03:33:30.290425+00:00 [queued]>
[2022-12-15T03:33:46.535+0000] {taskinstance.py:1165} INFO - Dependencies all met for <TaskInstance: dag_data_mart.pendapatan_artist manual__2022-12-15T03:33:30.290425+00:00 [queued]>
[2022-12-15T03:33:46.538+0000] {taskinstance.py:1362} INFO - 
--------------------------------------------------------------------------------
[2022-12-15T03:33:46.541+0000] {taskinstance.py:1363} INFO - Starting attempt 1 of 1
[2022-12-15T03:33:46.543+0000] {taskinstance.py:1364} INFO - 
--------------------------------------------------------------------------------
[2022-12-15T03:33:46.662+0000] {taskinstance.py:1383} INFO - Executing <Task(PythonOperator): pendapatan_artist> on 2022-12-15 03:33:30.290425+00:00
[2022-12-15T03:33:46.680+0000] {standard_task_runner.py:55} INFO - Started process 4073 to run task
[2022-12-15T03:33:46.723+0000] {standard_task_runner.py:82} INFO - Running: ['***', 'tasks', 'run', 'dag_data_mart', 'pendapatan_artist', 'manual__2022-12-15T03:33:30.290425+00:00', '--job-id', '542', '--raw', '--subdir', 'DAGS_FOLDER/dag_data_mart.py', '--cfg-path', '/tmp/tmpdmngrzp2']
[2022-12-15T03:33:46.739+0000] {standard_task_runner.py:83} INFO - Job 542: Subtask pendapatan_artist
[2022-12-15T03:33:47.160+0000] {task_command.py:376} INFO - Running <TaskInstance: dag_data_mart.pendapatan_artist manual__2022-12-15T03:33:30.290425+00:00 [running]> on host 0d7510ca55af
[2022-12-15T03:33:47.791+0000] {taskinstance.py:1592} INFO - Exporting the following env vars:
AIRFLOW_CTX_DAG_OWNER=***
AIRFLOW_CTX_DAG_ID=dag_data_mart
AIRFLOW_CTX_TASK_ID=pendapatan_artist
AIRFLOW_CTX_EXECUTION_DATE=2022-12-15T03:33:30.290425+00:00
AIRFLOW_CTX_TRY_NUMBER=1
AIRFLOW_CTX_DAG_RUN_ID=manual__2022-12-15T03:33:30.290425+00:00
[2022-12-15T03:34:03.935+0000] {logging_mixin.py:120} INFO - Loaded 165 rows and 3 columns to cde2022-370103.datamart.pendapatan_artist
[2022-12-15T03:34:03.936+0000] {python.py:177} INFO - Done. Returned value was: None
[2022-12-15T03:34:03.953+0000] {taskinstance.py:1406} INFO - Marking task as SUCCESS. dag_id=dag_data_mart, task_id=pendapatan_artist, execution_date=20221215T033330, start_date=20221215T033346, end_date=20221215T033403
[2022-12-15T03:34:04.020+0000] {local_task_job.py:164} INFO - Task exited with return code 0
[2022-12-15T03:34:04.071+0000] {local_task_job.py:273} INFO - 0 downstream tasks scheduled from follow-on schedule check
