[2022-12-12T10:10:35.410+0000] {processor.py:154} INFO - Started process (PID=64) to work on /opt/airflow/dags/dag_export_data.py
[2022-12-12T10:10:35.420+0000] {processor.py:756} INFO - Processing file /opt/airflow/dags/dag_export_data.py for tasks to queue
[2022-12-12T10:10:35.422+0000] {logging_mixin.py:120} INFO - [2022-12-12T10:10:35.422+0000] {dagbag.py:537} INFO - Filling up the DagBag from /opt/airflow/dags/dag_export_data.py
[2022-12-12T10:10:37.831+0000] {processor.py:766} INFO - DAG(s) dict_keys(['dag_export_revenue']) retrieved from /opt/airflow/dags/dag_export_data.py
[2022-12-12T10:10:39.610+0000] {logging_mixin.py:120} INFO - [2022-12-12T10:10:39.609+0000] {dag.py:2585} INFO - Sync 1 DAGs
[2022-12-12T10:10:39.740+0000] {logging_mixin.py:120} INFO - [2022-12-12T10:10:39.739+0000] {dag.py:3340} INFO - Setting next_dagrun for dag_export_revenue to 2022-12-12T02:00:00+00:00, run_after=2022-12-13T02:00:00+00:00
[2022-12-12T10:10:39.835+0000] {processor.py:176} INFO - Processing /opt/airflow/dags/dag_export_data.py took 4.431 seconds
[2022-12-12T10:11:10.384+0000] {processor.py:154} INFO - Started process (PID=85) to work on /opt/airflow/dags/dag_export_data.py
[2022-12-12T10:11:10.386+0000] {processor.py:756} INFO - Processing file /opt/airflow/dags/dag_export_data.py for tasks to queue
[2022-12-12T10:11:10.388+0000] {logging_mixin.py:120} INFO - [2022-12-12T10:11:10.387+0000] {dagbag.py:537} INFO - Filling up the DagBag from /opt/airflow/dags/dag_export_data.py
[2022-12-12T10:11:11.003+0000] {processor.py:766} INFO - DAG(s) dict_keys(['dag_export_revenue']) retrieved from /opt/airflow/dags/dag_export_data.py
[2022-12-12T10:11:11.204+0000] {logging_mixin.py:120} INFO - [2022-12-12T10:11:11.203+0000] {dag.py:2585} INFO - Sync 1 DAGs
[2022-12-12T10:11:11.241+0000] {logging_mixin.py:120} INFO - [2022-12-12T10:11:11.241+0000] {dag.py:3340} INFO - Setting next_dagrun for dag_export_revenue to 2022-12-12T02:00:00+00:00, run_after=2022-12-13T02:00:00+00:00
[2022-12-12T10:11:11.293+0000] {processor.py:176} INFO - Processing /opt/airflow/dags/dag_export_data.py took 0.915 seconds
[2022-12-12T10:11:41.672+0000] {processor.py:154} INFO - Started process (PID=105) to work on /opt/airflow/dags/dag_export_data.py
[2022-12-12T10:11:41.673+0000] {processor.py:756} INFO - Processing file /opt/airflow/dags/dag_export_data.py for tasks to queue
[2022-12-12T10:11:41.675+0000] {logging_mixin.py:120} INFO - [2022-12-12T10:11:41.674+0000] {dagbag.py:537} INFO - Filling up the DagBag from /opt/airflow/dags/dag_export_data.py
[2022-12-12T10:11:42.195+0000] {processor.py:766} INFO - DAG(s) dict_keys(['dag_export_revenue']) retrieved from /opt/airflow/dags/dag_export_data.py
[2022-12-12T10:11:42.384+0000] {logging_mixin.py:120} INFO - [2022-12-12T10:11:42.384+0000] {dag.py:2585} INFO - Sync 1 DAGs
[2022-12-12T10:11:42.417+0000] {logging_mixin.py:120} INFO - [2022-12-12T10:11:42.417+0000] {dag.py:3340} INFO - Setting next_dagrun for dag_export_revenue to 2022-12-12T02:00:00+00:00, run_after=2022-12-13T02:00:00+00:00
[2022-12-12T10:11:42.448+0000] {processor.py:176} INFO - Processing /opt/airflow/dags/dag_export_data.py took 0.780 seconds
[2022-12-12T10:12:13.062+0000] {processor.py:154} INFO - Started process (PID=135) to work on /opt/airflow/dags/dag_export_data.py
[2022-12-12T10:12:13.080+0000] {processor.py:756} INFO - Processing file /opt/airflow/dags/dag_export_data.py for tasks to queue
[2022-12-12T10:12:13.101+0000] {logging_mixin.py:120} INFO - [2022-12-12T10:12:13.101+0000] {dagbag.py:537} INFO - Filling up the DagBag from /opt/airflow/dags/dag_export_data.py
[2022-12-12T10:12:15.077+0000] {processor.py:766} INFO - DAG(s) dict_keys(['dag_export_revenue']) retrieved from /opt/airflow/dags/dag_export_data.py
[2022-12-12T10:12:15.604+0000] {logging_mixin.py:120} INFO - [2022-12-12T10:12:15.602+0000] {dag.py:2585} INFO - Sync 1 DAGs
[2022-12-12T10:12:15.696+0000] {logging_mixin.py:120} INFO - [2022-12-12T10:12:15.696+0000] {dag.py:3340} INFO - Setting next_dagrun for dag_export_revenue to 2022-12-12T02:00:00+00:00, run_after=2022-12-13T02:00:00+00:00
[2022-12-12T10:12:15.749+0000] {processor.py:176} INFO - Processing /opt/airflow/dags/dag_export_data.py took 2.714 seconds
[2022-12-12T10:12:46.171+0000] {processor.py:154} INFO - Started process (PID=156) to work on /opt/airflow/dags/dag_export_data.py
[2022-12-12T10:12:46.180+0000] {processor.py:756} INFO - Processing file /opt/airflow/dags/dag_export_data.py for tasks to queue
[2022-12-12T10:12:46.182+0000] {logging_mixin.py:120} INFO - [2022-12-12T10:12:46.182+0000] {dagbag.py:537} INFO - Filling up the DagBag from /opt/airflow/dags/dag_export_data.py
[2022-12-12T10:12:47.292+0000] {processor.py:766} INFO - DAG(s) dict_keys(['dag_export_revenue']) retrieved from /opt/airflow/dags/dag_export_data.py
[2022-12-12T10:12:47.350+0000] {logging_mixin.py:120} INFO - [2022-12-12T10:12:47.349+0000] {dag.py:2585} INFO - Sync 1 DAGs
[2022-12-12T10:12:47.581+0000] {logging_mixin.py:120} INFO - [2022-12-12T10:12:47.580+0000] {dag.py:3340} INFO - Setting next_dagrun for dag_export_revenue to 2022-12-12T02:00:00+00:00, run_after=2022-12-13T02:00:00+00:00
[2022-12-12T10:12:47.619+0000] {processor.py:176} INFO - Processing /opt/airflow/dags/dag_export_data.py took 1.456 seconds
[2022-12-12T10:13:17.850+0000] {processor.py:154} INFO - Started process (PID=177) to work on /opt/airflow/dags/dag_export_data.py
[2022-12-12T10:13:17.851+0000] {processor.py:756} INFO - Processing file /opt/airflow/dags/dag_export_data.py for tasks to queue
[2022-12-12T10:13:17.852+0000] {logging_mixin.py:120} INFO - [2022-12-12T10:13:17.852+0000] {dagbag.py:537} INFO - Filling up the DagBag from /opt/airflow/dags/dag_export_data.py
[2022-12-12T10:13:18.359+0000] {processor.py:766} INFO - DAG(s) dict_keys(['dag_export_revenue']) retrieved from /opt/airflow/dags/dag_export_data.py
[2022-12-12T10:13:18.407+0000] {logging_mixin.py:120} INFO - [2022-12-12T10:13:18.405+0000] {dag.py:2585} INFO - Sync 1 DAGs
[2022-12-12T10:13:18.585+0000] {logging_mixin.py:120} INFO - [2022-12-12T10:13:18.585+0000] {dag.py:3340} INFO - Setting next_dagrun for dag_export_revenue to 2022-12-12T02:00:00+00:00, run_after=2022-12-13T02:00:00+00:00
[2022-12-12T10:13:18.616+0000] {processor.py:176} INFO - Processing /opt/airflow/dags/dag_export_data.py took 0.770 seconds
[2022-12-12T10:13:48.911+0000] {processor.py:154} INFO - Started process (PID=208) to work on /opt/airflow/dags/dag_export_data.py
[2022-12-12T10:13:48.912+0000] {processor.py:756} INFO - Processing file /opt/airflow/dags/dag_export_data.py for tasks to queue
[2022-12-12T10:13:48.913+0000] {logging_mixin.py:120} INFO - [2022-12-12T10:13:48.913+0000] {dagbag.py:537} INFO - Filling up the DagBag from /opt/airflow/dags/dag_export_data.py
[2022-12-12T10:13:49.531+0000] {processor.py:766} INFO - DAG(s) dict_keys(['dag_export_revenue']) retrieved from /opt/airflow/dags/dag_export_data.py
[2022-12-12T10:13:49.794+0000] {logging_mixin.py:120} INFO - [2022-12-12T10:13:49.794+0000] {dag.py:2585} INFO - Sync 1 DAGs
[2022-12-12T10:13:49.837+0000] {logging_mixin.py:120} INFO - [2022-12-12T10:13:49.836+0000] {dag.py:3340} INFO - Setting next_dagrun for dag_export_revenue to 2022-12-12T02:00:00+00:00, run_after=2022-12-13T02:00:00+00:00
[2022-12-12T10:13:49.878+0000] {processor.py:176} INFO - Processing /opt/airflow/dags/dag_export_data.py took 0.971 seconds
[2022-12-12T10:14:20.177+0000] {processor.py:154} INFO - Started process (PID=238) to work on /opt/airflow/dags/dag_export_data.py
[2022-12-12T10:14:20.178+0000] {processor.py:756} INFO - Processing file /opt/airflow/dags/dag_export_data.py for tasks to queue
[2022-12-12T10:14:20.180+0000] {logging_mixin.py:120} INFO - [2022-12-12T10:14:20.180+0000] {dagbag.py:537} INFO - Filling up the DagBag from /opt/airflow/dags/dag_export_data.py
[2022-12-12T10:14:20.777+0000] {processor.py:766} INFO - DAG(s) dict_keys(['dag_export_revenue']) retrieved from /opt/airflow/dags/dag_export_data.py
[2022-12-12T10:14:20.997+0000] {logging_mixin.py:120} INFO - [2022-12-12T10:14:20.996+0000] {dag.py:2585} INFO - Sync 1 DAGs
[2022-12-12T10:14:21.044+0000] {logging_mixin.py:120} INFO - [2022-12-12T10:14:21.044+0000] {dag.py:3340} INFO - Setting next_dagrun for dag_export_revenue to 2022-12-12T02:00:00+00:00, run_after=2022-12-13T02:00:00+00:00
[2022-12-12T10:14:21.074+0000] {processor.py:176} INFO - Processing /opt/airflow/dags/dag_export_data.py took 0.902 seconds
[2022-12-12T10:14:51.410+0000] {processor.py:154} INFO - Started process (PID=260) to work on /opt/airflow/dags/dag_export_data.py
[2022-12-12T10:14:51.413+0000] {processor.py:756} INFO - Processing file /opt/airflow/dags/dag_export_data.py for tasks to queue
[2022-12-12T10:14:51.417+0000] {logging_mixin.py:120} INFO - [2022-12-12T10:14:51.416+0000] {dagbag.py:537} INFO - Filling up the DagBag from /opt/airflow/dags/dag_export_data.py
[2022-12-12T10:14:52.263+0000] {processor.py:766} INFO - DAG(s) dict_keys(['dag_export_revenue']) retrieved from /opt/airflow/dags/dag_export_data.py
[2022-12-12T10:14:52.507+0000] {logging_mixin.py:120} INFO - [2022-12-12T10:14:52.506+0000] {dag.py:2585} INFO - Sync 1 DAGs
[2022-12-12T10:14:52.571+0000] {logging_mixin.py:120} INFO - [2022-12-12T10:14:52.571+0000] {dag.py:3340} INFO - Setting next_dagrun for dag_export_revenue to 2022-12-12T02:00:00+00:00, run_after=2022-12-13T02:00:00+00:00
[2022-12-12T10:14:52.601+0000] {processor.py:176} INFO - Processing /opt/airflow/dags/dag_export_data.py took 1.196 seconds
[2022-12-12T10:15:22.806+0000] {processor.py:154} INFO - Started process (PID=290) to work on /opt/airflow/dags/dag_export_data.py
[2022-12-12T10:15:22.807+0000] {processor.py:756} INFO - Processing file /opt/airflow/dags/dag_export_data.py for tasks to queue
[2022-12-12T10:15:22.809+0000] {logging_mixin.py:120} INFO - [2022-12-12T10:15:22.809+0000] {dagbag.py:537} INFO - Filling up the DagBag from /opt/airflow/dags/dag_export_data.py
[2022-12-12T10:15:23.465+0000] {processor.py:766} INFO - DAG(s) dict_keys(['dag_export_revenue']) retrieved from /opt/airflow/dags/dag_export_data.py
[2022-12-12T10:15:23.670+0000] {logging_mixin.py:120} INFO - [2022-12-12T10:15:23.669+0000] {dag.py:2585} INFO - Sync 1 DAGs
[2022-12-12T10:15:23.711+0000] {logging_mixin.py:120} INFO - [2022-12-12T10:15:23.711+0000] {dag.py:3340} INFO - Setting next_dagrun for dag_export_revenue to 2022-12-12T02:00:00+00:00, run_after=2022-12-13T02:00:00+00:00
[2022-12-12T10:15:23.746+0000] {processor.py:176} INFO - Processing /opt/airflow/dags/dag_export_data.py took 0.946 seconds
[2022-12-12T10:15:54.129+0000] {processor.py:154} INFO - Started process (PID=311) to work on /opt/airflow/dags/dag_export_data.py
[2022-12-12T10:15:54.131+0000] {processor.py:756} INFO - Processing file /opt/airflow/dags/dag_export_data.py for tasks to queue
[2022-12-12T10:15:54.132+0000] {logging_mixin.py:120} INFO - [2022-12-12T10:15:54.132+0000] {dagbag.py:537} INFO - Filling up the DagBag from /opt/airflow/dags/dag_export_data.py
[2022-12-12T10:15:54.734+0000] {processor.py:766} INFO - DAG(s) dict_keys(['dag_export_revenue']) retrieved from /opt/airflow/dags/dag_export_data.py
[2022-12-12T10:15:54.807+0000] {logging_mixin.py:120} INFO - [2022-12-12T10:15:54.806+0000] {dag.py:2585} INFO - Sync 1 DAGs
[2022-12-12T10:15:55.004+0000] {logging_mixin.py:120} INFO - [2022-12-12T10:15:55.004+0000] {dag.py:3340} INFO - Setting next_dagrun for dag_export_revenue to 2022-12-12T02:00:00+00:00, run_after=2022-12-13T02:00:00+00:00
[2022-12-12T10:15:55.044+0000] {processor.py:176} INFO - Processing /opt/airflow/dags/dag_export_data.py took 0.919 seconds
[2022-12-12T10:16:25.404+0000] {processor.py:154} INFO - Started process (PID=340) to work on /opt/airflow/dags/dag_export_data.py
[2022-12-12T10:16:25.405+0000] {processor.py:756} INFO - Processing file /opt/airflow/dags/dag_export_data.py for tasks to queue
[2022-12-12T10:16:25.407+0000] {logging_mixin.py:120} INFO - [2022-12-12T10:16:25.406+0000] {dagbag.py:537} INFO - Filling up the DagBag from /opt/airflow/dags/dag_export_data.py
[2022-12-12T10:16:25.938+0000] {processor.py:766} INFO - DAG(s) dict_keys(['dag_export_revenue']) retrieved from /opt/airflow/dags/dag_export_data.py
[2022-12-12T10:16:26.003+0000] {logging_mixin.py:120} INFO - [2022-12-12T10:16:26.003+0000] {dag.py:2585} INFO - Sync 1 DAGs
[2022-12-12T10:16:26.231+0000] {logging_mixin.py:120} INFO - [2022-12-12T10:16:26.231+0000] {dag.py:3340} INFO - Setting next_dagrun for dag_export_revenue to 2022-12-12T02:00:00+00:00, run_after=2022-12-13T02:00:00+00:00
[2022-12-12T10:16:26.259+0000] {processor.py:176} INFO - Processing /opt/airflow/dags/dag_export_data.py took 0.859 seconds
[2022-12-12T10:16:56.604+0000] {processor.py:154} INFO - Started process (PID=360) to work on /opt/airflow/dags/dag_export_data.py
[2022-12-12T10:16:56.605+0000] {processor.py:756} INFO - Processing file /opt/airflow/dags/dag_export_data.py for tasks to queue
[2022-12-12T10:16:56.606+0000] {logging_mixin.py:120} INFO - [2022-12-12T10:16:56.606+0000] {dagbag.py:537} INFO - Filling up the DagBag from /opt/airflow/dags/dag_export_data.py
[2022-12-12T10:16:57.208+0000] {processor.py:766} INFO - DAG(s) dict_keys(['dag_export_revenue']) retrieved from /opt/airflow/dags/dag_export_data.py
[2022-12-12T10:16:57.266+0000] {logging_mixin.py:120} INFO - [2022-12-12T10:16:57.265+0000] {dag.py:2585} INFO - Sync 1 DAGs
[2022-12-12T10:16:57.482+0000] {logging_mixin.py:120} INFO - [2022-12-12T10:16:57.482+0000] {dag.py:3340} INFO - Setting next_dagrun for dag_export_revenue to 2022-12-12T02:00:00+00:00, run_after=2022-12-13T02:00:00+00:00
[2022-12-12T10:16:57.513+0000] {processor.py:176} INFO - Processing /opt/airflow/dags/dag_export_data.py took 0.914 seconds
[2022-12-12T10:17:27.874+0000] {processor.py:154} INFO - Started process (PID=390) to work on /opt/airflow/dags/dag_export_data.py
[2022-12-12T10:17:27.876+0000] {processor.py:756} INFO - Processing file /opt/airflow/dags/dag_export_data.py for tasks to queue
[2022-12-12T10:17:27.877+0000] {logging_mixin.py:120} INFO - [2022-12-12T10:17:27.877+0000] {dagbag.py:537} INFO - Filling up the DagBag from /opt/airflow/dags/dag_export_data.py
[2022-12-12T10:17:28.486+0000] {processor.py:766} INFO - DAG(s) dict_keys(['dag_export_revenue']) retrieved from /opt/airflow/dags/dag_export_data.py
[2022-12-12T10:17:28.751+0000] {logging_mixin.py:120} INFO - [2022-12-12T10:17:28.750+0000] {dag.py:2585} INFO - Sync 1 DAGs
[2022-12-12T10:17:28.788+0000] {logging_mixin.py:120} INFO - [2022-12-12T10:17:28.788+0000] {dag.py:3340} INFO - Setting next_dagrun for dag_export_revenue to 2022-12-12T02:00:00+00:00, run_after=2022-12-13T02:00:00+00:00
[2022-12-12T10:17:28.822+0000] {processor.py:176} INFO - Processing /opt/airflow/dags/dag_export_data.py took 0.953 seconds
[2022-12-12T10:17:59.152+0000] {processor.py:154} INFO - Started process (PID=422) to work on /opt/airflow/dags/dag_export_data.py
[2022-12-12T10:17:59.154+0000] {processor.py:756} INFO - Processing file /opt/airflow/dags/dag_export_data.py for tasks to queue
[2022-12-12T10:17:59.155+0000] {logging_mixin.py:120} INFO - [2022-12-12T10:17:59.155+0000] {dagbag.py:537} INFO - Filling up the DagBag from /opt/airflow/dags/dag_export_data.py
[2022-12-12T10:17:59.675+0000] {processor.py:766} INFO - DAG(s) dict_keys(['dag_export_revenue']) retrieved from /opt/airflow/dags/dag_export_data.py
[2022-12-12T10:17:59.896+0000] {logging_mixin.py:120} INFO - [2022-12-12T10:17:59.895+0000] {dag.py:2585} INFO - Sync 1 DAGs
[2022-12-12T10:17:59.949+0000] {logging_mixin.py:120} INFO - [2022-12-12T10:17:59.949+0000] {dag.py:3340} INFO - Setting next_dagrun for dag_export_revenue to 2022-12-12T02:00:00+00:00, run_after=2022-12-13T02:00:00+00:00
[2022-12-12T10:17:59.976+0000] {processor.py:176} INFO - Processing /opt/airflow/dags/dag_export_data.py took 0.828 seconds
[2022-12-12T10:18:30.323+0000] {processor.py:154} INFO - Started process (PID=444) to work on /opt/airflow/dags/dag_export_data.py
[2022-12-12T10:18:30.326+0000] {processor.py:756} INFO - Processing file /opt/airflow/dags/dag_export_data.py for tasks to queue
[2022-12-12T10:18:30.327+0000] {logging_mixin.py:120} INFO - [2022-12-12T10:18:30.327+0000] {dagbag.py:537} INFO - Filling up the DagBag from /opt/airflow/dags/dag_export_data.py
[2022-12-12T10:18:30.854+0000] {processor.py:766} INFO - DAG(s) dict_keys(['dag_export_revenue']) retrieved from /opt/airflow/dags/dag_export_data.py
[2022-12-12T10:18:31.049+0000] {logging_mixin.py:120} INFO - [2022-12-12T10:18:31.049+0000] {dag.py:2585} INFO - Sync 1 DAGs
[2022-12-12T10:18:31.083+0000] {logging_mixin.py:120} INFO - [2022-12-12T10:18:31.083+0000] {dag.py:3340} INFO - Setting next_dagrun for dag_export_revenue to 2022-12-12T02:00:00+00:00, run_after=2022-12-13T02:00:00+00:00
[2022-12-12T10:18:31.111+0000] {processor.py:176} INFO - Processing /opt/airflow/dags/dag_export_data.py took 0.793 seconds
[2022-12-12T10:19:01.441+0000] {processor.py:154} INFO - Started process (PID=473) to work on /opt/airflow/dags/dag_export_data.py
[2022-12-12T10:19:01.443+0000] {processor.py:756} INFO - Processing file /opt/airflow/dags/dag_export_data.py for tasks to queue
[2022-12-12T10:19:01.444+0000] {logging_mixin.py:120} INFO - [2022-12-12T10:19:01.444+0000] {dagbag.py:537} INFO - Filling up the DagBag from /opt/airflow/dags/dag_export_data.py
[2022-12-12T10:19:02.004+0000] {processor.py:766} INFO - DAG(s) dict_keys(['dag_export_revenue']) retrieved from /opt/airflow/dags/dag_export_data.py
[2022-12-12T10:19:02.218+0000] {logging_mixin.py:120} INFO - [2022-12-12T10:19:02.218+0000] {dag.py:2585} INFO - Sync 1 DAGs
[2022-12-12T10:19:02.252+0000] {logging_mixin.py:120} INFO - [2022-12-12T10:19:02.252+0000] {dag.py:3340} INFO - Setting next_dagrun for dag_export_revenue to 2022-12-12T02:00:00+00:00, run_after=2022-12-13T02:00:00+00:00
[2022-12-12T10:19:02.281+0000] {processor.py:176} INFO - Processing /opt/airflow/dags/dag_export_data.py took 0.846 seconds
[2022-12-12T10:19:32.644+0000] {processor.py:154} INFO - Started process (PID=493) to work on /opt/airflow/dags/dag_export_data.py
[2022-12-12T10:19:32.652+0000] {processor.py:756} INFO - Processing file /opt/airflow/dags/dag_export_data.py for tasks to queue
[2022-12-12T10:19:32.655+0000] {logging_mixin.py:120} INFO - [2022-12-12T10:19:32.654+0000] {dagbag.py:537} INFO - Filling up the DagBag from /opt/airflow/dags/dag_export_data.py
[2022-12-12T10:19:33.343+0000] {processor.py:766} INFO - DAG(s) dict_keys(['dag_export_revenue']) retrieved from /opt/airflow/dags/dag_export_data.py
[2022-12-12T10:19:33.415+0000] {logging_mixin.py:120} INFO - [2022-12-12T10:19:33.414+0000] {dag.py:2585} INFO - Sync 1 DAGs
[2022-12-12T10:19:33.670+0000] {logging_mixin.py:120} INFO - [2022-12-12T10:19:33.670+0000] {dag.py:3340} INFO - Setting next_dagrun for dag_export_revenue to 2022-12-12T02:00:00+00:00, run_after=2022-12-13T02:00:00+00:00
[2022-12-12T10:19:33.699+0000] {processor.py:176} INFO - Processing /opt/airflow/dags/dag_export_data.py took 1.065 seconds
[2022-12-12T10:20:03.960+0000] {processor.py:154} INFO - Started process (PID=523) to work on /opt/airflow/dags/dag_export_data.py
[2022-12-12T10:20:03.962+0000] {processor.py:756} INFO - Processing file /opt/airflow/dags/dag_export_data.py for tasks to queue
[2022-12-12T10:20:03.963+0000] {logging_mixin.py:120} INFO - [2022-12-12T10:20:03.963+0000] {dagbag.py:537} INFO - Filling up the DagBag from /opt/airflow/dags/dag_export_data.py
[2022-12-12T10:20:04.594+0000] {processor.py:766} INFO - DAG(s) dict_keys(['dag_export_revenue']) retrieved from /opt/airflow/dags/dag_export_data.py
[2022-12-12T10:20:04.647+0000] {logging_mixin.py:120} INFO - [2022-12-12T10:20:04.645+0000] {dag.py:2585} INFO - Sync 1 DAGs
[2022-12-12T10:20:04.913+0000] {logging_mixin.py:120} INFO - [2022-12-12T10:20:04.913+0000] {dag.py:3340} INFO - Setting next_dagrun for dag_export_revenue to 2022-12-12T02:00:00+00:00, run_after=2022-12-13T02:00:00+00:00
[2022-12-12T10:20:04.944+0000] {processor.py:176} INFO - Processing /opt/airflow/dags/dag_export_data.py took 0.993 seconds
[2022-12-12T10:20:35.255+0000] {processor.py:154} INFO - Started process (PID=544) to work on /opt/airflow/dags/dag_export_data.py
[2022-12-12T10:20:35.257+0000] {processor.py:756} INFO - Processing file /opt/airflow/dags/dag_export_data.py for tasks to queue
[2022-12-12T10:20:35.258+0000] {logging_mixin.py:120} INFO - [2022-12-12T10:20:35.258+0000] {dagbag.py:537} INFO - Filling up the DagBag from /opt/airflow/dags/dag_export_data.py
[2022-12-12T10:20:35.769+0000] {processor.py:766} INFO - DAG(s) dict_keys(['dag_export_revenue']) retrieved from /opt/airflow/dags/dag_export_data.py
[2022-12-12T10:20:35.830+0000] {logging_mixin.py:120} INFO - [2022-12-12T10:20:35.829+0000] {dag.py:2585} INFO - Sync 1 DAGs
[2022-12-12T10:20:36.011+0000] {logging_mixin.py:120} INFO - [2022-12-12T10:20:36.011+0000] {dag.py:3340} INFO - Setting next_dagrun for dag_export_revenue to 2022-12-12T02:00:00+00:00, run_after=2022-12-13T02:00:00+00:00
[2022-12-12T10:20:36.039+0000] {processor.py:176} INFO - Processing /opt/airflow/dags/dag_export_data.py took 0.788 seconds
[2022-12-12T10:21:06.384+0000] {processor.py:154} INFO - Started process (PID=574) to work on /opt/airflow/dags/dag_export_data.py
[2022-12-12T10:21:06.387+0000] {processor.py:756} INFO - Processing file /opt/airflow/dags/dag_export_data.py for tasks to queue
[2022-12-12T10:21:06.390+0000] {logging_mixin.py:120} INFO - [2022-12-12T10:21:06.390+0000] {dagbag.py:537} INFO - Filling up the DagBag from /opt/airflow/dags/dag_export_data.py
[2022-12-12T10:21:07.091+0000] {processor.py:766} INFO - DAG(s) dict_keys(['dag_export_revenue']) retrieved from /opt/airflow/dags/dag_export_data.py
[2022-12-12T10:21:07.312+0000] {logging_mixin.py:120} INFO - [2022-12-12T10:21:07.311+0000] {dag.py:2585} INFO - Sync 1 DAGs
[2022-12-12T10:21:07.357+0000] {logging_mixin.py:120} INFO - [2022-12-12T10:21:07.356+0000] {dag.py:3340} INFO - Setting next_dagrun for dag_export_revenue to 2022-12-12T02:00:00+00:00, run_after=2022-12-13T02:00:00+00:00
[2022-12-12T10:21:07.388+0000] {processor.py:176} INFO - Processing /opt/airflow/dags/dag_export_data.py took 1.014 seconds
[2022-12-12T10:21:37.646+0000] {processor.py:154} INFO - Started process (PID=594) to work on /opt/airflow/dags/dag_export_data.py
[2022-12-12T10:21:37.648+0000] {processor.py:756} INFO - Processing file /opt/airflow/dags/dag_export_data.py for tasks to queue
[2022-12-12T10:21:37.650+0000] {logging_mixin.py:120} INFO - [2022-12-12T10:21:37.649+0000] {dagbag.py:537} INFO - Filling up the DagBag from /opt/airflow/dags/dag_export_data.py
[2022-12-12T10:21:38.613+0000] {processor.py:766} INFO - DAG(s) dict_keys(['dag_export_revenue']) retrieved from /opt/airflow/dags/dag_export_data.py
[2022-12-12T10:21:39.016+0000] {logging_mixin.py:120} INFO - [2022-12-12T10:21:39.015+0000] {dag.py:2585} INFO - Sync 1 DAGs
[2022-12-12T10:21:39.117+0000] {logging_mixin.py:120} INFO - [2022-12-12T10:21:39.117+0000] {dag.py:3340} INFO - Setting next_dagrun for dag_export_revenue to 2022-12-12T02:00:00+00:00, run_after=2022-12-13T02:00:00+00:00
[2022-12-12T10:21:39.176+0000] {processor.py:176} INFO - Processing /opt/airflow/dags/dag_export_data.py took 1.535 seconds
[2022-12-12T10:22:09.554+0000] {processor.py:154} INFO - Started process (PID=624) to work on /opt/airflow/dags/dag_export_data.py
[2022-12-12T10:22:09.555+0000] {processor.py:756} INFO - Processing file /opt/airflow/dags/dag_export_data.py for tasks to queue
[2022-12-12T10:22:09.557+0000] {logging_mixin.py:120} INFO - [2022-12-12T10:22:09.557+0000] {dagbag.py:537} INFO - Filling up the DagBag from /opt/airflow/dags/dag_export_data.py
[2022-12-12T10:22:10.369+0000] {processor.py:766} INFO - DAG(s) dict_keys(['dag_export_revenue']) retrieved from /opt/airflow/dags/dag_export_data.py
[2022-12-12T10:22:10.874+0000] {logging_mixin.py:120} INFO - [2022-12-12T10:22:10.873+0000] {dag.py:2585} INFO - Sync 1 DAGs
[2022-12-12T10:22:10.945+0000] {logging_mixin.py:120} INFO - [2022-12-12T10:22:10.945+0000] {dag.py:3340} INFO - Setting next_dagrun for dag_export_revenue to 2022-12-12T02:00:00+00:00, run_after=2022-12-13T02:00:00+00:00
[2022-12-12T10:22:10.988+0000] {processor.py:176} INFO - Processing /opt/airflow/dags/dag_export_data.py took 1.440 seconds
[2022-12-12T10:22:41.464+0000] {processor.py:154} INFO - Started process (PID=644) to work on /opt/airflow/dags/dag_export_data.py
[2022-12-12T10:22:41.494+0000] {processor.py:756} INFO - Processing file /opt/airflow/dags/dag_export_data.py for tasks to queue
[2022-12-12T10:22:41.499+0000] {logging_mixin.py:120} INFO - [2022-12-12T10:22:41.499+0000] {dagbag.py:537} INFO - Filling up the DagBag from /opt/airflow/dags/dag_export_data.py
[2022-12-12T10:22:44.228+0000] {processor.py:766} INFO - DAG(s) dict_keys(['dag_export_revenue']) retrieved from /opt/airflow/dags/dag_export_data.py
[2022-12-12T10:22:44.292+0000] {logging_mixin.py:120} INFO - [2022-12-12T10:22:44.291+0000] {dag.py:2585} INFO - Sync 1 DAGs
[2022-12-12T10:22:44.342+0000] {logging_mixin.py:120} INFO - [2022-12-12T10:22:44.341+0000] {dag.py:3340} INFO - Setting next_dagrun for dag_export_revenue to 2022-12-12T02:00:00+00:00, run_after=2022-12-13T02:00:00+00:00
[2022-12-12T10:22:44.379+0000] {processor.py:176} INFO - Processing /opt/airflow/dags/dag_export_data.py took 2.930 seconds
[2022-12-12T10:23:14.676+0000] {processor.py:154} INFO - Started process (PID=673) to work on /opt/airflow/dags/dag_export_data.py
[2022-12-12T10:23:14.678+0000] {processor.py:756} INFO - Processing file /opt/airflow/dags/dag_export_data.py for tasks to queue
[2022-12-12T10:23:14.679+0000] {logging_mixin.py:120} INFO - [2022-12-12T10:23:14.679+0000] {dagbag.py:537} INFO - Filling up the DagBag from /opt/airflow/dags/dag_export_data.py
[2022-12-12T10:23:15.192+0000] {processor.py:766} INFO - DAG(s) dict_keys(['dag_export_revenue']) retrieved from /opt/airflow/dags/dag_export_data.py
[2022-12-12T10:23:15.244+0000] {logging_mixin.py:120} INFO - [2022-12-12T10:23:15.243+0000] {dag.py:2585} INFO - Sync 1 DAGs
[2022-12-12T10:23:15.443+0000] {logging_mixin.py:120} INFO - [2022-12-12T10:23:15.443+0000] {dag.py:3340} INFO - Setting next_dagrun for dag_export_revenue to 2022-12-12T02:00:00+00:00, run_after=2022-12-13T02:00:00+00:00
[2022-12-12T10:23:15.471+0000] {processor.py:176} INFO - Processing /opt/airflow/dags/dag_export_data.py took 0.799 seconds
[2022-12-12T10:23:45.635+0000] {processor.py:154} INFO - Started process (PID=693) to work on /opt/airflow/dags/dag_export_data.py
[2022-12-12T10:23:45.636+0000] {processor.py:756} INFO - Processing file /opt/airflow/dags/dag_export_data.py for tasks to queue
[2022-12-12T10:23:45.638+0000] {logging_mixin.py:120} INFO - [2022-12-12T10:23:45.637+0000] {dagbag.py:537} INFO - Filling up the DagBag from /opt/airflow/dags/dag_export_data.py
[2022-12-12T10:23:46.451+0000] {processor.py:766} INFO - DAG(s) dict_keys(['dag_export_revenue']) retrieved from /opt/airflow/dags/dag_export_data.py
[2022-12-12T10:23:46.587+0000] {logging_mixin.py:120} INFO - [2022-12-12T10:23:46.581+0000] {dag.py:2585} INFO - Sync 1 DAGs
[2022-12-12T10:23:46.911+0000] {logging_mixin.py:120} INFO - [2022-12-12T10:23:46.910+0000] {dag.py:3340} INFO - Setting next_dagrun for dag_export_revenue to 2022-12-12T02:00:00+00:00, run_after=2022-12-13T02:00:00+00:00
[2022-12-12T10:23:46.944+0000] {processor.py:176} INFO - Processing /opt/airflow/dags/dag_export_data.py took 1.314 seconds
[2022-12-12T10:24:17.006+0000] {processor.py:154} INFO - Started process (PID=722) to work on /opt/airflow/dags/dag_export_data.py
[2022-12-12T10:24:17.007+0000] {processor.py:756} INFO - Processing file /opt/airflow/dags/dag_export_data.py for tasks to queue
[2022-12-12T10:24:17.009+0000] {logging_mixin.py:120} INFO - [2022-12-12T10:24:17.008+0000] {dagbag.py:537} INFO - Filling up the DagBag from /opt/airflow/dags/dag_export_data.py
[2022-12-12T10:24:17.501+0000] {processor.py:766} INFO - DAG(s) dict_keys(['dag_export_revenue']) retrieved from /opt/airflow/dags/dag_export_data.py
[2022-12-12T10:24:17.775+0000] {logging_mixin.py:120} INFO - [2022-12-12T10:24:17.774+0000] {dag.py:2585} INFO - Sync 1 DAGs
[2022-12-12T10:24:17.821+0000] {logging_mixin.py:120} INFO - [2022-12-12T10:24:17.821+0000] {dag.py:3340} INFO - Setting next_dagrun for dag_export_revenue to 2022-12-12T02:00:00+00:00, run_after=2022-12-13T02:00:00+00:00
[2022-12-12T10:24:17.848+0000] {processor.py:176} INFO - Processing /opt/airflow/dags/dag_export_data.py took 0.847 seconds
[2022-12-12T10:24:48.140+0000] {processor.py:154} INFO - Started process (PID=743) to work on /opt/airflow/dags/dag_export_data.py
[2022-12-12T10:24:48.143+0000] {processor.py:756} INFO - Processing file /opt/airflow/dags/dag_export_data.py for tasks to queue
[2022-12-12T10:24:48.152+0000] {logging_mixin.py:120} INFO - [2022-12-12T10:24:48.151+0000] {dagbag.py:537} INFO - Filling up the DagBag from /opt/airflow/dags/dag_export_data.py
[2022-12-12T10:24:48.762+0000] {processor.py:766} INFO - DAG(s) dict_keys(['dag_export_revenue']) retrieved from /opt/airflow/dags/dag_export_data.py
[2022-12-12T10:24:49.069+0000] {logging_mixin.py:120} INFO - [2022-12-12T10:24:49.069+0000] {dag.py:2585} INFO - Sync 1 DAGs
[2022-12-12T10:24:49.136+0000] {logging_mixin.py:120} INFO - [2022-12-12T10:24:49.136+0000] {dag.py:3340} INFO - Setting next_dagrun for dag_export_revenue to 2022-12-12T02:00:00+00:00, run_after=2022-12-13T02:00:00+00:00
[2022-12-12T10:24:49.231+0000] {processor.py:176} INFO - Processing /opt/airflow/dags/dag_export_data.py took 1.098 seconds
[2022-12-12T10:25:19.427+0000] {processor.py:154} INFO - Started process (PID=773) to work on /opt/airflow/dags/dag_export_data.py
[2022-12-12T10:25:19.428+0000] {processor.py:756} INFO - Processing file /opt/airflow/dags/dag_export_data.py for tasks to queue
[2022-12-12T10:25:19.431+0000] {logging_mixin.py:120} INFO - [2022-12-12T10:25:19.430+0000] {dagbag.py:537} INFO - Filling up the DagBag from /opt/airflow/dags/dag_export_data.py
[2022-12-12T10:25:19.936+0000] {processor.py:766} INFO - DAG(s) dict_keys(['dag_export_revenue']) retrieved from /opt/airflow/dags/dag_export_data.py
[2022-12-12T10:25:20.166+0000] {logging_mixin.py:120} INFO - [2022-12-12T10:25:20.165+0000] {dag.py:2585} INFO - Sync 1 DAGs
[2022-12-12T10:25:20.198+0000] {logging_mixin.py:120} INFO - [2022-12-12T10:25:20.198+0000] {dag.py:3340} INFO - Setting next_dagrun for dag_export_revenue to 2022-12-12T02:00:00+00:00, run_after=2022-12-13T02:00:00+00:00
[2022-12-12T10:25:20.225+0000] {processor.py:176} INFO - Processing /opt/airflow/dags/dag_export_data.py took 0.802 seconds
[2022-12-12T10:25:50.719+0000] {processor.py:154} INFO - Started process (PID=792) to work on /opt/airflow/dags/dag_export_data.py
[2022-12-12T10:25:50.721+0000] {processor.py:756} INFO - Processing file /opt/airflow/dags/dag_export_data.py for tasks to queue
[2022-12-12T10:25:50.722+0000] {logging_mixin.py:120} INFO - [2022-12-12T10:25:50.722+0000] {dagbag.py:537} INFO - Filling up the DagBag from /opt/airflow/dags/dag_export_data.py
[2022-12-12T10:25:51.517+0000] {processor.py:766} INFO - DAG(s) dict_keys(['dag_export_revenue']) retrieved from /opt/airflow/dags/dag_export_data.py
[2022-12-12T10:25:51.784+0000] {logging_mixin.py:120} INFO - [2022-12-12T10:25:51.783+0000] {dag.py:2585} INFO - Sync 1 DAGs
[2022-12-12T10:25:51.832+0000] {logging_mixin.py:120} INFO - [2022-12-12T10:25:51.832+0000] {dag.py:3340} INFO - Setting next_dagrun for dag_export_revenue to 2022-12-12T02:00:00+00:00, run_after=2022-12-13T02:00:00+00:00
[2022-12-12T10:25:51.866+0000] {processor.py:176} INFO - Processing /opt/airflow/dags/dag_export_data.py took 1.153 seconds
[2022-12-12T10:26:22.547+0000] {processor.py:154} INFO - Started process (PID=821) to work on /opt/airflow/dags/dag_export_data.py
[2022-12-12T10:26:22.549+0000] {processor.py:756} INFO - Processing file /opt/airflow/dags/dag_export_data.py for tasks to queue
[2022-12-12T10:26:22.551+0000] {logging_mixin.py:120} INFO - [2022-12-12T10:26:22.551+0000] {dagbag.py:537} INFO - Filling up the DagBag from /opt/airflow/dags/dag_export_data.py
[2022-12-12T10:26:23.850+0000] {processor.py:766} INFO - DAG(s) dict_keys(['dag_export_revenue']) retrieved from /opt/airflow/dags/dag_export_data.py
[2022-12-12T10:26:23.937+0000] {logging_mixin.py:120} INFO - [2022-12-12T10:26:23.936+0000] {dag.py:2585} INFO - Sync 1 DAGs
[2022-12-12T10:26:24.258+0000] {logging_mixin.py:120} INFO - [2022-12-12T10:26:24.257+0000] {dag.py:3340} INFO - Setting next_dagrun for dag_export_revenue to 2022-12-12T02:00:00+00:00, run_after=2022-12-13T02:00:00+00:00
[2022-12-12T10:26:24.301+0000] {processor.py:176} INFO - Processing /opt/airflow/dags/dag_export_data.py took 1.762 seconds
[2022-12-12T10:26:54.641+0000] {processor.py:154} INFO - Started process (PID=841) to work on /opt/airflow/dags/dag_export_data.py
[2022-12-12T10:26:54.642+0000] {processor.py:756} INFO - Processing file /opt/airflow/dags/dag_export_data.py for tasks to queue
[2022-12-12T10:26:54.644+0000] {logging_mixin.py:120} INFO - [2022-12-12T10:26:54.644+0000] {dagbag.py:537} INFO - Filling up the DagBag from /opt/airflow/dags/dag_export_data.py
[2022-12-12T10:26:55.162+0000] {processor.py:766} INFO - DAG(s) dict_keys(['dag_export_revenue']) retrieved from /opt/airflow/dags/dag_export_data.py
[2022-12-12T10:26:55.211+0000] {logging_mixin.py:120} INFO - [2022-12-12T10:26:55.209+0000] {dag.py:2585} INFO - Sync 1 DAGs
[2022-12-12T10:26:55.391+0000] {logging_mixin.py:120} INFO - [2022-12-12T10:26:55.391+0000] {dag.py:3340} INFO - Setting next_dagrun for dag_export_revenue to 2022-12-12T02:00:00+00:00, run_after=2022-12-13T02:00:00+00:00
[2022-12-12T10:26:55.419+0000] {processor.py:176} INFO - Processing /opt/airflow/dags/dag_export_data.py took 0.782 seconds
[2022-12-12T10:27:26.069+0000] {processor.py:154} INFO - Started process (PID=870) to work on /opt/airflow/dags/dag_export_data.py
[2022-12-12T10:27:26.105+0000] {processor.py:756} INFO - Processing file /opt/airflow/dags/dag_export_data.py for tasks to queue
[2022-12-12T10:27:26.139+0000] {logging_mixin.py:120} INFO - [2022-12-12T10:27:26.139+0000] {dagbag.py:537} INFO - Filling up the DagBag from /opt/airflow/dags/dag_export_data.py
[2022-12-12T10:27:29.013+0000] {processor.py:766} INFO - DAG(s) dict_keys(['dag_export_revenue']) retrieved from /opt/airflow/dags/dag_export_data.py
[2022-12-12T10:27:29.247+0000] {logging_mixin.py:120} INFO - [2022-12-12T10:27:29.245+0000] {dag.py:2585} INFO - Sync 1 DAGs
[2022-12-12T10:27:29.879+0000] {logging_mixin.py:120} INFO - [2022-12-12T10:27:29.878+0000] {dag.py:3340} INFO - Setting next_dagrun for dag_export_revenue to 2022-12-12T02:00:00+00:00, run_after=2022-12-13T02:00:00+00:00
[2022-12-12T10:27:30.035+0000] {processor.py:176} INFO - Processing /opt/airflow/dags/dag_export_data.py took 3.988 seconds
[2022-12-12T10:28:00.382+0000] {processor.py:154} INFO - Started process (PID=890) to work on /opt/airflow/dags/dag_export_data.py
[2022-12-12T10:28:00.384+0000] {processor.py:756} INFO - Processing file /opt/airflow/dags/dag_export_data.py for tasks to queue
[2022-12-12T10:28:00.385+0000] {logging_mixin.py:120} INFO - [2022-12-12T10:28:00.385+0000] {dagbag.py:537} INFO - Filling up the DagBag from /opt/airflow/dags/dag_export_data.py
[2022-12-12T10:28:00.930+0000] {processor.py:766} INFO - DAG(s) dict_keys(['dag_export_revenue']) retrieved from /opt/airflow/dags/dag_export_data.py
[2022-12-12T10:28:01.166+0000] {logging_mixin.py:120} INFO - [2022-12-12T10:28:01.165+0000] {dag.py:2585} INFO - Sync 1 DAGs
[2022-12-12T10:28:01.199+0000] {logging_mixin.py:120} INFO - [2022-12-12T10:28:01.198+0000] {dag.py:3340} INFO - Setting next_dagrun for dag_export_revenue to 2022-12-12T02:00:00+00:00, run_after=2022-12-13T02:00:00+00:00
[2022-12-12T10:28:01.227+0000] {processor.py:176} INFO - Processing /opt/airflow/dags/dag_export_data.py took 0.848 seconds
[2022-12-12T10:28:31.670+0000] {processor.py:154} INFO - Started process (PID=920) to work on /opt/airflow/dags/dag_export_data.py
[2022-12-12T10:28:31.672+0000] {processor.py:756} INFO - Processing file /opt/airflow/dags/dag_export_data.py for tasks to queue
[2022-12-12T10:28:31.674+0000] {logging_mixin.py:120} INFO - [2022-12-12T10:28:31.674+0000] {dagbag.py:537} INFO - Filling up the DagBag from /opt/airflow/dags/dag_export_data.py
[2022-12-12T10:28:32.559+0000] {processor.py:766} INFO - DAG(s) dict_keys(['dag_export_revenue']) retrieved from /opt/airflow/dags/dag_export_data.py
[2022-12-12T10:28:32.981+0000] {logging_mixin.py:120} INFO - [2022-12-12T10:28:32.980+0000] {dag.py:2585} INFO - Sync 1 DAGs
[2022-12-12T10:28:33.024+0000] {logging_mixin.py:120} INFO - [2022-12-12T10:28:33.024+0000] {dag.py:3340} INFO - Setting next_dagrun for dag_export_revenue to 2022-12-12T02:00:00+00:00, run_after=2022-12-13T02:00:00+00:00
[2022-12-12T10:28:33.054+0000] {processor.py:176} INFO - Processing /opt/airflow/dags/dag_export_data.py took 1.389 seconds
[2022-12-12T10:29:03.334+0000] {processor.py:154} INFO - Started process (PID=941) to work on /opt/airflow/dags/dag_export_data.py
[2022-12-12T10:29:03.336+0000] {processor.py:756} INFO - Processing file /opt/airflow/dags/dag_export_data.py for tasks to queue
[2022-12-12T10:29:03.338+0000] {logging_mixin.py:120} INFO - [2022-12-12T10:29:03.337+0000] {dagbag.py:537} INFO - Filling up the DagBag from /opt/airflow/dags/dag_export_data.py
[2022-12-12T10:29:04.473+0000] {processor.py:766} INFO - DAG(s) dict_keys(['dag_export_revenue']) retrieved from /opt/airflow/dags/dag_export_data.py
[2022-12-12T10:29:04.849+0000] {logging_mixin.py:120} INFO - [2022-12-12T10:29:04.848+0000] {dag.py:2585} INFO - Sync 1 DAGs
[2022-12-12T10:29:04.901+0000] {logging_mixin.py:120} INFO - [2022-12-12T10:29:04.901+0000] {dag.py:3340} INFO - Setting next_dagrun for dag_export_revenue to 2022-12-12T02:00:00+00:00, run_after=2022-12-13T02:00:00+00:00
[2022-12-12T10:29:04.949+0000] {processor.py:176} INFO - Processing /opt/airflow/dags/dag_export_data.py took 1.621 seconds
[2022-12-12T10:29:35.935+0000] {processor.py:154} INFO - Started process (PID=961) to work on /opt/airflow/dags/dag_export_data.py
[2022-12-12T10:29:35.963+0000] {processor.py:756} INFO - Processing file /opt/airflow/dags/dag_export_data.py for tasks to queue
[2022-12-12T10:29:35.975+0000] {logging_mixin.py:120} INFO - [2022-12-12T10:29:35.975+0000] {dagbag.py:537} INFO - Filling up the DagBag from /opt/airflow/dags/dag_export_data.py
[2022-12-12T10:29:39.502+0000] {processor.py:766} INFO - DAG(s) dict_keys(['dag_export_revenue']) retrieved from /opt/airflow/dags/dag_export_data.py
[2022-12-12T10:29:39.611+0000] {logging_mixin.py:120} INFO - [2022-12-12T10:29:39.609+0000] {dag.py:2585} INFO - Sync 1 DAGs
[2022-12-12T10:29:39.696+0000] {logging_mixin.py:120} INFO - [2022-12-12T10:29:39.696+0000] {dag.py:3340} INFO - Setting next_dagrun for dag_export_revenue to 2022-12-12T02:00:00+00:00, run_after=2022-12-13T02:00:00+00:00
[2022-12-12T10:29:39.752+0000] {processor.py:176} INFO - Processing /opt/airflow/dags/dag_export_data.py took 3.853 seconds
[2022-12-12T10:30:10.450+0000] {processor.py:154} INFO - Started process (PID=983) to work on /opt/airflow/dags/dag_export_data.py
[2022-12-12T10:30:10.452+0000] {processor.py:756} INFO - Processing file /opt/airflow/dags/dag_export_data.py for tasks to queue
[2022-12-12T10:30:10.453+0000] {logging_mixin.py:120} INFO - [2022-12-12T10:30:10.453+0000] {dagbag.py:537} INFO - Filling up the DagBag from /opt/airflow/dags/dag_export_data.py
[2022-12-12T10:30:11.461+0000] {processor.py:766} INFO - DAG(s) dict_keys(['dag_export_revenue']) retrieved from /opt/airflow/dags/dag_export_data.py
[2022-12-12T10:30:11.633+0000] {logging_mixin.py:120} INFO - [2022-12-12T10:30:11.631+0000] {dag.py:2585} INFO - Sync 1 DAGs
[2022-12-12T10:30:12.266+0000] {logging_mixin.py:120} INFO - [2022-12-12T10:30:12.266+0000] {dag.py:3340} INFO - Setting next_dagrun for dag_export_revenue to 2022-12-12T02:00:00+00:00, run_after=2022-12-13T02:00:00+00:00
[2022-12-12T10:30:12.374+0000] {processor.py:176} INFO - Processing /opt/airflow/dags/dag_export_data.py took 1.936 seconds
[2022-12-12T10:30:42.820+0000] {processor.py:154} INFO - Started process (PID=1003) to work on /opt/airflow/dags/dag_export_data.py
[2022-12-12T10:30:42.823+0000] {processor.py:756} INFO - Processing file /opt/airflow/dags/dag_export_data.py for tasks to queue
[2022-12-12T10:30:42.825+0000] {logging_mixin.py:120} INFO - [2022-12-12T10:30:42.825+0000] {dagbag.py:537} INFO - Filling up the DagBag from /opt/airflow/dags/dag_export_data.py
[2022-12-12T10:30:45.778+0000] {processor.py:766} INFO - DAG(s) dict_keys(['dag_export_revenue']) retrieved from /opt/airflow/dags/dag_export_data.py
[2022-12-12T10:30:45.861+0000] {logging_mixin.py:120} INFO - [2022-12-12T10:30:45.860+0000] {dag.py:2585} INFO - Sync 1 DAGs
[2022-12-12T10:30:46.179+0000] {logging_mixin.py:120} INFO - [2022-12-12T10:30:46.179+0000] {dag.py:3340} INFO - Setting next_dagrun for dag_export_revenue to 2022-12-12T02:00:00+00:00, run_after=2022-12-13T02:00:00+00:00
[2022-12-12T10:30:46.253+0000] {processor.py:176} INFO - Processing /opt/airflow/dags/dag_export_data.py took 3.440 seconds
[2022-12-12T10:31:16.540+0000] {processor.py:154} INFO - Started process (PID=1024) to work on /opt/airflow/dags/dag_export_data.py
[2022-12-12T10:31:16.546+0000] {processor.py:756} INFO - Processing file /opt/airflow/dags/dag_export_data.py for tasks to queue
[2022-12-12T10:31:16.548+0000] {logging_mixin.py:120} INFO - [2022-12-12T10:31:16.548+0000] {dagbag.py:537} INFO - Filling up the DagBag from /opt/airflow/dags/dag_export_data.py
[2022-12-12T10:31:18.633+0000] {processor.py:766} INFO - DAG(s) dict_keys(['dag_export_revenue']) retrieved from /opt/airflow/dags/dag_export_data.py
[2022-12-12T10:31:19.234+0000] {logging_mixin.py:120} INFO - [2022-12-12T10:31:19.224+0000] {dag.py:2585} INFO - Sync 1 DAGs
[2022-12-12T10:31:19.454+0000] {logging_mixin.py:120} INFO - [2022-12-12T10:31:19.454+0000] {dag.py:3340} INFO - Setting next_dagrun for dag_export_revenue to 2022-12-12T02:00:00+00:00, run_after=2022-12-13T02:00:00+00:00
[2022-12-12T10:31:19.538+0000] {processor.py:176} INFO - Processing /opt/airflow/dags/dag_export_data.py took 3.012 seconds
[2022-12-12T10:31:28.609+0000] {processor.py:154} INFO - Started process (PID=1035) to work on /opt/airflow/dags/dag_export_data.py
[2022-12-12T10:31:28.610+0000] {processor.py:756} INFO - Processing file /opt/airflow/dags/dag_export_data.py for tasks to queue
[2022-12-12T10:31:28.612+0000] {logging_mixin.py:120} INFO - [2022-12-12T10:31:28.611+0000] {dagbag.py:537} INFO - Filling up the DagBag from /opt/airflow/dags/dag_export_data.py
[2022-12-12T10:31:29.261+0000] {processor.py:766} INFO - DAG(s) dict_keys(['dag_export_revenue']) retrieved from /opt/airflow/dags/dag_export_data.py
[2022-12-12T10:31:29.455+0000] {logging_mixin.py:120} INFO - [2022-12-12T10:31:29.455+0000] {dag.py:2585} INFO - Sync 1 DAGs
[2022-12-12T10:31:29.489+0000] {logging_mixin.py:120} INFO - [2022-12-12T10:31:29.489+0000] {dag.py:3340} INFO - Setting next_dagrun for dag_export_revenue to 2022-12-12T02:00:00+00:00, run_after=2022-12-13T02:00:00+00:00
[2022-12-12T10:31:29.524+0000] {processor.py:176} INFO - Processing /opt/airflow/dags/dag_export_data.py took 0.920 seconds
[2022-12-12T10:31:59.862+0000] {processor.py:154} INFO - Started process (PID=1066) to work on /opt/airflow/dags/dag_export_data.py
[2022-12-12T10:31:59.864+0000] {processor.py:756} INFO - Processing file /opt/airflow/dags/dag_export_data.py for tasks to queue
[2022-12-12T10:31:59.866+0000] {logging_mixin.py:120} INFO - [2022-12-12T10:31:59.865+0000] {dagbag.py:537} INFO - Filling up the DagBag from /opt/airflow/dags/dag_export_data.py
[2022-12-12T10:32:00.592+0000] {processor.py:766} INFO - DAG(s) dict_keys(['dag_export_revenue']) retrieved from /opt/airflow/dags/dag_export_data.py
[2022-12-12T10:32:00.826+0000] {logging_mixin.py:120} INFO - [2022-12-12T10:32:00.825+0000] {dag.py:2585} INFO - Sync 1 DAGs
[2022-12-12T10:32:00.872+0000] {logging_mixin.py:120} INFO - [2022-12-12T10:32:00.872+0000] {dag.py:3340} INFO - Setting next_dagrun for dag_export_revenue to 2022-12-12T02:00:00+00:00, run_after=2022-12-13T02:00:00+00:00
[2022-12-12T10:32:00.909+0000] {processor.py:176} INFO - Processing /opt/airflow/dags/dag_export_data.py took 1.056 seconds
[2022-12-12T10:32:31.141+0000] {processor.py:154} INFO - Started process (PID=1086) to work on /opt/airflow/dags/dag_export_data.py
[2022-12-12T10:32:31.142+0000] {processor.py:756} INFO - Processing file /opt/airflow/dags/dag_export_data.py for tasks to queue
[2022-12-12T10:32:31.143+0000] {logging_mixin.py:120} INFO - [2022-12-12T10:32:31.143+0000] {dagbag.py:537} INFO - Filling up the DagBag from /opt/airflow/dags/dag_export_data.py
[2022-12-12T10:32:31.771+0000] {processor.py:766} INFO - DAG(s) dict_keys(['dag_export_revenue']) retrieved from /opt/airflow/dags/dag_export_data.py
[2022-12-12T10:32:31.973+0000] {logging_mixin.py:120} INFO - [2022-12-12T10:32:31.972+0000] {dag.py:2585} INFO - Sync 1 DAGs
[2022-12-12T10:32:32.011+0000] {logging_mixin.py:120} INFO - [2022-12-12T10:32:32.010+0000] {dag.py:3340} INFO - Setting next_dagrun for dag_export_revenue to 2022-12-12T02:00:00+00:00, run_after=2022-12-13T02:00:00+00:00
[2022-12-12T10:32:32.047+0000] {processor.py:176} INFO - Processing /opt/airflow/dags/dag_export_data.py took 0.911 seconds
[2022-12-12T10:33:02.387+0000] {processor.py:154} INFO - Started process (PID=1115) to work on /opt/airflow/dags/dag_export_data.py
[2022-12-12T10:33:02.388+0000] {processor.py:756} INFO - Processing file /opt/airflow/dags/dag_export_data.py for tasks to queue
[2022-12-12T10:33:02.390+0000] {logging_mixin.py:120} INFO - [2022-12-12T10:33:02.390+0000] {dagbag.py:537} INFO - Filling up the DagBag from /opt/airflow/dags/dag_export_data.py
[2022-12-12T10:33:03.172+0000] {processor.py:766} INFO - DAG(s) dict_keys(['dag_export_revenue']) retrieved from /opt/airflow/dags/dag_export_data.py
[2022-12-12T10:33:03.227+0000] {logging_mixin.py:120} INFO - [2022-12-12T10:33:03.226+0000] {dag.py:2585} INFO - Sync 1 DAGs
[2022-12-12T10:33:03.441+0000] {logging_mixin.py:120} INFO - [2022-12-12T10:33:03.441+0000] {dag.py:3340} INFO - Setting next_dagrun for dag_export_revenue to 2022-12-12T02:00:00+00:00, run_after=2022-12-13T02:00:00+00:00
[2022-12-12T10:33:03.468+0000] {processor.py:176} INFO - Processing /opt/airflow/dags/dag_export_data.py took 1.087 seconds
