[2022-12-18T04:03:55.461+0000] {taskinstance.py:1165} INFO - Dependencies all met for <TaskInstance: dag_data_mart.pendapatan_artist scheduled__2022-12-17T02:00:00+00:00 [queued]>
[2022-12-18T04:03:55.999+0000] {taskinstance.py:1165} INFO - Dependencies all met for <TaskInstance: dag_data_mart.pendapatan_artist scheduled__2022-12-17T02:00:00+00:00 [queued]>
[2022-12-18T04:03:56.007+0000] {taskinstance.py:1362} INFO - 
--------------------------------------------------------------------------------
[2022-12-18T04:03:56.009+0000] {taskinstance.py:1363} INFO - Starting attempt 1 of 1
[2022-12-18T04:03:56.017+0000] {taskinstance.py:1364} INFO - 
--------------------------------------------------------------------------------
[2022-12-18T04:03:56.609+0000] {taskinstance.py:1383} INFO - Executing <Task(PythonOperator): pendapatan_artist> on 2022-12-17 02:00:00+00:00
[2022-12-18T04:03:56.758+0000] {standard_task_runner.py:55} INFO - Started process 334 to run task
[2022-12-18T04:03:56.961+0000] {standard_task_runner.py:82} INFO - Running: ['***', 'tasks', 'run', 'dag_data_mart', 'pendapatan_artist', 'scheduled__2022-12-17T02:00:00+00:00', '--job-id', '569', '--raw', '--subdir', 'DAGS_FOLDER/dag_data_mart.py', '--cfg-path', '/tmp/tmpjhkf4yew']
[2022-12-18T04:03:57.004+0000] {standard_task_runner.py:83} INFO - Job 569: Subtask pendapatan_artist
[2022-12-18T04:03:58.635+0000] {task_command.py:376} INFO - Running <TaskInstance: dag_data_mart.pendapatan_artist scheduled__2022-12-17T02:00:00+00:00 [running]> on host 0d7510ca55af
[2022-12-18T04:04:07.689+0000] {taskinstance.py:1592} INFO - Exporting the following env vars:
AIRFLOW_CTX_DAG_OWNER=***
AIRFLOW_CTX_DAG_ID=dag_data_mart
AIRFLOW_CTX_TASK_ID=pendapatan_artist
AIRFLOW_CTX_EXECUTION_DATE=2022-12-17T02:00:00+00:00
AIRFLOW_CTX_TRY_NUMBER=1
AIRFLOW_CTX_DAG_RUN_ID=scheduled__2022-12-17T02:00:00+00:00
[2022-12-18T04:05:05.397+0000] {logging_mixin.py:120} INFO - Loaded 165 rows and 3 columns to cde2022-370103.datamart.pendapatan_artist
[2022-12-18T04:05:05.411+0000] {python.py:177} INFO - Done. Returned value was: None
[2022-12-18T04:05:05.925+0000] {taskinstance.py:1406} INFO - Marking task as SUCCESS. dag_id=dag_data_mart, task_id=pendapatan_artist, execution_date=20221217T020000, start_date=20221218T040355, end_date=20221218T040505
[2022-12-18T04:05:07.112+0000] {local_task_job.py:164} INFO - Task exited with return code 0
[2022-12-18T04:05:07.443+0000] {local_task_job.py:273} INFO - 0 downstream tasks scheduled from follow-on schedule check
