[2022-12-18T04:03:36.191+0000] {taskinstance.py:1165} INFO - Dependencies all met for <TaskInstance: dag_data_mart.pendapatan_penjualan scheduled__2022-12-17T02:00:00+00:00 [queued]>
[2022-12-18T04:03:36.452+0000] {taskinstance.py:1165} INFO - Dependencies all met for <TaskInstance: dag_data_mart.pendapatan_penjualan scheduled__2022-12-17T02:00:00+00:00 [queued]>
[2022-12-18T04:03:36.484+0000] {taskinstance.py:1362} INFO - 
--------------------------------------------------------------------------------
[2022-12-18T04:03:36.486+0000] {taskinstance.py:1363} INFO - Starting attempt 1 of 1
[2022-12-18T04:03:36.493+0000] {taskinstance.py:1364} INFO - 
--------------------------------------------------------------------------------
[2022-12-18T04:03:36.774+0000] {taskinstance.py:1383} INFO - Executing <Task(PythonOperator): pendapatan_penjualan> on 2022-12-17 02:00:00+00:00
[2022-12-18T04:03:36.886+0000] {standard_task_runner.py:55} INFO - Started process 325 to run task
[2022-12-18T04:03:37.311+0000] {standard_task_runner.py:82} INFO - Running: ['***', 'tasks', 'run', 'dag_data_mart', 'pendapatan_penjualan', 'scheduled__2022-12-17T02:00:00+00:00', '--job-id', '567', '--raw', '--subdir', 'DAGS_FOLDER/dag_data_mart.py', '--cfg-path', '/tmp/tmpy_l95_c1']
[2022-12-18T04:03:37.584+0000] {standard_task_runner.py:83} INFO - Job 567: Subtask pendapatan_penjualan
[2022-12-18T04:03:40.633+0000] {task_command.py:376} INFO - Running <TaskInstance: dag_data_mart.pendapatan_penjualan scheduled__2022-12-17T02:00:00+00:00 [running]> on host 0d7510ca55af
[2022-12-18T04:03:42.350+0000] {taskinstance.py:1592} INFO - Exporting the following env vars:
AIRFLOW_CTX_DAG_OWNER=***
AIRFLOW_CTX_DAG_ID=dag_data_mart
AIRFLOW_CTX_TASK_ID=pendapatan_penjualan
AIRFLOW_CTX_EXECUTION_DATE=2022-12-17T02:00:00+00:00
AIRFLOW_CTX_TRY_NUMBER=1
AIRFLOW_CTX_DAG_RUN_ID=scheduled__2022-12-17T02:00:00+00:00
[2022-12-18T04:04:19.806+0000] {logging_mixin.py:120} INFO - Loaded 354 rows and 2 columns to cde2022-370103.datamart.pendapatan_penjualan
[2022-12-18T04:04:19.882+0000] {python.py:177} INFO - Done. Returned value was: None
[2022-12-18T04:04:20.844+0000] {taskinstance.py:1406} INFO - Marking task as SUCCESS. dag_id=dag_data_mart, task_id=pendapatan_penjualan, execution_date=20221217T020000, start_date=20221218T040336, end_date=20221218T040420
[2022-12-18T04:04:21.956+0000] {local_task_job.py:164} INFO - Task exited with return code 0
[2022-12-18T04:04:22.055+0000] {local_task_job.py:273} INFO - 0 downstream tasks scheduled from follow-on schedule check
