[2022-12-18T04:03:56.433+0000] {taskinstance.py:1165} INFO - Dependencies all met for <TaskInstance: dag_data_mart.lokasi_customer scheduled__2022-12-17T02:00:00+00:00 [queued]>
[2022-12-18T04:03:56.697+0000] {taskinstance.py:1165} INFO - Dependencies all met for <TaskInstance: dag_data_mart.lokasi_customer scheduled__2022-12-17T02:00:00+00:00 [queued]>
[2022-12-18T04:03:56.717+0000] {taskinstance.py:1362} INFO - 
--------------------------------------------------------------------------------
[2022-12-18T04:03:56.718+0000] {taskinstance.py:1363} INFO - Starting attempt 1 of 1
[2022-12-18T04:03:56.720+0000] {taskinstance.py:1364} INFO - 
--------------------------------------------------------------------------------
[2022-12-18T04:03:57.018+0000] {taskinstance.py:1383} INFO - Executing <Task(PythonOperator): lokasi_customer> on 2022-12-17 02:00:00+00:00
[2022-12-18T04:03:57.159+0000] {standard_task_runner.py:55} INFO - Started process 339 to run task
[2022-12-18T04:03:57.265+0000] {standard_task_runner.py:82} INFO - Running: ['***', 'tasks', 'run', 'dag_data_mart', 'lokasi_customer', 'scheduled__2022-12-17T02:00:00+00:00', '--job-id', '570', '--raw', '--subdir', 'DAGS_FOLDER/dag_data_mart.py', '--cfg-path', '/tmp/tmpm1vqvpjg']
[2022-12-18T04:03:57.369+0000] {standard_task_runner.py:83} INFO - Job 570: Subtask lokasi_customer
[2022-12-18T04:04:06.419+0000] {task_command.py:376} INFO - Running <TaskInstance: dag_data_mart.lokasi_customer scheduled__2022-12-17T02:00:00+00:00 [running]> on host 0d7510ca55af
[2022-12-18T04:05:02.763+0000] {taskinstance.py:1592} INFO - Exporting the following env vars:
AIRFLOW_CTX_DAG_OWNER=***
AIRFLOW_CTX_DAG_ID=dag_data_mart
AIRFLOW_CTX_TASK_ID=lokasi_customer
AIRFLOW_CTX_EXECUTION_DATE=2022-12-17T02:00:00+00:00
AIRFLOW_CTX_TRY_NUMBER=1
AIRFLOW_CTX_DAG_RUN_ID=scheduled__2022-12-17T02:00:00+00:00
[2022-12-18T04:05:21.091+0000] {logging_mixin.py:120} INFO - Loaded 24 rows and 2 columns to cde2022-370103.datamart.lokasi_customer
[2022-12-18T04:05:21.094+0000] {python.py:177} INFO - Done. Returned value was: None
[2022-12-18T04:05:21.188+0000] {taskinstance.py:1406} INFO - Marking task as SUCCESS. dag_id=dag_data_mart, task_id=lokasi_customer, execution_date=20221217T020000, start_date=20221218T040356, end_date=20221218T040521
[2022-12-18T04:05:21.497+0000] {local_task_job.py:164} INFO - Task exited with return code 0
[2022-12-18T04:05:21.634+0000] {local_task_job.py:273} INFO - 0 downstream tasks scheduled from follow-on schedule check
