[2022-12-15T01:40:11.055+0000] {taskinstance.py:1165} INFO - Dependencies all met for <TaskInstance: dag_data_mart.pendapatan_artist manual__2022-12-15T01:39:35.637722+00:00 [queued]>
[2022-12-15T01:40:11.153+0000] {taskinstance.py:1165} INFO - Dependencies all met for <TaskInstance: dag_data_mart.pendapatan_artist manual__2022-12-15T01:39:35.637722+00:00 [queued]>
[2022-12-15T01:40:11.161+0000] {taskinstance.py:1362} INFO - 
--------------------------------------------------------------------------------
[2022-12-15T01:40:11.173+0000] {taskinstance.py:1363} INFO - Starting attempt 1 of 1
[2022-12-15T01:40:11.175+0000] {taskinstance.py:1364} INFO - 
--------------------------------------------------------------------------------
[2022-12-15T01:40:11.334+0000] {taskinstance.py:1383} INFO - Executing <Task(PythonOperator): pendapatan_artist> on 2022-12-15 01:39:35.637722+00:00
[2022-12-15T01:40:11.418+0000] {standard_task_runner.py:55} INFO - Started process 339 to run task
[2022-12-15T01:40:11.447+0000] {standard_task_runner.py:82} INFO - Running: ['***', 'tasks', 'run', 'dag_data_mart', 'pendapatan_artist', 'manual__2022-12-15T01:39:35.637722+00:00', '--job-id', '518', '--raw', '--subdir', 'DAGS_FOLDER/dag_data_mart.py', '--cfg-path', '/tmp/tmp06uikyzz']
[2022-12-15T01:40:11.469+0000] {standard_task_runner.py:83} INFO - Job 518: Subtask pendapatan_artist
[2022-12-15T01:40:11.937+0000] {task_command.py:376} INFO - Running <TaskInstance: dag_data_mart.pendapatan_artist manual__2022-12-15T01:39:35.637722+00:00 [running]> on host 0d7510ca55af
[2022-12-15T01:40:25.991+0000] {taskinstance.py:1592} INFO - Exporting the following env vars:
AIRFLOW_CTX_DAG_OWNER=***
AIRFLOW_CTX_DAG_ID=dag_data_mart
AIRFLOW_CTX_TASK_ID=pendapatan_artist
AIRFLOW_CTX_EXECUTION_DATE=2022-12-15T01:39:35.637722+00:00
AIRFLOW_CTX_TRY_NUMBER=1
AIRFLOW_CTX_DAG_RUN_ID=manual__2022-12-15T01:39:35.637722+00:00
[2022-12-15T01:40:34.205+0000] {logging_mixin.py:120} INFO - Loaded 165 rows and 3 columns to cde2022-370103.datamart.pendapatan_artist
[2022-12-15T01:40:34.206+0000] {python.py:177} INFO - Done. Returned value was: None
[2022-12-15T01:40:34.228+0000] {taskinstance.py:1406} INFO - Marking task as SUCCESS. dag_id=dag_data_mart, task_id=pendapatan_artist, execution_date=20221215T013935, start_date=20221215T014011, end_date=20221215T014034
[2022-12-15T01:40:34.289+0000] {local_task_job.py:164} INFO - Task exited with return code 0
[2022-12-15T01:40:34.322+0000] {local_task_job.py:273} INFO - 0 downstream tasks scheduled from follow-on schedule check
