[2022-12-15T03:26:23.801+0000] {taskinstance.py:1165} INFO - Dependencies all met for <TaskInstance: dag_data_mart.pendapatan_penjualan manual__2022-12-15T03:26:07.368272+00:00 [queued]>
[2022-12-15T03:26:24.005+0000] {taskinstance.py:1165} INFO - Dependencies all met for <TaskInstance: dag_data_mart.pendapatan_penjualan manual__2022-12-15T03:26:07.368272+00:00 [queued]>
[2022-12-15T03:26:24.011+0000] {taskinstance.py:1362} INFO - 
--------------------------------------------------------------------------------
[2022-12-15T03:26:24.012+0000] {taskinstance.py:1363} INFO - Starting attempt 1 of 1
[2022-12-15T03:26:24.013+0000] {taskinstance.py:1364} INFO - 
--------------------------------------------------------------------------------
[2022-12-15T03:26:24.332+0000] {taskinstance.py:1383} INFO - Executing <Task(PythonOperator): pendapatan_penjualan> on 2022-12-15 03:26:07.368272+00:00
[2022-12-15T03:26:24.399+0000] {standard_task_runner.py:55} INFO - Started process 3800 to run task
[2022-12-15T03:26:24.503+0000] {standard_task_runner.py:82} INFO - Running: ['***', 'tasks', 'run', 'dag_data_mart', 'pendapatan_penjualan', 'manual__2022-12-15T03:26:07.368272+00:00', '--job-id', '537', '--raw', '--subdir', 'DAGS_FOLDER/dag_data_mart.py', '--cfg-path', '/tmp/tmph_j953et']
[2022-12-15T03:26:24.527+0000] {standard_task_runner.py:83} INFO - Job 537: Subtask pendapatan_penjualan
[2022-12-15T03:26:25.288+0000] {task_command.py:376} INFO - Running <TaskInstance: dag_data_mart.pendapatan_penjualan manual__2022-12-15T03:26:07.368272+00:00 [running]> on host 0d7510ca55af
[2022-12-15T03:26:26.238+0000] {taskinstance.py:1592} INFO - Exporting the following env vars:
AIRFLOW_CTX_DAG_OWNER=***
AIRFLOW_CTX_DAG_ID=dag_data_mart
AIRFLOW_CTX_TASK_ID=pendapatan_penjualan
AIRFLOW_CTX_EXECUTION_DATE=2022-12-15T03:26:07.368272+00:00
AIRFLOW_CTX_TRY_NUMBER=1
AIRFLOW_CTX_DAG_RUN_ID=manual__2022-12-15T03:26:07.368272+00:00
[2022-12-15T03:27:09.629+0000] {logging_mixin.py:120} INFO - Loaded 354 rows and 2 columns to cde2022-370103.datamart.pendapatan_penjualan
[2022-12-15T03:27:09.673+0000] {python.py:177} INFO - Done. Returned value was: None
[2022-12-15T03:27:10.079+0000] {taskinstance.py:1406} INFO - Marking task as SUCCESS. dag_id=dag_data_mart, task_id=pendapatan_penjualan, execution_date=20221215T032607, start_date=20221215T032623, end_date=20221215T032710
[2022-12-15T03:27:10.733+0000] {local_task_job.py:164} INFO - Task exited with return code 0
[2022-12-15T03:27:12.247+0000] {local_task_job.py:273} INFO - 0 downstream tasks scheduled from follow-on schedule check
