[2022-12-15T04:20:11.014+0000] {taskinstance.py:1165} INFO - Dependencies all met for <TaskInstance: dag_data_mart.artist_produktif manual__2022-12-15T04:11:54.851204+00:00 [queued]>
[2022-12-15T04:20:11.740+0000] {taskinstance.py:1165} INFO - Dependencies all met for <TaskInstance: dag_data_mart.artist_produktif manual__2022-12-15T04:11:54.851204+00:00 [queued]>
[2022-12-15T04:20:11.754+0000] {taskinstance.py:1362} INFO - 
--------------------------------------------------------------------------------
[2022-12-15T04:20:11.770+0000] {taskinstance.py:1363} INFO - Starting attempt 2 of 2
[2022-12-15T04:20:11.803+0000] {taskinstance.py:1364} INFO - 
--------------------------------------------------------------------------------
[2022-12-15T04:20:12.891+0000] {taskinstance.py:1383} INFO - Executing <Task(PythonOperator): artist_produktif> on 2022-12-15 04:11:54.851204+00:00
[2022-12-15T04:20:12.957+0000] {standard_task_runner.py:55} INFO - Started process 483 to run task
[2022-12-15T04:20:13.251+0000] {standard_task_runner.py:82} INFO - Running: ['***', 'tasks', 'run', 'dag_data_mart', 'artist_produktif', 'manual__2022-12-15T04:11:54.851204+00:00', '--job-id', '558', '--raw', '--subdir', 'DAGS_FOLDER/dag_data_mart.py', '--cfg-path', '/tmp/tmpgdwd89b1']
[2022-12-15T04:20:13.299+0000] {standard_task_runner.py:83} INFO - Job 558: Subtask artist_produktif
[2022-12-15T04:20:15.193+0000] {task_command.py:376} INFO - Running <TaskInstance: dag_data_mart.artist_produktif manual__2022-12-15T04:11:54.851204+00:00 [running]> on host 0d7510ca55af
[2022-12-15T04:20:17.429+0000] {taskinstance.py:1592} INFO - Exporting the following env vars:
AIRFLOW_CTX_DAG_OWNER=***
AIRFLOW_CTX_DAG_ID=dag_data_mart
AIRFLOW_CTX_TASK_ID=artist_produktif
AIRFLOW_CTX_EXECUTION_DATE=2022-12-15T04:11:54.851204+00:00
AIRFLOW_CTX_TRY_NUMBER=2
AIRFLOW_CTX_DAG_RUN_ID=manual__2022-12-15T04:11:54.851204+00:00
[2022-12-15T04:20:32.268+0000] {logging_mixin.py:120} INFO - LoadJob<project=cde2022-370103, location=US, id=8c12aaec-6fac-4f77-8644-e35a18819c6b>
[2022-12-15T04:20:32.275+0000] {logging_mixin.py:120} INFO - Loaded 233 rows and 3 columns to cde2022-370103.datamart.artist_produktif
[2022-12-15T04:20:32.277+0000] {python.py:177} INFO - Done. Returned value was: None
[2022-12-15T04:20:32.646+0000] {taskinstance.py:1406} INFO - Marking task as SUCCESS. dag_id=dag_data_mart, task_id=artist_produktif, execution_date=20221215T041154, start_date=20221215T042011, end_date=20221215T042032
[2022-12-15T04:20:33.275+0000] {local_task_job.py:164} INFO - Task exited with return code 0
[2022-12-15T04:20:33.535+0000] {local_task_job.py:273} INFO - 0 downstream tasks scheduled from follow-on schedule check
