[2022-12-15T05:59:18.227+0000] {taskinstance.py:1165} INFO - Dependencies all met for <TaskInstance: dag_data_mart.artist_produktif manual__2022-12-15T04:11:54.851204+00:00 [queued]>
[2022-12-15T05:59:18.263+0000] {taskinstance.py:1165} INFO - Dependencies all met for <TaskInstance: dag_data_mart.artist_produktif manual__2022-12-15T04:11:54.851204+00:00 [queued]>
[2022-12-15T05:59:18.264+0000] {taskinstance.py:1362} INFO - 
--------------------------------------------------------------------------------
[2022-12-15T05:59:18.264+0000] {taskinstance.py:1363} INFO - Starting attempt 3 of 3
[2022-12-15T05:59:18.265+0000] {taskinstance.py:1364} INFO - 
--------------------------------------------------------------------------------
[2022-12-15T05:59:18.318+0000] {taskinstance.py:1383} INFO - Executing <Task(PythonOperator): artist_produktif> on 2022-12-15 04:11:54.851204+00:00
[2022-12-15T05:59:18.331+0000] {standard_task_runner.py:55} INFO - Started process 4261 to run task
[2022-12-15T05:59:18.340+0000] {standard_task_runner.py:82} INFO - Running: ['***', 'tasks', 'run', 'dag_data_mart', 'artist_produktif', 'manual__2022-12-15T04:11:54.851204+00:00', '--job-id', '560', '--raw', '--subdir', 'DAGS_FOLDER/dag_data_mart.py', '--cfg-path', '/tmp/tmptqp76dq9']
[2022-12-15T05:59:18.344+0000] {standard_task_runner.py:83} INFO - Job 560: Subtask artist_produktif
[2022-12-15T05:59:18.496+0000] {task_command.py:376} INFO - Running <TaskInstance: dag_data_mart.artist_produktif manual__2022-12-15T04:11:54.851204+00:00 [running]> on host 0d7510ca55af
[2022-12-15T05:59:18.689+0000] {taskinstance.py:1592} INFO - Exporting the following env vars:
AIRFLOW_CTX_DAG_OWNER=***
AIRFLOW_CTX_DAG_ID=dag_data_mart
AIRFLOW_CTX_TASK_ID=artist_produktif
AIRFLOW_CTX_EXECUTION_DATE=2022-12-15T04:11:54.851204+00:00
AIRFLOW_CTX_TRY_NUMBER=3
AIRFLOW_CTX_DAG_RUN_ID=manual__2022-12-15T04:11:54.851204+00:00
[2022-12-15T05:59:31.056+0000] {logging_mixin.py:120} INFO - LoadJob<project=cde2022-370103, location=US, id=ce55481b-746b-4e20-acc6-5d617c7f0bac>
[2022-12-15T05:59:31.057+0000] {logging_mixin.py:120} INFO - Loaded 233 rows and 3 columns to cde2022-370103.datamart.artist_produktif
[2022-12-15T05:59:31.059+0000] {python.py:177} INFO - Done. Returned value was: None
[2022-12-15T05:59:31.082+0000] {taskinstance.py:1406} INFO - Marking task as SUCCESS. dag_id=dag_data_mart, task_id=artist_produktif, execution_date=20221215T041154, start_date=20221215T055918, end_date=20221215T055931
[2022-12-15T05:59:31.167+0000] {local_task_job.py:164} INFO - Task exited with return code 0
[2022-12-15T05:59:31.218+0000] {local_task_job.py:273} INFO - 0 downstream tasks scheduled from follow-on schedule check
