[2022-12-15T04:12:06.815+0000] {taskinstance.py:1165} INFO - Dependencies all met for <TaskInstance: dag_data_mart.artist_produktif manual__2022-12-15T04:11:54.851204+00:00 [queued]>
[2022-12-15T04:12:06.890+0000] {taskinstance.py:1165} INFO - Dependencies all met for <TaskInstance: dag_data_mart.artist_produktif manual__2022-12-15T04:11:54.851204+00:00 [queued]>
[2022-12-15T04:12:06.891+0000] {taskinstance.py:1362} INFO - 
--------------------------------------------------------------------------------
[2022-12-15T04:12:06.909+0000] {taskinstance.py:1363} INFO - Starting attempt 1 of 1
[2022-12-15T04:12:06.910+0000] {taskinstance.py:1364} INFO - 
--------------------------------------------------------------------------------
[2022-12-15T04:12:07.049+0000] {taskinstance.py:1383} INFO - Executing <Task(PythonOperator): artist_produktif> on 2022-12-15 04:11:54.851204+00:00
[2022-12-15T04:12:07.169+0000] {standard_task_runner.py:55} INFO - Started process 157 to run task
[2022-12-15T04:12:07.215+0000] {standard_task_runner.py:82} INFO - Running: ['***', 'tasks', 'run', 'dag_data_mart', 'artist_produktif', 'manual__2022-12-15T04:11:54.851204+00:00', '--job-id', '557', '--raw', '--subdir', 'DAGS_FOLDER/dag_data_mart.py', '--cfg-path', '/tmp/tmprrmooikw']
[2022-12-15T04:12:07.225+0000] {standard_task_runner.py:83} INFO - Job 557: Subtask artist_produktif
[2022-12-15T04:12:07.748+0000] {task_command.py:376} INFO - Running <TaskInstance: dag_data_mart.artist_produktif manual__2022-12-15T04:11:54.851204+00:00 [running]> on host 0d7510ca55af
[2022-12-15T04:12:08.387+0000] {taskinstance.py:1592} INFO - Exporting the following env vars:
AIRFLOW_CTX_DAG_OWNER=***
AIRFLOW_CTX_DAG_ID=dag_data_mart
AIRFLOW_CTX_TASK_ID=artist_produktif
AIRFLOW_CTX_EXECUTION_DATE=2022-12-15T04:11:54.851204+00:00
AIRFLOW_CTX_TRY_NUMBER=1
AIRFLOW_CTX_DAG_RUN_ID=manual__2022-12-15T04:11:54.851204+00:00
[2022-12-15T04:12:20.587+0000] {logging_mixin.py:120} INFO -                                             ArtistName  GenreName  Jumlah
0                                         Led Zeppelin       Rock     114
1                                                   U2       Rock     112
2                                            Metallica      Metal     112
3                                          Iron Maiden      Metal      95
4                                          Deep Purple       Rock      92
..                                                 ...        ...     ...
228   Mela Tenenbaum, Pro Musica Prague & Richard Kapp  Classical       1
229                             Emerson String Quartet  Classical       1
230  C. Monteverdi, Nigel Rogers - Chiaroscuro; Lon...  Classical       1
231                                      Nash Ensemble  Classical       1
232   Sir Georg Solti, Sumi Jo & Wiener Philharmoniker      Opera       1

[233 rows x 3 columns]
[2022-12-15T04:12:20.588+0000] {logging_mixin.py:120} INFO - Loaded 233 rows and 3 columns to cde2022-370103.datamart.artist_produktif
[2022-12-15T04:12:20.590+0000] {python.py:177} INFO - Done. Returned value was: None
[2022-12-15T04:12:20.627+0000] {taskinstance.py:1406} INFO - Marking task as SUCCESS. dag_id=dag_data_mart, task_id=artist_produktif, execution_date=20221215T041154, start_date=20221215T041206, end_date=20221215T041220
[2022-12-15T04:12:20.703+0000] {local_task_job.py:164} INFO - Task exited with return code 0
[2022-12-15T04:12:20.774+0000] {local_task_job.py:273} INFO - 0 downstream tasks scheduled from follow-on schedule check
