[2022-12-15T06:06:09.746+0000] {taskinstance.py:1165} INFO - Dependencies all met for <TaskInstance: dag_data_mart.artist_produktif manual__2022-12-15T04:11:54.851204+00:00 [queued]>
[2022-12-15T06:06:09.885+0000] {taskinstance.py:1165} INFO - Dependencies all met for <TaskInstance: dag_data_mart.artist_produktif manual__2022-12-15T04:11:54.851204+00:00 [queued]>
[2022-12-15T06:06:09.887+0000] {taskinstance.py:1362} INFO - 
--------------------------------------------------------------------------------
[2022-12-15T06:06:09.891+0000] {taskinstance.py:1363} INFO - Starting attempt 5 of 5
[2022-12-15T06:06:09.892+0000] {taskinstance.py:1364} INFO - 
--------------------------------------------------------------------------------
[2022-12-15T06:06:09.969+0000] {taskinstance.py:1383} INFO - Executing <Task(PythonOperator): artist_produktif> on 2022-12-15 04:11:54.851204+00:00
[2022-12-15T06:06:10.003+0000] {standard_task_runner.py:55} INFO - Started process 4540 to run task
[2022-12-15T06:06:10.021+0000] {standard_task_runner.py:82} INFO - Running: ['***', 'tasks', 'run', 'dag_data_mart', 'artist_produktif', 'manual__2022-12-15T04:11:54.851204+00:00', '--job-id', '562', '--raw', '--subdir', 'DAGS_FOLDER/dag_data_mart.py', '--cfg-path', '/tmp/tmp998lgh83']
[2022-12-15T06:06:10.036+0000] {standard_task_runner.py:83} INFO - Job 562: Subtask artist_produktif
[2022-12-15T06:06:10.560+0000] {task_command.py:376} INFO - Running <TaskInstance: dag_data_mart.artist_produktif manual__2022-12-15T04:11:54.851204+00:00 [running]> on host 0d7510ca55af
[2022-12-15T06:06:11.275+0000] {taskinstance.py:1592} INFO - Exporting the following env vars:
AIRFLOW_CTX_DAG_OWNER=***
AIRFLOW_CTX_DAG_ID=dag_data_mart
AIRFLOW_CTX_TASK_ID=artist_produktif
AIRFLOW_CTX_EXECUTION_DATE=2022-12-15T04:11:54.851204+00:00
AIRFLOW_CTX_TRY_NUMBER=5
AIRFLOW_CTX_DAG_RUN_ID=manual__2022-12-15T04:11:54.851204+00:00
[2022-12-15T06:06:24.266+0000] {logging_mixin.py:120} INFO - LoadJob<project=cde2022-370103, location=US, id=1ff2d762-2111-4a13-99af-c922f2f90ca0>
[2022-12-15T06:06:24.267+0000] {logging_mixin.py:120} INFO - Loaded 233 rows and 3 columns to cde2022-370103.datamart.artist_produktif
[2022-12-15T06:06:24.268+0000] {python.py:177} INFO - Done. Returned value was: None
[2022-12-15T06:06:24.285+0000] {taskinstance.py:1406} INFO - Marking task as SUCCESS. dag_id=dag_data_mart, task_id=artist_produktif, execution_date=20221215T041154, start_date=20221215T060609, end_date=20221215T060624
[2022-12-15T06:06:24.342+0000] {local_task_job.py:164} INFO - Task exited with return code 0
[2022-12-15T06:06:24.377+0000] {local_task_job.py:273} INFO - 0 downstream tasks scheduled from follow-on schedule check
