[2022-12-12T10:29:45.206+0000] {taskinstance.py:1165} INFO - Dependencies all met for <TaskInstance: dag_export_revenue.export_song manual__2022-12-12T10:29:22.047417+00:00 [queued]>
[2022-12-12T10:29:45.233+0000] {taskinstance.py:1165} INFO - Dependencies all met for <TaskInstance: dag_export_revenue.export_song manual__2022-12-12T10:29:22.047417+00:00 [queued]>
[2022-12-12T10:29:45.234+0000] {taskinstance.py:1362} INFO - 
--------------------------------------------------------------------------------
[2022-12-12T10:29:45.234+0000] {taskinstance.py:1363} INFO - Starting attempt 1 of 1
[2022-12-12T10:29:45.235+0000] {taskinstance.py:1364} INFO - 
--------------------------------------------------------------------------------
[2022-12-12T10:29:45.270+0000] {taskinstance.py:1383} INFO - Executing <Task(PythonOperator): export_song> on 2022-12-12 10:29:22.047417+00:00
[2022-12-12T10:29:45.281+0000] {standard_task_runner.py:55} INFO - Started process 886 to run task
[2022-12-12T10:29:45.289+0000] {standard_task_runner.py:82} INFO - Running: ['***', 'tasks', 'run', 'dag_export_revenue', 'export_song', 'manual__2022-12-12T10:29:22.047417+00:00', '--job-id', '469', '--raw', '--subdir', 'DAGS_FOLDER/dag_export_data.py', '--cfg-path', '/tmp/tmpl4alenqs']
[2022-12-12T10:29:45.293+0000] {standard_task_runner.py:83} INFO - Job 469: Subtask export_song
[2022-12-12T10:29:45.437+0000] {task_command.py:376} INFO - Running <TaskInstance: dag_export_revenue.export_song manual__2022-12-12T10:29:22.047417+00:00 [running]> on host 0d7510ca55af
[2022-12-12T10:29:45.584+0000] {taskinstance.py:1592} INFO - Exporting the following env vars:
AIRFLOW_CTX_DAG_OWNER=***
AIRFLOW_CTX_DAG_ID=dag_export_revenue
AIRFLOW_CTX_TASK_ID=export_song
AIRFLOW_CTX_EXECUTION_DATE=2022-12-12T10:29:22.047417+00:00
AIRFLOW_CTX_TRY_NUMBER=1
AIRFLOW_CTX_DAG_RUN_ID=manual__2022-12-12T10:29:22.047417+00:00
[2022-12-12T10:30:15.948+0000] {logging_mixin.py:120} INFO - Loaded 3503 rows and 10 columns to cde2022-370103.tugasakhir.song
[2022-12-12T10:30:15.950+0000] {python.py:177} INFO - Done. Returned value was: None
[2022-12-12T10:30:16.004+0000] {taskinstance.py:1406} INFO - Marking task as SUCCESS. dag_id=dag_export_revenue, task_id=export_song, execution_date=20221212T102922, start_date=20221212T102945, end_date=20221212T103016
[2022-12-12T10:30:16.116+0000] {local_task_job.py:164} INFO - Task exited with return code 0
[2022-12-12T10:30:16.217+0000] {local_task_job.py:273} INFO - 1 downstream tasks scheduled from follow-on schedule check
