[2022-12-15T03:45:02.971+0000] {taskinstance.py:1165} INFO - Dependencies all met for <TaskInstance: dag_data_mart.lokasi_customer manual__2022-12-15T03:44:50.068375+00:00 [queued]>
[2022-12-15T03:45:03.017+0000] {taskinstance.py:1165} INFO - Dependencies all met for <TaskInstance: dag_data_mart.lokasi_customer manual__2022-12-15T03:44:50.068375+00:00 [queued]>
[2022-12-15T03:45:03.018+0000] {taskinstance.py:1362} INFO - 
--------------------------------------------------------------------------------
[2022-12-15T03:45:03.018+0000] {taskinstance.py:1363} INFO - Starting attempt 1 of 1
[2022-12-15T03:45:03.019+0000] {taskinstance.py:1364} INFO - 
--------------------------------------------------------------------------------
[2022-12-15T03:45:03.098+0000] {taskinstance.py:1383} INFO - Executing <Task(PythonOperator): lokasi_customer> on 2022-12-15 03:44:50.068375+00:00
[2022-12-15T03:45:03.115+0000] {standard_task_runner.py:55} INFO - Started process 4570 to run task
[2022-12-15T03:45:03.130+0000] {standard_task_runner.py:82} INFO - Running: ['***', 'tasks', 'run', 'dag_data_mart', 'lokasi_customer', 'manual__2022-12-15T03:44:50.068375+00:00', '--job-id', '544', '--raw', '--subdir', 'DAGS_FOLDER/dag_data_mart.py', '--cfg-path', '/tmp/tmparzhtgx1']
[2022-12-15T03:45:03.136+0000] {standard_task_runner.py:83} INFO - Job 544: Subtask lokasi_customer
[2022-12-15T03:45:03.420+0000] {task_command.py:376} INFO - Running <TaskInstance: dag_data_mart.lokasi_customer manual__2022-12-15T03:44:50.068375+00:00 [running]> on host 0d7510ca55af
[2022-12-15T03:45:03.896+0000] {taskinstance.py:1592} INFO - Exporting the following env vars:
AIRFLOW_CTX_DAG_OWNER=***
AIRFLOW_CTX_DAG_ID=dag_data_mart
AIRFLOW_CTX_TASK_ID=lokasi_customer
AIRFLOW_CTX_EXECUTION_DATE=2022-12-15T03:44:50.068375+00:00
AIRFLOW_CTX_TRY_NUMBER=1
AIRFLOW_CTX_DAG_RUN_ID=manual__2022-12-15T03:44:50.068375+00:00
[2022-12-15T03:45:27.374+0000] {logging_mixin.py:120} INFO -            Country  Jumlah
0              USA     494
1           Canada     304
2           Brazil     190
3           France     190
4          Germany     152
5   United Kingdom     114
6         Portugal      76
7   Czech Republic      76
8            India      74
9            Chile      38
10           Italy      38
11           Spain      38
12          Norway      38
13          Poland      38
14          Sweden      38
15         Austria      38
16         Belgium      38
17         Denmark      38
18         Finland      38
19         Hungary      38
20         Ireland      38
21       Argentina      38
22       Australia      38
23     Netherlands      38
[2022-12-15T03:45:27.375+0000] {logging_mixin.py:120} INFO - Loaded 24 rows and 2 columns to cde2022-370103.datamart.lokasi_customer
[2022-12-15T03:45:27.376+0000] {python.py:177} INFO - Done. Returned value was: None
[2022-12-15T03:45:27.458+0000] {taskinstance.py:1406} INFO - Marking task as SUCCESS. dag_id=dag_data_mart, task_id=lokasi_customer, execution_date=20221215T034450, start_date=20221215T034502, end_date=20221215T034527
[2022-12-15T03:45:27.624+0000] {local_task_job.py:164} INFO - Task exited with return code 0
[2022-12-15T03:45:27.792+0000] {local_task_job.py:273} INFO - 0 downstream tasks scheduled from follow-on schedule check
