[2022-12-18T03:57:56.599+0000] {processor.py:154} INFO - Started process (PID=109) to work on /opt/airflow/dags/dag_data_mart.py
[2022-12-18T03:57:56.615+0000] {processor.py:756} INFO - Processing file /opt/airflow/dags/dag_data_mart.py for tasks to queue
[2022-12-18T03:57:56.644+0000] {logging_mixin.py:120} INFO - [2022-12-18T03:57:56.644+0000] {dagbag.py:537} INFO - Filling up the DagBag from /opt/airflow/dags/dag_data_mart.py
[2022-12-18T03:58:13.635+0000] {processor.py:766} INFO - DAG(s) dict_keys(['dag_data_mart']) retrieved from /opt/airflow/dags/dag_data_mart.py
[2022-12-18T03:58:15.548+0000] {logging_mixin.py:120} INFO - [2022-12-18T03:58:15.547+0000] {dag.py:2585} INFO - Sync 1 DAGs
[2022-12-18T03:58:25.473+0000] {logging_mixin.py:120} INFO - [2022-12-18T03:58:25.473+0000] {dag.py:3340} INFO - Setting next_dagrun for dag_data_mart to 2022-12-18T02:00:00+00:00, run_after=2022-12-19T02:00:00+00:00
[2022-12-18T03:58:25.847+0000] {processor.py:176} INFO - Processing /opt/airflow/dags/dag_data_mart.py took 29.337 seconds
[2022-12-18T03:58:58.626+0000] {processor.py:154} INFO - Started process (PID=149) to work on /opt/airflow/dags/dag_data_mart.py
[2022-12-18T03:58:58.631+0000] {processor.py:756} INFO - Processing file /opt/airflow/dags/dag_data_mart.py for tasks to queue
[2022-12-18T03:58:58.653+0000] {logging_mixin.py:120} INFO - [2022-12-18T03:58:58.653+0000] {dagbag.py:537} INFO - Filling up the DagBag from /opt/airflow/dags/dag_data_mart.py
[2022-12-18T03:59:29.007+0000] {logging_mixin.py:120} INFO - [2022-12-18T03:59:29.006+0000] {timeout.py:68} ERROR - Process timed out, PID: 149
[2022-12-18T03:59:29.449+0000] {logging_mixin.py:120} INFO - [2022-12-18T03:59:29.020+0000] {dagbag.py:342} ERROR - Failed to import: /opt/airflow/dags/dag_data_mart.py
Traceback (most recent call last):
  File "/home/airflow/.local/lib/python3.7/site-packages/airflow/models/dagbag.py", line 338, in parse
    loader.exec_module(new_module)
  File "<frozen importlib._bootstrap_external>", line 728, in exec_module
  File "<frozen importlib._bootstrap>", line 219, in _call_with_frames_removed
  File "/opt/airflow/dags/dag_data_mart.py", line 11, in <module>
    catchup = False) as dag:
  File "/home/airflow/.local/lib/python3.7/site-packages/airflow/models/dag.py", line 508, in __init__
    elif isinstance(schedule, Timetable):
  File "/home/airflow/.local/lib/python3.7/site-packages/typing_extensions.py", line 470, in __instancecheck__
    def __instancecheck__(cls, instance):
  File "/home/airflow/.local/lib/python3.7/site-packages/airflow/utils/timeout.py", line 69, in handle_timeout
    raise AirflowTaskTimeout(self.error_message)
airflow.exceptions.AirflowTaskTimeout: DagBag import timeout for /opt/airflow/dags/dag_data_mart.py after 30.0s.
Please take a look at these docs to improve your DAG import time:
* https://airflow.apache.org/docs/apache-airflow/2.4.2/best-practices.html#top-level-python-code
* https://airflow.apache.org/docs/apache-airflow/2.4.2/best-practices.html#reducing-dag-complexity, PID: 149
[2022-12-18T03:59:29.482+0000] {processor.py:768} WARNING - No viable dags retrieved from /opt/airflow/dags/dag_data_mart.py
[2022-12-18T03:59:29.941+0000] {processor.py:176} INFO - Processing /opt/airflow/dags/dag_data_mart.py took 32.003 seconds
[2022-12-18T04:00:01.075+0000] {processor.py:154} INFO - Started process (PID=182) to work on /opt/airflow/dags/dag_data_mart.py
[2022-12-18T04:00:01.079+0000] {processor.py:756} INFO - Processing file /opt/airflow/dags/dag_data_mart.py for tasks to queue
[2022-12-18T04:00:01.087+0000] {logging_mixin.py:120} INFO - [2022-12-18T04:00:01.087+0000] {dagbag.py:537} INFO - Filling up the DagBag from /opt/airflow/dags/dag_data_mart.py
[2022-12-18T04:00:06.110+0000] {processor.py:766} INFO - DAG(s) dict_keys(['dag_data_mart']) retrieved from /opt/airflow/dags/dag_data_mart.py
[2022-12-18T04:00:11.264+0000] {logging_mixin.py:120} INFO - [2022-12-18T04:00:11.262+0000] {dag.py:2585} INFO - Sync 1 DAGs
[2022-12-18T04:00:11.479+0000] {logging_mixin.py:120} INFO - [2022-12-18T04:00:11.479+0000] {dag.py:3340} INFO - Setting next_dagrun for dag_data_mart to 2022-12-18T02:00:00+00:00, run_after=2022-12-19T02:00:00+00:00
[2022-12-18T04:00:11.599+0000] {processor.py:176} INFO - Processing /opt/airflow/dags/dag_data_mart.py took 10.576 seconds
[2022-12-18T04:00:42.932+0000] {processor.py:154} INFO - Started process (PID=204) to work on /opt/airflow/dags/dag_data_mart.py
[2022-12-18T04:00:42.963+0000] {processor.py:756} INFO - Processing file /opt/airflow/dags/dag_data_mart.py for tasks to queue
[2022-12-18T04:00:42.979+0000] {logging_mixin.py:120} INFO - [2022-12-18T04:00:42.979+0000] {dagbag.py:537} INFO - Filling up the DagBag from /opt/airflow/dags/dag_data_mart.py
[2022-12-18T04:00:53.066+0000] {processor.py:766} INFO - DAG(s) dict_keys(['dag_data_mart']) retrieved from /opt/airflow/dags/dag_data_mart.py
[2022-12-18T04:00:53.692+0000] {logging_mixin.py:120} INFO - [2022-12-18T04:00:53.686+0000] {dag.py:2585} INFO - Sync 1 DAGs
[2022-12-18T04:00:56.461+0000] {logging_mixin.py:120} INFO - [2022-12-18T04:00:56.460+0000] {dag.py:3340} INFO - Setting next_dagrun for dag_data_mart to 2022-12-18T02:00:00+00:00, run_after=2022-12-19T02:00:00+00:00
[2022-12-18T04:00:56.948+0000] {processor.py:176} INFO - Processing /opt/airflow/dags/dag_data_mart.py took 14.053 seconds
[2022-12-18T04:01:28.220+0000] {processor.py:154} INFO - Started process (PID=226) to work on /opt/airflow/dags/dag_data_mart.py
[2022-12-18T04:01:28.250+0000] {processor.py:756} INFO - Processing file /opt/airflow/dags/dag_data_mart.py for tasks to queue
[2022-12-18T04:01:28.268+0000] {logging_mixin.py:120} INFO - [2022-12-18T04:01:28.267+0000] {dagbag.py:537} INFO - Filling up the DagBag from /opt/airflow/dags/dag_data_mart.py
[2022-12-18T04:01:31.741+0000] {processor.py:766} INFO - DAG(s) dict_keys(['dag_data_mart']) retrieved from /opt/airflow/dags/dag_data_mart.py
[2022-12-18T04:01:33.056+0000] {logging_mixin.py:120} INFO - [2022-12-18T04:01:33.055+0000] {dag.py:2585} INFO - Sync 1 DAGs
[2022-12-18T04:01:33.299+0000] {logging_mixin.py:120} INFO - [2022-12-18T04:01:33.299+0000] {dag.py:3340} INFO - Setting next_dagrun for dag_data_mart to 2022-12-18T02:00:00+00:00, run_after=2022-12-19T02:00:00+00:00
[2022-12-18T04:01:33.594+0000] {processor.py:176} INFO - Processing /opt/airflow/dags/dag_data_mart.py took 5.438 seconds
[2022-12-18T04:02:04.398+0000] {processor.py:154} INFO - Started process (PID=247) to work on /opt/airflow/dags/dag_data_mart.py
[2022-12-18T04:02:04.432+0000] {processor.py:756} INFO - Processing file /opt/airflow/dags/dag_data_mart.py for tasks to queue
[2022-12-18T04:02:04.434+0000] {logging_mixin.py:120} INFO - [2022-12-18T04:02:04.433+0000] {dagbag.py:537} INFO - Filling up the DagBag from /opt/airflow/dags/dag_data_mart.py
[2022-12-18T04:02:06.983+0000] {processor.py:766} INFO - DAG(s) dict_keys(['dag_data_mart']) retrieved from /opt/airflow/dags/dag_data_mart.py
[2022-12-18T04:02:07.645+0000] {logging_mixin.py:120} INFO - [2022-12-18T04:02:07.644+0000] {dag.py:2585} INFO - Sync 1 DAGs
[2022-12-18T04:02:07.756+0000] {logging_mixin.py:120} INFO - [2022-12-18T04:02:07.755+0000] {dag.py:3340} INFO - Setting next_dagrun for dag_data_mart to 2022-12-18T02:00:00+00:00, run_after=2022-12-19T02:00:00+00:00
[2022-12-18T04:02:07.866+0000] {processor.py:176} INFO - Processing /opt/airflow/dags/dag_data_mart.py took 3.516 seconds
[2022-12-18T04:02:38.665+0000] {processor.py:154} INFO - Started process (PID=270) to work on /opt/airflow/dags/dag_data_mart.py
[2022-12-18T04:02:38.677+0000] {processor.py:756} INFO - Processing file /opt/airflow/dags/dag_data_mart.py for tasks to queue
[2022-12-18T04:02:38.686+0000] {logging_mixin.py:120} INFO - [2022-12-18T04:02:38.685+0000] {dagbag.py:537} INFO - Filling up the DagBag from /opt/airflow/dags/dag_data_mart.py
[2022-12-18T04:02:40.368+0000] {processor.py:766} INFO - DAG(s) dict_keys(['dag_data_mart']) retrieved from /opt/airflow/dags/dag_data_mart.py
[2022-12-18T04:02:41.090+0000] {logging_mixin.py:120} INFO - [2022-12-18T04:02:41.086+0000] {dag.py:2585} INFO - Sync 1 DAGs
[2022-12-18T04:02:41.217+0000] {logging_mixin.py:120} INFO - [2022-12-18T04:02:41.216+0000] {dag.py:3340} INFO - Setting next_dagrun for dag_data_mart to 2022-12-18T02:00:00+00:00, run_after=2022-12-19T02:00:00+00:00
[2022-12-18T04:02:41.330+0000] {processor.py:176} INFO - Processing /opt/airflow/dags/dag_data_mart.py took 2.679 seconds
[2022-12-18T04:03:11.519+0000] {processor.py:154} INFO - Started process (PID=292) to work on /opt/airflow/dags/dag_data_mart.py
[2022-12-18T04:03:11.522+0000] {processor.py:756} INFO - Processing file /opt/airflow/dags/dag_data_mart.py for tasks to queue
[2022-12-18T04:03:11.527+0000] {logging_mixin.py:120} INFO - [2022-12-18T04:03:11.527+0000] {dagbag.py:537} INFO - Filling up the DagBag from /opt/airflow/dags/dag_data_mart.py
[2022-12-18T04:03:14.029+0000] {processor.py:766} INFO - DAG(s) dict_keys(['dag_data_mart']) retrieved from /opt/airflow/dags/dag_data_mart.py
[2022-12-18T04:03:15.420+0000] {logging_mixin.py:120} INFO - [2022-12-18T04:03:15.419+0000] {dag.py:2585} INFO - Sync 1 DAGs
[2022-12-18T04:03:15.672+0000] {logging_mixin.py:120} INFO - [2022-12-18T04:03:15.672+0000] {dag.py:3340} INFO - Setting next_dagrun for dag_data_mart to 2022-12-17T02:00:00+00:00, run_after=2022-12-18T02:00:00+00:00
[2022-12-18T04:03:16.193+0000] {processor.py:176} INFO - Processing /opt/airflow/dags/dag_data_mart.py took 4.675 seconds
[2022-12-18T04:03:46.508+0000] {processor.py:154} INFO - Started process (PID=322) to work on /opt/airflow/dags/dag_data_mart.py
[2022-12-18T04:03:46.526+0000] {processor.py:756} INFO - Processing file /opt/airflow/dags/dag_data_mart.py for tasks to queue
[2022-12-18T04:03:46.535+0000] {logging_mixin.py:120} INFO - [2022-12-18T04:03:46.535+0000] {dagbag.py:537} INFO - Filling up the DagBag from /opt/airflow/dags/dag_data_mart.py
[2022-12-18T04:04:04.075+0000] {processor.py:766} INFO - DAG(s) dict_keys(['dag_data_mart']) retrieved from /opt/airflow/dags/dag_data_mart.py
[2022-12-18T04:04:05.585+0000] {logging_mixin.py:120} INFO - [2022-12-18T04:04:05.584+0000] {dag.py:2585} INFO - Sync 1 DAGs
[2022-12-18T04:04:16.710+0000] {logging_mixin.py:120} INFO - [2022-12-18T04:04:16.709+0000] {dag.py:3340} INFO - Setting next_dagrun for dag_data_mart to 2022-12-18T02:00:00+00:00, run_after=2022-12-19T02:00:00+00:00
[2022-12-18T04:04:18.213+0000] {processor.py:176} INFO - Processing /opt/airflow/dags/dag_data_mart.py took 31.709 seconds
[2022-12-18T04:04:50.302+0000] {processor.py:154} INFO - Started process (PID=352) to work on /opt/airflow/dags/dag_data_mart.py
[2022-12-18T04:04:50.307+0000] {processor.py:756} INFO - Processing file /opt/airflow/dags/dag_data_mart.py for tasks to queue
[2022-12-18T04:04:50.369+0000] {logging_mixin.py:120} INFO - [2022-12-18T04:04:50.325+0000] {dagbag.py:537} INFO - Filling up the DagBag from /opt/airflow/dags/dag_data_mart.py
[2022-12-18T04:05:12.633+0000] {processor.py:766} INFO - DAG(s) dict_keys(['dag_data_mart']) retrieved from /opt/airflow/dags/dag_data_mart.py
[2022-12-18T04:05:13.767+0000] {logging_mixin.py:120} INFO - [2022-12-18T04:05:13.766+0000] {dag.py:2585} INFO - Sync 1 DAGs
[2022-12-18T04:05:16.590+0000] {logging_mixin.py:120} INFO - [2022-12-18T04:05:16.589+0000] {dag.py:3340} INFO - Setting next_dagrun for dag_data_mart to 2022-12-18T02:00:00+00:00, run_after=2022-12-19T02:00:00+00:00
[2022-12-18T04:05:17.043+0000] {processor.py:176} INFO - Processing /opt/airflow/dags/dag_data_mart.py took 26.860 seconds
[2022-12-18T04:05:47.994+0000] {processor.py:154} INFO - Started process (PID=383) to work on /opt/airflow/dags/dag_data_mart.py
[2022-12-18T04:05:48.000+0000] {processor.py:756} INFO - Processing file /opt/airflow/dags/dag_data_mart.py for tasks to queue
[2022-12-18T04:05:48.002+0000] {logging_mixin.py:120} INFO - [2022-12-18T04:05:48.002+0000] {dagbag.py:537} INFO - Filling up the DagBag from /opt/airflow/dags/dag_data_mart.py
[2022-12-18T04:05:50.073+0000] {processor.py:766} INFO - DAG(s) dict_keys(['dag_data_mart']) retrieved from /opt/airflow/dags/dag_data_mart.py
[2022-12-18T04:05:50.750+0000] {logging_mixin.py:120} INFO - [2022-12-18T04:05:50.748+0000] {dag.py:2585} INFO - Sync 1 DAGs
[2022-12-18T04:05:50.982+0000] {logging_mixin.py:120} INFO - [2022-12-18T04:05:50.982+0000] {dag.py:3340} INFO - Setting next_dagrun for dag_data_mart to 2022-12-18T02:00:00+00:00, run_after=2022-12-19T02:00:00+00:00
[2022-12-18T04:05:51.076+0000] {processor.py:176} INFO - Processing /opt/airflow/dags/dag_data_mart.py took 3.089 seconds
[2022-12-18T04:06:21.885+0000] {processor.py:154} INFO - Started process (PID=415) to work on /opt/airflow/dags/dag_data_mart.py
[2022-12-18T04:06:21.887+0000] {processor.py:756} INFO - Processing file /opt/airflow/dags/dag_data_mart.py for tasks to queue
[2022-12-18T04:06:21.891+0000] {logging_mixin.py:120} INFO - [2022-12-18T04:06:21.890+0000] {dagbag.py:537} INFO - Filling up the DagBag from /opt/airflow/dags/dag_data_mart.py
[2022-12-18T04:06:22.976+0000] {processor.py:766} INFO - DAG(s) dict_keys(['dag_data_mart']) retrieved from /opt/airflow/dags/dag_data_mart.py
[2022-12-18T04:06:23.309+0000] {logging_mixin.py:120} INFO - [2022-12-18T04:06:23.308+0000] {dag.py:2585} INFO - Sync 1 DAGs
[2022-12-18T04:06:23.434+0000] {logging_mixin.py:120} INFO - [2022-12-18T04:06:23.433+0000] {dag.py:3340} INFO - Setting next_dagrun for dag_data_mart to 2022-12-18T02:00:00+00:00, run_after=2022-12-19T02:00:00+00:00
[2022-12-18T04:06:23.506+0000] {processor.py:176} INFO - Processing /opt/airflow/dags/dag_data_mart.py took 1.628 seconds
[2022-12-18T04:06:53.970+0000] {processor.py:154} INFO - Started process (PID=437) to work on /opt/airflow/dags/dag_data_mart.py
[2022-12-18T04:06:53.971+0000] {processor.py:756} INFO - Processing file /opt/airflow/dags/dag_data_mart.py for tasks to queue
[2022-12-18T04:06:53.973+0000] {logging_mixin.py:120} INFO - [2022-12-18T04:06:53.973+0000] {dagbag.py:537} INFO - Filling up the DagBag from /opt/airflow/dags/dag_data_mart.py
[2022-12-18T04:06:54.713+0000] {processor.py:766} INFO - DAG(s) dict_keys(['dag_data_mart']) retrieved from /opt/airflow/dags/dag_data_mart.py
[2022-12-18T04:06:54.993+0000] {logging_mixin.py:120} INFO - [2022-12-18T04:06:54.992+0000] {dag.py:2585} INFO - Sync 1 DAGs
[2022-12-18T04:06:55.038+0000] {logging_mixin.py:120} INFO - [2022-12-18T04:06:55.038+0000] {dag.py:3340} INFO - Setting next_dagrun for dag_data_mart to 2022-12-18T02:00:00+00:00, run_after=2022-12-19T02:00:00+00:00
[2022-12-18T04:06:55.072+0000] {processor.py:176} INFO - Processing /opt/airflow/dags/dag_data_mart.py took 1.108 seconds
[2022-12-18T04:07:25.634+0000] {processor.py:154} INFO - Started process (PID=459) to work on /opt/airflow/dags/dag_data_mart.py
[2022-12-18T04:07:25.638+0000] {processor.py:756} INFO - Processing file /opt/airflow/dags/dag_data_mart.py for tasks to queue
[2022-12-18T04:07:25.641+0000] {logging_mixin.py:120} INFO - [2022-12-18T04:07:25.641+0000] {dagbag.py:537} INFO - Filling up the DagBag from /opt/airflow/dags/dag_data_mart.py
[2022-12-18T04:07:27.099+0000] {processor.py:766} INFO - DAG(s) dict_keys(['dag_data_mart']) retrieved from /opt/airflow/dags/dag_data_mart.py
[2022-12-18T04:07:27.175+0000] {logging_mixin.py:120} INFO - [2022-12-18T04:07:27.174+0000] {dag.py:2585} INFO - Sync 1 DAGs
[2022-12-18T04:07:27.730+0000] {logging_mixin.py:120} INFO - [2022-12-18T04:07:27.729+0000] {dag.py:3340} INFO - Setting next_dagrun for dag_data_mart to 2022-12-18T02:00:00+00:00, run_after=2022-12-19T02:00:00+00:00
[2022-12-18T04:07:27.786+0000] {processor.py:176} INFO - Processing /opt/airflow/dags/dag_data_mart.py took 2.165 seconds
[2022-12-18T04:07:58.344+0000] {processor.py:154} INFO - Started process (PID=489) to work on /opt/airflow/dags/dag_data_mart.py
[2022-12-18T04:07:58.365+0000] {processor.py:756} INFO - Processing file /opt/airflow/dags/dag_data_mart.py for tasks to queue
[2022-12-18T04:07:58.398+0000] {logging_mixin.py:120} INFO - [2022-12-18T04:07:58.398+0000] {dagbag.py:537} INFO - Filling up the DagBag from /opt/airflow/dags/dag_data_mart.py
[2022-12-18T04:08:00.881+0000] {processor.py:766} INFO - DAG(s) dict_keys(['dag_data_mart']) retrieved from /opt/airflow/dags/dag_data_mart.py
[2022-12-18T04:08:01.215+0000] {logging_mixin.py:120} INFO - [2022-12-18T04:08:01.203+0000] {dag.py:2585} INFO - Sync 1 DAGs
[2022-12-18T04:08:01.817+0000] {logging_mixin.py:120} INFO - [2022-12-18T04:08:01.817+0000] {dag.py:3340} INFO - Setting next_dagrun for dag_data_mart to 2022-12-18T02:00:00+00:00, run_after=2022-12-19T02:00:00+00:00
[2022-12-18T04:08:01.902+0000] {processor.py:176} INFO - Processing /opt/airflow/dags/dag_data_mart.py took 3.608 seconds
[2022-12-18T04:08:32.687+0000] {processor.py:154} INFO - Started process (PID=513) to work on /opt/airflow/dags/dag_data_mart.py
[2022-12-18T04:08:32.689+0000] {processor.py:756} INFO - Processing file /opt/airflow/dags/dag_data_mart.py for tasks to queue
[2022-12-18T04:08:32.690+0000] {logging_mixin.py:120} INFO - [2022-12-18T04:08:32.690+0000] {dagbag.py:537} INFO - Filling up the DagBag from /opt/airflow/dags/dag_data_mart.py
[2022-12-18T04:08:33.520+0000] {processor.py:766} INFO - DAG(s) dict_keys(['dag_data_mart']) retrieved from /opt/airflow/dags/dag_data_mart.py
[2022-12-18T04:08:33.617+0000] {logging_mixin.py:120} INFO - [2022-12-18T04:08:33.617+0000] {dag.py:2585} INFO - Sync 1 DAGs
[2022-12-18T04:08:33.868+0000] {logging_mixin.py:120} INFO - [2022-12-18T04:08:33.868+0000] {dag.py:3340} INFO - Setting next_dagrun for dag_data_mart to 2022-12-18T02:00:00+00:00, run_after=2022-12-19T02:00:00+00:00
[2022-12-18T04:08:33.904+0000] {processor.py:176} INFO - Processing /opt/airflow/dags/dag_data_mart.py took 1.224 seconds
[2022-12-18T04:09:04.419+0000] {processor.py:154} INFO - Started process (PID=535) to work on /opt/airflow/dags/dag_data_mart.py
[2022-12-18T04:09:04.421+0000] {processor.py:756} INFO - Processing file /opt/airflow/dags/dag_data_mart.py for tasks to queue
[2022-12-18T04:09:04.423+0000] {logging_mixin.py:120} INFO - [2022-12-18T04:09:04.423+0000] {dagbag.py:537} INFO - Filling up the DagBag from /opt/airflow/dags/dag_data_mart.py
[2022-12-18T04:09:05.471+0000] {processor.py:766} INFO - DAG(s) dict_keys(['dag_data_mart']) retrieved from /opt/airflow/dags/dag_data_mart.py
[2022-12-18T04:09:05.776+0000] {logging_mixin.py:120} INFO - [2022-12-18T04:09:05.775+0000] {dag.py:2585} INFO - Sync 1 DAGs
[2022-12-18T04:09:05.833+0000] {logging_mixin.py:120} INFO - [2022-12-18T04:09:05.833+0000] {dag.py:3340} INFO - Setting next_dagrun for dag_data_mart to 2022-12-18T02:00:00+00:00, run_after=2022-12-19T02:00:00+00:00
[2022-12-18T04:09:05.885+0000] {processor.py:176} INFO - Processing /opt/airflow/dags/dag_data_mart.py took 1.473 seconds
[2022-12-18T04:09:36.803+0000] {processor.py:154} INFO - Started process (PID=566) to work on /opt/airflow/dags/dag_data_mart.py
[2022-12-18T04:09:36.807+0000] {processor.py:756} INFO - Processing file /opt/airflow/dags/dag_data_mart.py for tasks to queue
[2022-12-18T04:09:36.810+0000] {logging_mixin.py:120} INFO - [2022-12-18T04:09:36.809+0000] {dagbag.py:537} INFO - Filling up the DagBag from /opt/airflow/dags/dag_data_mart.py
[2022-12-18T04:09:39.583+0000] {processor.py:766} INFO - DAG(s) dict_keys(['dag_data_mart']) retrieved from /opt/airflow/dags/dag_data_mart.py
[2022-12-18T04:09:39.945+0000] {logging_mixin.py:120} INFO - [2022-12-18T04:09:39.944+0000] {dag.py:2585} INFO - Sync 1 DAGs
[2022-12-18T04:09:40.010+0000] {logging_mixin.py:120} INFO - [2022-12-18T04:09:40.010+0000] {dag.py:3340} INFO - Setting next_dagrun for dag_data_mart to 2022-12-18T02:00:00+00:00, run_after=2022-12-19T02:00:00+00:00
[2022-12-18T04:09:40.062+0000] {processor.py:176} INFO - Processing /opt/airflow/dags/dag_data_mart.py took 3.279 seconds
[2022-12-18T04:10:10.855+0000] {processor.py:154} INFO - Started process (PID=587) to work on /opt/airflow/dags/dag_data_mart.py
[2022-12-18T04:10:10.861+0000] {processor.py:756} INFO - Processing file /opt/airflow/dags/dag_data_mart.py for tasks to queue
[2022-12-18T04:10:10.868+0000] {logging_mixin.py:120} INFO - [2022-12-18T04:10:10.866+0000] {dagbag.py:537} INFO - Filling up the DagBag from /opt/airflow/dags/dag_data_mart.py
[2022-12-18T04:10:11.655+0000] {processor.py:766} INFO - DAG(s) dict_keys(['dag_data_mart']) retrieved from /opt/airflow/dags/dag_data_mart.py
[2022-12-18T04:10:11.894+0000] {logging_mixin.py:120} INFO - [2022-12-18T04:10:11.893+0000] {dag.py:2585} INFO - Sync 1 DAGs
[2022-12-18T04:10:11.934+0000] {logging_mixin.py:120} INFO - [2022-12-18T04:10:11.934+0000] {dag.py:3340} INFO - Setting next_dagrun for dag_data_mart to 2022-12-18T02:00:00+00:00, run_after=2022-12-19T02:00:00+00:00
[2022-12-18T04:10:11.968+0000] {processor.py:176} INFO - Processing /opt/airflow/dags/dag_data_mart.py took 1.138 seconds
[2022-12-18T04:10:42.570+0000] {processor.py:154} INFO - Started process (PID=608) to work on /opt/airflow/dags/dag_data_mart.py
[2022-12-18T04:10:42.572+0000] {processor.py:756} INFO - Processing file /opt/airflow/dags/dag_data_mart.py for tasks to queue
[2022-12-18T04:10:42.574+0000] {logging_mixin.py:120} INFO - [2022-12-18T04:10:42.574+0000] {dagbag.py:537} INFO - Filling up the DagBag from /opt/airflow/dags/dag_data_mart.py
[2022-12-18T04:10:43.524+0000] {processor.py:766} INFO - DAG(s) dict_keys(['dag_data_mart']) retrieved from /opt/airflow/dags/dag_data_mart.py
[2022-12-18T04:10:43.682+0000] {logging_mixin.py:120} INFO - [2022-12-18T04:10:43.670+0000] {dag.py:2585} INFO - Sync 1 DAGs
[2022-12-18T04:10:43.893+0000] {logging_mixin.py:120} INFO - [2022-12-18T04:10:43.892+0000] {dag.py:3340} INFO - Setting next_dagrun for dag_data_mart to 2022-12-18T02:00:00+00:00, run_after=2022-12-19T02:00:00+00:00
[2022-12-18T04:10:43.942+0000] {processor.py:176} INFO - Processing /opt/airflow/dags/dag_data_mart.py took 1.381 seconds
[2022-12-18T04:11:14.457+0000] {processor.py:154} INFO - Started process (PID=638) to work on /opt/airflow/dags/dag_data_mart.py
[2022-12-18T04:11:14.468+0000] {processor.py:756} INFO - Processing file /opt/airflow/dags/dag_data_mart.py for tasks to queue
[2022-12-18T04:11:14.475+0000] {logging_mixin.py:120} INFO - [2022-12-18T04:11:14.474+0000] {dagbag.py:537} INFO - Filling up the DagBag from /opt/airflow/dags/dag_data_mart.py
[2022-12-18T04:11:15.901+0000] {processor.py:766} INFO - DAG(s) dict_keys(['dag_data_mart']) retrieved from /opt/airflow/dags/dag_data_mart.py
[2022-12-18T04:11:16.058+0000] {logging_mixin.py:120} INFO - [2022-12-18T04:11:16.056+0000] {dag.py:2585} INFO - Sync 1 DAGs
[2022-12-18T04:11:16.468+0000] {logging_mixin.py:120} INFO - [2022-12-18T04:11:16.468+0000] {dag.py:3340} INFO - Setting next_dagrun for dag_data_mart to 2022-12-18T02:00:00+00:00, run_after=2022-12-19T02:00:00+00:00
[2022-12-18T04:11:16.509+0000] {processor.py:176} INFO - Processing /opt/airflow/dags/dag_data_mart.py took 2.069 seconds
[2022-12-18T04:11:46.790+0000] {processor.py:154} INFO - Started process (PID=660) to work on /opt/airflow/dags/dag_data_mart.py
[2022-12-18T04:11:46.801+0000] {processor.py:756} INFO - Processing file /opt/airflow/dags/dag_data_mart.py for tasks to queue
[2022-12-18T04:11:46.818+0000] {logging_mixin.py:120} INFO - [2022-12-18T04:11:46.817+0000] {dagbag.py:537} INFO - Filling up the DagBag from /opt/airflow/dags/dag_data_mart.py
[2022-12-18T04:11:50.842+0000] {processor.py:766} INFO - DAG(s) dict_keys(['dag_data_mart']) retrieved from /opt/airflow/dags/dag_data_mart.py
[2022-12-18T04:11:51.086+0000] {logging_mixin.py:120} INFO - [2022-12-18T04:11:51.084+0000] {dag.py:2585} INFO - Sync 1 DAGs
[2022-12-18T04:11:52.021+0000] {logging_mixin.py:120} INFO - [2022-12-18T04:11:52.021+0000] {dag.py:3340} INFO - Setting next_dagrun for dag_data_mart to 2022-12-18T02:00:00+00:00, run_after=2022-12-19T02:00:00+00:00
[2022-12-18T04:11:52.207+0000] {processor.py:176} INFO - Processing /opt/airflow/dags/dag_data_mart.py took 5.462 seconds
