[2022-12-18T03:57:56.400+0000] {processor.py:154} INFO - Started process (PID=110) to work on /opt/airflow/dags/dag_export_data.py
[2022-12-18T03:57:56.421+0000] {processor.py:756} INFO - Processing file /opt/airflow/dags/dag_export_data.py for tasks to queue
[2022-12-18T03:57:56.441+0000] {logging_mixin.py:120} INFO - [2022-12-18T03:57:56.441+0000] {dagbag.py:537} INFO - Filling up the DagBag from /opt/airflow/dags/dag_export_data.py
[2022-12-18T03:58:15.109+0000] {processor.py:766} INFO - DAG(s) dict_keys(['dag_export_revenue', 'dag_export_song', 'dag_export_transaction']) retrieved from /opt/airflow/dags/dag_export_data.py
[2022-12-18T03:58:25.950+0000] {logging_mixin.py:120} INFO - [2022-12-18T03:58:25.949+0000] {dag.py:2585} INFO - Sync 3 DAGs
[2022-12-18T03:58:26.482+0000] {logging_mixin.py:120} INFO - [2022-12-18T03:58:26.482+0000] {dag.py:3340} INFO - Setting next_dagrun for dag_export_revenue to 2022-12-18T00:00:00+00:00, run_after=2022-12-19T00:00:00+00:00
[2022-12-18T03:58:26.669+0000] {logging_mixin.py:120} INFO - [2022-12-18T03:58:26.669+0000] {dag.py:3340} INFO - Setting next_dagrun for dag_export_song to 2022-12-18T00:00:00+00:00, run_after=2022-12-21T00:00:00+00:00
[2022-12-18T03:58:26.758+0000] {logging_mixin.py:120} INFO - [2022-12-18T03:58:26.756+0000] {dag.py:3340} INFO - Setting next_dagrun for dag_export_transaction to 2022-12-18T02:00:00+00:00, run_after=2022-12-18T05:00:00+00:00
[2022-12-18T03:58:27.392+0000] {processor.py:176} INFO - Processing /opt/airflow/dags/dag_export_data.py took 31.201 seconds
[2022-12-18T03:58:59.065+0000] {processor.py:154} INFO - Started process (PID=150) to work on /opt/airflow/dags/dag_export_data.py
[2022-12-18T03:58:59.079+0000] {processor.py:756} INFO - Processing file /opt/airflow/dags/dag_export_data.py for tasks to queue
[2022-12-18T03:58:59.088+0000] {logging_mixin.py:120} INFO - [2022-12-18T03:58:59.087+0000] {dagbag.py:537} INFO - Filling up the DagBag from /opt/airflow/dags/dag_export_data.py
[2022-12-18T03:59:29.126+0000] {logging_mixin.py:120} INFO - [2022-12-18T03:59:29.113+0000] {timeout.py:68} ERROR - Process timed out, PID: 150
[2022-12-18T03:59:30.039+0000] {logging_mixin.py:120} INFO - [2022-12-18T03:59:29.146+0000] {dagbag.py:342} ERROR - Failed to import: /opt/airflow/dags/dag_export_data.py
Traceback (most recent call last):
  File "/home/airflow/.local/lib/python3.7/site-packages/airflow/models/dagbag.py", line 338, in parse
    loader.exec_module(new_module)
  File "<frozen importlib._bootstrap_external>", line 728, in exec_module
  File "<frozen importlib._bootstrap>", line 219, in _call_with_frames_removed
  File "/opt/airflow/dags/dag_export_data.py", line 3, in <module>
    from extract import *
  File "/opt/airflow/plugins/extract.py", line 3, in <module>
    from load import *
  File "/opt/airflow/plugins/load.py", line 1, in <module>
    from google.cloud import bigquery
  File "/home/airflow/.local/lib/python3.7/site-packages/google/cloud/bigquery/__init__.py", line 35, in <module>
    from google.cloud.bigquery.client import Client
  File "/home/airflow/.local/lib/python3.7/site-packages/google/cloud/bigquery/client.py", line 74, in <module>
    from google.cloud.bigquery import _pandas_helpers
  File "/home/airflow/.local/lib/python3.7/site-packages/google/cloud/bigquery/_pandas_helpers.py", line 67, in <module>
    from google.cloud.bigquery import schema
  File "/home/airflow/.local/lib/python3.7/site-packages/google/cloud/bigquery/schema.py", line 21, in <module>
    from google.cloud.bigquery_v2 import types
  File "/home/airflow/.local/lib/python3.7/site-packages/google/cloud/bigquery_v2/__init__.py", line 18, in <module>
    from .types.encryption_config import EncryptionConfiguration
  File "/home/airflow/.local/lib/python3.7/site-packages/google/cloud/bigquery_v2/types/__init__.py", line 17, in <module>
    from .model import (
  File "/home/airflow/.local/lib/python3.7/site-packages/google/cloud/bigquery_v2/types/model.py", line 19, in <module>
    from google.cloud.bigquery_v2.types import model_reference as gcb_model_reference
  File "<frozen importlib._bootstrap>", line 983, in _find_and_load
  File "<frozen importlib._bootstrap>", line 963, in _find_and_load_unlocked
  File "/home/airflow/.local/lib/python3.7/site-packages/airflow/utils/timeout.py", line 69, in handle_timeout
    raise AirflowTaskTimeout(self.error_message)
airflow.exceptions.AirflowTaskTimeout: DagBag import timeout for /opt/airflow/dags/dag_export_data.py after 30.0s.
Please take a look at these docs to improve your DAG import time:
* https://airflow.apache.org/docs/apache-airflow/2.4.2/best-practices.html#top-level-python-code
* https://airflow.apache.org/docs/apache-airflow/2.4.2/best-practices.html#reducing-dag-complexity, PID: 150
[2022-12-18T03:59:30.057+0000] {processor.py:768} WARNING - No viable dags retrieved from /opt/airflow/dags/dag_export_data.py
[2022-12-18T03:59:30.348+0000] {processor.py:176} INFO - Processing /opt/airflow/dags/dag_export_data.py took 31.541 seconds
[2022-12-18T04:00:01.072+0000] {processor.py:154} INFO - Started process (PID=183) to work on /opt/airflow/dags/dag_export_data.py
[2022-12-18T04:00:01.139+0000] {processor.py:756} INFO - Processing file /opt/airflow/dags/dag_export_data.py for tasks to queue
[2022-12-18T04:00:01.143+0000] {logging_mixin.py:120} INFO - [2022-12-18T04:00:01.143+0000] {dagbag.py:537} INFO - Filling up the DagBag from /opt/airflow/dags/dag_export_data.py
[2022-12-18T04:00:06.626+0000] {processor.py:766} INFO - DAG(s) dict_keys(['dag_export_song', 'dag_export_revenue', 'dag_export_transaction']) retrieved from /opt/airflow/dags/dag_export_data.py
[2022-12-18T04:00:11.289+0000] {logging_mixin.py:120} INFO - [2022-12-18T04:00:11.285+0000] {dag.py:2585} INFO - Sync 3 DAGs
[2022-12-18T04:00:11.527+0000] {logging_mixin.py:120} INFO - [2022-12-18T04:00:11.526+0000] {dag.py:3340} INFO - Setting next_dagrun for dag_export_revenue to 2022-12-18T00:00:00+00:00, run_after=2022-12-19T00:00:00+00:00
[2022-12-18T04:00:11.598+0000] {logging_mixin.py:120} INFO - [2022-12-18T04:00:11.598+0000] {dag.py:3340} INFO - Setting next_dagrun for dag_export_song to 2022-12-18T00:00:00+00:00, run_after=2022-12-21T00:00:00+00:00
[2022-12-18T04:00:11.634+0000] {logging_mixin.py:120} INFO - [2022-12-18T04:00:11.634+0000] {dag.py:3340} INFO - Setting next_dagrun for dag_export_transaction to 2022-12-18T02:00:00+00:00, run_after=2022-12-18T05:00:00+00:00
[2022-12-18T04:00:12.063+0000] {processor.py:176} INFO - Processing /opt/airflow/dags/dag_export_data.py took 10.998 seconds
[2022-12-18T04:00:43.253+0000] {processor.py:154} INFO - Started process (PID=205) to work on /opt/airflow/dags/dag_export_data.py
[2022-12-18T04:00:43.360+0000] {processor.py:756} INFO - Processing file /opt/airflow/dags/dag_export_data.py for tasks to queue
[2022-12-18T04:00:43.472+0000] {logging_mixin.py:120} INFO - [2022-12-18T04:00:43.472+0000] {dagbag.py:537} INFO - Filling up the DagBag from /opt/airflow/dags/dag_export_data.py
[2022-12-18T04:00:53.757+0000] {processor.py:766} INFO - DAG(s) dict_keys(['dag_export_transaction', 'dag_export_song', 'dag_export_revenue']) retrieved from /opt/airflow/dags/dag_export_data.py
[2022-12-18T04:00:54.593+0000] {logging_mixin.py:120} INFO - [2022-12-18T04:00:54.592+0000] {dag.py:2585} INFO - Sync 3 DAGs
[2022-12-18T04:00:57.770+0000] {logging_mixin.py:120} INFO - [2022-12-18T04:00:57.769+0000] {dag.py:3340} INFO - Setting next_dagrun for dag_export_revenue to 2022-12-18T00:00:00+00:00, run_after=2022-12-19T00:00:00+00:00
[2022-12-18T04:00:58.081+0000] {logging_mixin.py:120} INFO - [2022-12-18T04:00:58.080+0000] {dag.py:3340} INFO - Setting next_dagrun for dag_export_song to 2022-12-18T00:00:00+00:00, run_after=2022-12-21T00:00:00+00:00
[2022-12-18T04:00:58.945+0000] {logging_mixin.py:120} INFO - [2022-12-18T04:00:58.917+0000] {dag.py:3340} INFO - Setting next_dagrun for dag_export_transaction to 2022-12-18T02:00:00+00:00, run_after=2022-12-18T05:00:00+00:00
[2022-12-18T04:00:59.847+0000] {processor.py:176} INFO - Processing /opt/airflow/dags/dag_export_data.py took 16.618 seconds
[2022-12-18T04:01:30.676+0000] {processor.py:154} INFO - Started process (PID=228) to work on /opt/airflow/dags/dag_export_data.py
[2022-12-18T04:01:30.700+0000] {processor.py:756} INFO - Processing file /opt/airflow/dags/dag_export_data.py for tasks to queue
[2022-12-18T04:01:30.716+0000] {logging_mixin.py:120} INFO - [2022-12-18T04:01:30.716+0000] {dagbag.py:537} INFO - Filling up the DagBag from /opt/airflow/dags/dag_export_data.py
[2022-12-18T04:01:34.489+0000] {processor.py:766} INFO - DAG(s) dict_keys(['dag_export_revenue', 'dag_export_transaction', 'dag_export_song']) retrieved from /opt/airflow/dags/dag_export_data.py
[2022-12-18T04:01:36.017+0000] {logging_mixin.py:120} INFO - [2022-12-18T04:01:36.016+0000] {dag.py:2585} INFO - Sync 3 DAGs
[2022-12-18T04:01:36.237+0000] {logging_mixin.py:120} INFO - [2022-12-18T04:01:36.236+0000] {dag.py:3340} INFO - Setting next_dagrun for dag_export_revenue to 2022-12-18T00:00:00+00:00, run_after=2022-12-19T00:00:00+00:00
[2022-12-18T04:01:36.297+0000] {logging_mixin.py:120} INFO - [2022-12-18T04:01:36.297+0000] {dag.py:3340} INFO - Setting next_dagrun for dag_export_song to 2022-12-18T00:00:00+00:00, run_after=2022-12-21T00:00:00+00:00
[2022-12-18T04:01:36.332+0000] {logging_mixin.py:120} INFO - [2022-12-18T04:01:36.332+0000] {dag.py:3340} INFO - Setting next_dagrun for dag_export_transaction to 2022-12-18T02:00:00+00:00, run_after=2022-12-18T05:00:00+00:00
[2022-12-18T04:01:36.431+0000] {processor.py:176} INFO - Processing /opt/airflow/dags/dag_export_data.py took 5.761 seconds
[2022-12-18T04:02:06.564+0000] {processor.py:154} INFO - Started process (PID=249) to work on /opt/airflow/dags/dag_export_data.py
[2022-12-18T04:02:06.566+0000] {processor.py:756} INFO - Processing file /opt/airflow/dags/dag_export_data.py for tasks to queue
[2022-12-18T04:02:06.568+0000] {logging_mixin.py:120} INFO - [2022-12-18T04:02:06.568+0000] {dagbag.py:537} INFO - Filling up the DagBag from /opt/airflow/dags/dag_export_data.py
[2022-12-18T04:02:08.163+0000] {processor.py:766} INFO - DAG(s) dict_keys(['dag_export_revenue', 'dag_export_transaction', 'dag_export_song']) retrieved from /opt/airflow/dags/dag_export_data.py
[2022-12-18T04:02:08.538+0000] {logging_mixin.py:120} INFO - [2022-12-18T04:02:08.536+0000] {dag.py:2585} INFO - Sync 3 DAGs
[2022-12-18T04:02:08.650+0000] {logging_mixin.py:120} INFO - [2022-12-18T04:02:08.649+0000] {dag.py:3340} INFO - Setting next_dagrun for dag_export_revenue to 2022-12-18T00:00:00+00:00, run_after=2022-12-19T00:00:00+00:00
[2022-12-18T04:02:08.671+0000] {logging_mixin.py:120} INFO - [2022-12-18T04:02:08.671+0000] {dag.py:3340} INFO - Setting next_dagrun for dag_export_song to 2022-12-18T00:00:00+00:00, run_after=2022-12-21T00:00:00+00:00
[2022-12-18T04:02:08.686+0000] {logging_mixin.py:120} INFO - [2022-12-18T04:02:08.686+0000] {dag.py:3340} INFO - Setting next_dagrun for dag_export_transaction to 2022-12-18T02:00:00+00:00, run_after=2022-12-18T05:00:00+00:00
[2022-12-18T04:02:08.719+0000] {processor.py:176} INFO - Processing /opt/airflow/dags/dag_export_data.py took 2.164 seconds
[2022-12-18T04:02:39.576+0000] {processor.py:154} INFO - Started process (PID=272) to work on /opt/airflow/dags/dag_export_data.py
[2022-12-18T04:02:39.578+0000] {processor.py:756} INFO - Processing file /opt/airflow/dags/dag_export_data.py for tasks to queue
[2022-12-18T04:02:39.581+0000] {logging_mixin.py:120} INFO - [2022-12-18T04:02:39.580+0000] {dagbag.py:537} INFO - Filling up the DagBag from /opt/airflow/dags/dag_export_data.py
[2022-12-18T04:02:41.057+0000] {processor.py:766} INFO - DAG(s) dict_keys(['dag_export_revenue', 'dag_export_song', 'dag_export_transaction']) retrieved from /opt/airflow/dags/dag_export_data.py
[2022-12-18T04:02:41.842+0000] {logging_mixin.py:120} INFO - [2022-12-18T04:02:41.840+0000] {dag.py:2585} INFO - Sync 3 DAGs
[2022-12-18T04:02:42.083+0000] {logging_mixin.py:120} INFO - [2022-12-18T04:02:42.083+0000] {dag.py:3340} INFO - Setting next_dagrun for dag_export_revenue to 2022-12-18T00:00:00+00:00, run_after=2022-12-19T00:00:00+00:00
[2022-12-18T04:02:42.117+0000] {logging_mixin.py:120} INFO - [2022-12-18T04:02:42.117+0000] {dag.py:3340} INFO - Setting next_dagrun for dag_export_song to 2022-12-18T00:00:00+00:00, run_after=2022-12-21T00:00:00+00:00
[2022-12-18T04:02:42.140+0000] {logging_mixin.py:120} INFO - [2022-12-18T04:02:42.140+0000] {dag.py:3340} INFO - Setting next_dagrun for dag_export_transaction to 2022-12-17T23:00:00+00:00, run_after=2022-12-18T02:00:00+00:00
[2022-12-18T04:02:42.227+0000] {processor.py:176} INFO - Processing /opt/airflow/dags/dag_export_data.py took 2.659 seconds
[2022-12-18T04:03:12.613+0000] {processor.py:154} INFO - Started process (PID=294) to work on /opt/airflow/dags/dag_export_data.py
[2022-12-18T04:03:12.617+0000] {processor.py:756} INFO - Processing file /opt/airflow/dags/dag_export_data.py for tasks to queue
[2022-12-18T04:03:12.619+0000] {logging_mixin.py:120} INFO - [2022-12-18T04:03:12.618+0000] {dagbag.py:537} INFO - Filling up the DagBag from /opt/airflow/dags/dag_export_data.py
[2022-12-18T04:03:17.503+0000] {processor.py:766} INFO - DAG(s) dict_keys(['dag_export_song', 'dag_export_transaction', 'dag_export_revenue']) retrieved from /opt/airflow/dags/dag_export_data.py
[2022-12-18T04:03:18.044+0000] {logging_mixin.py:120} INFO - [2022-12-18T04:03:18.033+0000] {dag.py:2585} INFO - Sync 3 DAGs
[2022-12-18T04:03:18.364+0000] {logging_mixin.py:120} INFO - [2022-12-18T04:03:18.353+0000] {dag.py:3340} INFO - Setting next_dagrun for dag_export_revenue to 2022-12-17T00:00:00+00:00, run_after=2022-12-18T00:00:00+00:00
[2022-12-18T04:03:18.430+0000] {logging_mixin.py:120} INFO - [2022-12-18T04:03:18.430+0000] {dag.py:3340} INFO - Setting next_dagrun for dag_export_song to 2022-12-17T00:00:00+00:00, run_after=2022-12-18T00:00:00+00:00
[2022-12-18T04:03:18.508+0000] {logging_mixin.py:120} INFO - [2022-12-18T04:03:18.507+0000] {dag.py:3340} INFO - Setting next_dagrun for dag_export_transaction to 2022-12-18T02:00:00+00:00, run_after=2022-12-18T05:00:00+00:00
[2022-12-18T04:03:18.796+0000] {processor.py:176} INFO - Processing /opt/airflow/dags/dag_export_data.py took 6.212 seconds
[2022-12-18T04:03:50.823+0000] {processor.py:154} INFO - Started process (PID=323) to work on /opt/airflow/dags/dag_export_data.py
[2022-12-18T04:03:50.896+0000] {processor.py:756} INFO - Processing file /opt/airflow/dags/dag_export_data.py for tasks to queue
[2022-12-18T04:03:50.917+0000] {logging_mixin.py:120} INFO - [2022-12-18T04:03:50.914+0000] {dagbag.py:537} INFO - Filling up the DagBag from /opt/airflow/dags/dag_export_data.py
[2022-12-18T04:04:08.156+0000] {processor.py:766} INFO - DAG(s) dict_keys(['dag_export_song', 'dag_export_revenue', 'dag_export_transaction']) retrieved from /opt/airflow/dags/dag_export_data.py
[2022-12-18T04:04:10.225+0000] {logging_mixin.py:120} INFO - [2022-12-18T04:04:10.197+0000] {dag.py:2585} INFO - Sync 3 DAGs
[2022-12-18T04:04:19.667+0000] {logging_mixin.py:120} INFO - [2022-12-18T04:04:19.666+0000] {dag.py:3340} INFO - Setting next_dagrun for dag_export_revenue to 2022-12-18T00:00:00+00:00, run_after=2022-12-19T00:00:00+00:00
[2022-12-18T04:04:19.818+0000] {logging_mixin.py:120} INFO - [2022-12-18T04:04:19.817+0000] {dag.py:3340} INFO - Setting next_dagrun for dag_export_song to 2022-12-18T00:00:00+00:00, run_after=2022-12-21T00:00:00+00:00
[2022-12-18T04:04:19.957+0000] {logging_mixin.py:120} INFO - [2022-12-18T04:04:19.956+0000] {dag.py:3340} INFO - Setting next_dagrun for dag_export_transaction to 2022-12-18T02:00:00+00:00, run_after=2022-12-18T05:00:00+00:00
[2022-12-18T04:04:21.338+0000] {processor.py:176} INFO - Processing /opt/airflow/dags/dag_export_data.py took 30.580 seconds
[2022-12-18T04:04:53.642+0000] {processor.py:154} INFO - Started process (PID=353) to work on /opt/airflow/dags/dag_export_data.py
[2022-12-18T04:04:53.690+0000] {processor.py:756} INFO - Processing file /opt/airflow/dags/dag_export_data.py for tasks to queue
[2022-12-18T04:04:53.709+0000] {logging_mixin.py:120} INFO - [2022-12-18T04:04:53.708+0000] {dagbag.py:537} INFO - Filling up the DagBag from /opt/airflow/dags/dag_export_data.py
[2022-12-18T04:05:13.631+0000] {processor.py:766} INFO - DAG(s) dict_keys(['dag_export_revenue', 'dag_export_song', 'dag_export_transaction']) retrieved from /opt/airflow/dags/dag_export_data.py
[2022-12-18T04:05:14.569+0000] {logging_mixin.py:120} INFO - [2022-12-18T04:05:14.541+0000] {dag.py:2585} INFO - Sync 3 DAGs
[2022-12-18T04:05:17.417+0000] {logging_mixin.py:120} INFO - [2022-12-18T04:05:17.417+0000] {dag.py:3340} INFO - Setting next_dagrun for dag_export_revenue to 2022-12-18T00:00:00+00:00, run_after=2022-12-19T00:00:00+00:00
[2022-12-18T04:05:17.471+0000] {logging_mixin.py:120} INFO - [2022-12-18T04:05:17.471+0000] {dag.py:3340} INFO - Setting next_dagrun for dag_export_song to 2022-12-18T00:00:00+00:00, run_after=2022-12-21T00:00:00+00:00
[2022-12-18T04:05:17.556+0000] {logging_mixin.py:120} INFO - [2022-12-18T04:05:17.556+0000] {dag.py:3340} INFO - Setting next_dagrun for dag_export_transaction to 2022-12-18T02:00:00+00:00, run_after=2022-12-18T05:00:00+00:00
[2022-12-18T04:05:17.818+0000] {processor.py:176} INFO - Processing /opt/airflow/dags/dag_export_data.py took 24.415 seconds
[2022-12-18T04:05:48.011+0000] {processor.py:154} INFO - Started process (PID=384) to work on /opt/airflow/dags/dag_export_data.py
[2022-12-18T04:05:48.017+0000] {processor.py:756} INFO - Processing file /opt/airflow/dags/dag_export_data.py for tasks to queue
[2022-12-18T04:05:48.021+0000] {logging_mixin.py:120} INFO - [2022-12-18T04:05:48.020+0000] {dagbag.py:537} INFO - Filling up the DagBag from /opt/airflow/dags/dag_export_data.py
[2022-12-18T04:05:49.998+0000] {processor.py:766} INFO - DAG(s) dict_keys(['dag_export_transaction', 'dag_export_song', 'dag_export_revenue']) retrieved from /opt/airflow/dags/dag_export_data.py
[2022-12-18T04:05:50.868+0000] {logging_mixin.py:120} INFO - [2022-12-18T04:05:50.866+0000] {dag.py:2585} INFO - Sync 3 DAGs
[2022-12-18T04:05:51.074+0000] {logging_mixin.py:120} INFO - [2022-12-18T04:05:51.073+0000] {dag.py:3340} INFO - Setting next_dagrun for dag_export_revenue to 2022-12-18T00:00:00+00:00, run_after=2022-12-19T00:00:00+00:00
[2022-12-18T04:05:51.134+0000] {logging_mixin.py:120} INFO - [2022-12-18T04:05:51.133+0000] {dag.py:3340} INFO - Setting next_dagrun for dag_export_song to 2022-12-18T00:00:00+00:00, run_after=2022-12-21T00:00:00+00:00
[2022-12-18T04:05:51.151+0000] {logging_mixin.py:120} INFO - [2022-12-18T04:05:51.151+0000] {dag.py:3340} INFO - Setting next_dagrun for dag_export_transaction to 2022-12-18T02:00:00+00:00, run_after=2022-12-18T05:00:00+00:00
[2022-12-18T04:05:51.212+0000] {processor.py:176} INFO - Processing /opt/airflow/dags/dag_export_data.py took 3.209 seconds
[2022-12-18T04:06:21.904+0000] {processor.py:154} INFO - Started process (PID=416) to work on /opt/airflow/dags/dag_export_data.py
[2022-12-18T04:06:21.906+0000] {processor.py:756} INFO - Processing file /opt/airflow/dags/dag_export_data.py for tasks to queue
[2022-12-18T04:06:21.908+0000] {logging_mixin.py:120} INFO - [2022-12-18T04:06:21.907+0000] {dagbag.py:537} INFO - Filling up the DagBag from /opt/airflow/dags/dag_export_data.py
[2022-12-18T04:06:23.064+0000] {processor.py:766} INFO - DAG(s) dict_keys(['dag_export_revenue', 'dag_export_song', 'dag_export_transaction']) retrieved from /opt/airflow/dags/dag_export_data.py
[2022-12-18T04:06:23.523+0000] {logging_mixin.py:120} INFO - [2022-12-18T04:06:23.522+0000] {dag.py:2585} INFO - Sync 3 DAGs
[2022-12-18T04:06:23.631+0000] {logging_mixin.py:120} INFO - [2022-12-18T04:06:23.631+0000] {dag.py:3340} INFO - Setting next_dagrun for dag_export_revenue to 2022-12-18T00:00:00+00:00, run_after=2022-12-19T00:00:00+00:00
[2022-12-18T04:06:23.646+0000] {logging_mixin.py:120} INFO - [2022-12-18T04:06:23.645+0000] {dag.py:3340} INFO - Setting next_dagrun for dag_export_song to 2022-12-18T00:00:00+00:00, run_after=2022-12-21T00:00:00+00:00
[2022-12-18T04:06:23.655+0000] {logging_mixin.py:120} INFO - [2022-12-18T04:06:23.655+0000] {dag.py:3340} INFO - Setting next_dagrun for dag_export_transaction to 2022-12-18T02:00:00+00:00, run_after=2022-12-18T05:00:00+00:00
[2022-12-18T04:06:23.682+0000] {processor.py:176} INFO - Processing /opt/airflow/dags/dag_export_data.py took 1.787 seconds
[2022-12-18T04:06:53.974+0000] {processor.py:154} INFO - Started process (PID=438) to work on /opt/airflow/dags/dag_export_data.py
[2022-12-18T04:06:53.975+0000] {processor.py:756} INFO - Processing file /opt/airflow/dags/dag_export_data.py for tasks to queue
[2022-12-18T04:06:53.978+0000] {logging_mixin.py:120} INFO - [2022-12-18T04:06:53.977+0000] {dagbag.py:537} INFO - Filling up the DagBag from /opt/airflow/dags/dag_export_data.py
[2022-12-18T04:06:54.725+0000] {processor.py:766} INFO - DAG(s) dict_keys(['dag_export_song', 'dag_export_transaction', 'dag_export_revenue']) retrieved from /opt/airflow/dags/dag_export_data.py
[2022-12-18T04:06:55.011+0000] {logging_mixin.py:120} INFO - [2022-12-18T04:06:55.010+0000] {dag.py:2585} INFO - Sync 3 DAGs
[2022-12-18T04:06:55.056+0000] {logging_mixin.py:120} INFO - [2022-12-18T04:06:55.056+0000] {dag.py:3340} INFO - Setting next_dagrun for dag_export_revenue to 2022-12-18T00:00:00+00:00, run_after=2022-12-19T00:00:00+00:00
[2022-12-18T04:06:55.072+0000] {logging_mixin.py:120} INFO - [2022-12-18T04:06:55.072+0000] {dag.py:3340} INFO - Setting next_dagrun for dag_export_song to 2022-12-18T00:00:00+00:00, run_after=2022-12-21T00:00:00+00:00
[2022-12-18T04:06:55.095+0000] {logging_mixin.py:120} INFO - [2022-12-18T04:06:55.095+0000] {dag.py:3340} INFO - Setting next_dagrun for dag_export_transaction to 2022-12-18T02:00:00+00:00, run_after=2022-12-18T05:00:00+00:00
[2022-12-18T04:06:55.124+0000] {processor.py:176} INFO - Processing /opt/airflow/dags/dag_export_data.py took 1.157 seconds
[2022-12-18T04:07:25.638+0000] {processor.py:154} INFO - Started process (PID=460) to work on /opt/airflow/dags/dag_export_data.py
[2022-12-18T04:07:25.641+0000] {processor.py:756} INFO - Processing file /opt/airflow/dags/dag_export_data.py for tasks to queue
[2022-12-18T04:07:25.644+0000] {logging_mixin.py:120} INFO - [2022-12-18T04:07:25.643+0000] {dagbag.py:537} INFO - Filling up the DagBag from /opt/airflow/dags/dag_export_data.py
[2022-12-18T04:07:27.161+0000] {processor.py:766} INFO - DAG(s) dict_keys(['dag_export_song', 'dag_export_revenue', 'dag_export_transaction']) retrieved from /opt/airflow/dags/dag_export_data.py
[2022-12-18T04:07:27.279+0000] {logging_mixin.py:120} INFO - [2022-12-18T04:07:27.278+0000] {dag.py:2585} INFO - Sync 3 DAGs
[2022-12-18T04:07:27.854+0000] {logging_mixin.py:120} INFO - [2022-12-18T04:07:27.854+0000] {dag.py:3340} INFO - Setting next_dagrun for dag_export_revenue to 2022-12-18T00:00:00+00:00, run_after=2022-12-19T00:00:00+00:00
[2022-12-18T04:07:27.877+0000] {logging_mixin.py:120} INFO - [2022-12-18T04:07:27.877+0000] {dag.py:3340} INFO - Setting next_dagrun for dag_export_song to 2022-12-18T00:00:00+00:00, run_after=2022-12-21T00:00:00+00:00
[2022-12-18T04:07:27.903+0000] {logging_mixin.py:120} INFO - [2022-12-18T04:07:27.903+0000] {dag.py:3340} INFO - Setting next_dagrun for dag_export_transaction to 2022-12-18T02:00:00+00:00, run_after=2022-12-18T05:00:00+00:00
[2022-12-18T04:07:28.000+0000] {processor.py:176} INFO - Processing /opt/airflow/dags/dag_export_data.py took 2.372 seconds
[2022-12-18T04:07:58.306+0000] {processor.py:154} INFO - Started process (PID=490) to work on /opt/airflow/dags/dag_export_data.py
[2022-12-18T04:07:58.329+0000] {processor.py:756} INFO - Processing file /opt/airflow/dags/dag_export_data.py for tasks to queue
[2022-12-18T04:07:58.350+0000] {logging_mixin.py:120} INFO - [2022-12-18T04:07:58.349+0000] {dagbag.py:537} INFO - Filling up the DagBag from /opt/airflow/dags/dag_export_data.py
[2022-12-18T04:08:01.086+0000] {processor.py:766} INFO - DAG(s) dict_keys(['dag_export_transaction', 'dag_export_revenue', 'dag_export_song']) retrieved from /opt/airflow/dags/dag_export_data.py
[2022-12-18T04:08:01.372+0000] {logging_mixin.py:120} INFO - [2022-12-18T04:08:01.370+0000] {dag.py:2585} INFO - Sync 3 DAGs
[2022-12-18T04:08:01.911+0000] {logging_mixin.py:120} INFO - [2022-12-18T04:08:01.911+0000] {dag.py:3340} INFO - Setting next_dagrun for dag_export_revenue to 2022-12-18T00:00:00+00:00, run_after=2022-12-19T00:00:00+00:00
[2022-12-18T04:08:01.931+0000] {logging_mixin.py:120} INFO - [2022-12-18T04:08:01.931+0000] {dag.py:3340} INFO - Setting next_dagrun for dag_export_song to 2022-12-18T00:00:00+00:00, run_after=2022-12-21T00:00:00+00:00
[2022-12-18T04:08:01.962+0000] {logging_mixin.py:120} INFO - [2022-12-18T04:08:01.960+0000] {dag.py:3340} INFO - Setting next_dagrun for dag_export_transaction to 2022-12-18T02:00:00+00:00, run_after=2022-12-18T05:00:00+00:00
[2022-12-18T04:08:02.038+0000] {processor.py:176} INFO - Processing /opt/airflow/dags/dag_export_data.py took 3.752 seconds
[2022-12-18T04:08:32.694+0000] {processor.py:154} INFO - Started process (PID=514) to work on /opt/airflow/dags/dag_export_data.py
[2022-12-18T04:08:32.696+0000] {processor.py:756} INFO - Processing file /opt/airflow/dags/dag_export_data.py for tasks to queue
[2022-12-18T04:08:32.698+0000] {logging_mixin.py:120} INFO - [2022-12-18T04:08:32.698+0000] {dagbag.py:537} INFO - Filling up the DagBag from /opt/airflow/dags/dag_export_data.py
[2022-12-18T04:08:33.517+0000] {processor.py:766} INFO - DAG(s) dict_keys(['dag_export_revenue', 'dag_export_song', 'dag_export_transaction']) retrieved from /opt/airflow/dags/dag_export_data.py
[2022-12-18T04:08:33.812+0000] {logging_mixin.py:120} INFO - [2022-12-18T04:08:33.811+0000] {dag.py:2585} INFO - Sync 3 DAGs
[2022-12-18T04:08:33.873+0000] {logging_mixin.py:120} INFO - [2022-12-18T04:08:33.873+0000] {dag.py:3340} INFO - Setting next_dagrun for dag_export_revenue to 2022-12-18T00:00:00+00:00, run_after=2022-12-19T00:00:00+00:00
[2022-12-18T04:08:33.882+0000] {logging_mixin.py:120} INFO - [2022-12-18T04:08:33.882+0000] {dag.py:3340} INFO - Setting next_dagrun for dag_export_song to 2022-12-18T00:00:00+00:00, run_after=2022-12-21T00:00:00+00:00
[2022-12-18T04:08:33.894+0000] {logging_mixin.py:120} INFO - [2022-12-18T04:08:33.894+0000] {dag.py:3340} INFO - Setting next_dagrun for dag_export_transaction to 2022-12-18T02:00:00+00:00, run_after=2022-12-18T05:00:00+00:00
[2022-12-18T04:08:33.925+0000] {processor.py:176} INFO - Processing /opt/airflow/dags/dag_export_data.py took 1.236 seconds
[2022-12-18T04:09:04.429+0000] {processor.py:154} INFO - Started process (PID=536) to work on /opt/airflow/dags/dag_export_data.py
[2022-12-18T04:09:04.430+0000] {processor.py:756} INFO - Processing file /opt/airflow/dags/dag_export_data.py for tasks to queue
[2022-12-18T04:09:04.432+0000] {logging_mixin.py:120} INFO - [2022-12-18T04:09:04.432+0000] {dagbag.py:537} INFO - Filling up the DagBag from /opt/airflow/dags/dag_export_data.py
[2022-12-18T04:09:05.441+0000] {processor.py:766} INFO - DAG(s) dict_keys(['dag_export_transaction', 'dag_export_song', 'dag_export_revenue']) retrieved from /opt/airflow/dags/dag_export_data.py
[2022-12-18T04:09:05.745+0000] {logging_mixin.py:120} INFO - [2022-12-18T04:09:05.744+0000] {dag.py:2585} INFO - Sync 3 DAGs
[2022-12-18T04:09:05.799+0000] {logging_mixin.py:120} INFO - [2022-12-18T04:09:05.799+0000] {dag.py:3340} INFO - Setting next_dagrun for dag_export_revenue to 2022-12-18T00:00:00+00:00, run_after=2022-12-19T00:00:00+00:00
[2022-12-18T04:09:05.822+0000] {logging_mixin.py:120} INFO - [2022-12-18T04:09:05.822+0000] {dag.py:3340} INFO - Setting next_dagrun for dag_export_song to 2022-12-18T00:00:00+00:00, run_after=2022-12-21T00:00:00+00:00
[2022-12-18T04:09:05.845+0000] {logging_mixin.py:120} INFO - [2022-12-18T04:09:05.844+0000] {dag.py:3340} INFO - Setting next_dagrun for dag_export_transaction to 2022-12-18T02:00:00+00:00, run_after=2022-12-18T05:00:00+00:00
[2022-12-18T04:09:05.902+0000] {processor.py:176} INFO - Processing /opt/airflow/dags/dag_export_data.py took 1.480 seconds
[2022-12-18T04:09:36.813+0000] {processor.py:154} INFO - Started process (PID=567) to work on /opt/airflow/dags/dag_export_data.py
[2022-12-18T04:09:36.826+0000] {processor.py:756} INFO - Processing file /opt/airflow/dags/dag_export_data.py for tasks to queue
[2022-12-18T04:09:36.834+0000] {logging_mixin.py:120} INFO - [2022-12-18T04:09:36.834+0000] {dagbag.py:537} INFO - Filling up the DagBag from /opt/airflow/dags/dag_export_data.py
[2022-12-18T04:09:39.596+0000] {processor.py:766} INFO - DAG(s) dict_keys(['dag_export_transaction', 'dag_export_revenue', 'dag_export_song']) retrieved from /opt/airflow/dags/dag_export_data.py
[2022-12-18T04:09:39.979+0000] {logging_mixin.py:120} INFO - [2022-12-18T04:09:39.978+0000] {dag.py:2585} INFO - Sync 3 DAGs
[2022-12-18T04:09:40.051+0000] {logging_mixin.py:120} INFO - [2022-12-18T04:09:40.050+0000] {dag.py:3340} INFO - Setting next_dagrun for dag_export_revenue to 2022-12-18T00:00:00+00:00, run_after=2022-12-19T00:00:00+00:00
[2022-12-18T04:09:40.067+0000] {logging_mixin.py:120} INFO - [2022-12-18T04:09:40.066+0000] {dag.py:3340} INFO - Setting next_dagrun for dag_export_song to 2022-12-18T00:00:00+00:00, run_after=2022-12-21T00:00:00+00:00
[2022-12-18T04:09:40.086+0000] {logging_mixin.py:120} INFO - [2022-12-18T04:09:40.085+0000] {dag.py:3340} INFO - Setting next_dagrun for dag_export_transaction to 2022-12-18T02:00:00+00:00, run_after=2022-12-18T05:00:00+00:00
[2022-12-18T04:09:40.196+0000] {processor.py:176} INFO - Processing /opt/airflow/dags/dag_export_data.py took 3.396 seconds
[2022-12-18T04:10:10.855+0000] {processor.py:154} INFO - Started process (PID=588) to work on /opt/airflow/dags/dag_export_data.py
[2022-12-18T04:10:10.860+0000] {processor.py:756} INFO - Processing file /opt/airflow/dags/dag_export_data.py for tasks to queue
[2022-12-18T04:10:10.865+0000] {logging_mixin.py:120} INFO - [2022-12-18T04:10:10.864+0000] {dagbag.py:537} INFO - Filling up the DagBag from /opt/airflow/dags/dag_export_data.py
[2022-12-18T04:10:11.670+0000] {processor.py:766} INFO - DAG(s) dict_keys(['dag_export_transaction', 'dag_export_song', 'dag_export_revenue']) retrieved from /opt/airflow/dags/dag_export_data.py
[2022-12-18T04:10:11.927+0000] {logging_mixin.py:120} INFO - [2022-12-18T04:10:11.926+0000] {dag.py:2585} INFO - Sync 3 DAGs
[2022-12-18T04:10:11.974+0000] {logging_mixin.py:120} INFO - [2022-12-18T04:10:11.974+0000] {dag.py:3340} INFO - Setting next_dagrun for dag_export_revenue to 2022-12-18T00:00:00+00:00, run_after=2022-12-19T00:00:00+00:00
[2022-12-18T04:10:11.988+0000] {logging_mixin.py:120} INFO - [2022-12-18T04:10:11.988+0000] {dag.py:3340} INFO - Setting next_dagrun for dag_export_song to 2022-12-18T00:00:00+00:00, run_after=2022-12-21T00:00:00+00:00
[2022-12-18T04:10:11.996+0000] {logging_mixin.py:120} INFO - [2022-12-18T04:10:11.996+0000] {dag.py:3340} INFO - Setting next_dagrun for dag_export_transaction to 2022-12-18T02:00:00+00:00, run_after=2022-12-18T05:00:00+00:00
[2022-12-18T04:10:12.021+0000] {processor.py:176} INFO - Processing /opt/airflow/dags/dag_export_data.py took 1.183 seconds
[2022-12-18T04:10:42.569+0000] {processor.py:154} INFO - Started process (PID=609) to work on /opt/airflow/dags/dag_export_data.py
[2022-12-18T04:10:42.571+0000] {processor.py:756} INFO - Processing file /opt/airflow/dags/dag_export_data.py for tasks to queue
[2022-12-18T04:10:42.574+0000] {logging_mixin.py:120} INFO - [2022-12-18T04:10:42.573+0000] {dagbag.py:537} INFO - Filling up the DagBag from /opt/airflow/dags/dag_export_data.py
[2022-12-18T04:10:43.566+0000] {processor.py:766} INFO - DAG(s) dict_keys(['dag_export_revenue', 'dag_export_song', 'dag_export_transaction']) retrieved from /opt/airflow/dags/dag_export_data.py
[2022-12-18T04:10:43.797+0000] {logging_mixin.py:120} INFO - [2022-12-18T04:10:43.796+0000] {dag.py:2585} INFO - Sync 3 DAGs
[2022-12-18T04:10:43.937+0000] {logging_mixin.py:120} INFO - [2022-12-18T04:10:43.937+0000] {dag.py:3340} INFO - Setting next_dagrun for dag_export_revenue to 2022-12-18T00:00:00+00:00, run_after=2022-12-19T00:00:00+00:00
[2022-12-18T04:10:43.953+0000] {logging_mixin.py:120} INFO - [2022-12-18T04:10:43.953+0000] {dag.py:3340} INFO - Setting next_dagrun for dag_export_song to 2022-12-18T00:00:00+00:00, run_after=2022-12-21T00:00:00+00:00
[2022-12-18T04:10:43.971+0000] {logging_mixin.py:120} INFO - [2022-12-18T04:10:43.971+0000] {dag.py:3340} INFO - Setting next_dagrun for dag_export_transaction to 2022-12-18T02:00:00+00:00, run_after=2022-12-18T05:00:00+00:00
[2022-12-18T04:10:44.070+0000] {processor.py:176} INFO - Processing /opt/airflow/dags/dag_export_data.py took 1.508 seconds
[2022-12-18T04:11:14.487+0000] {processor.py:154} INFO - Started process (PID=639) to work on /opt/airflow/dags/dag_export_data.py
[2022-12-18T04:11:14.489+0000] {processor.py:756} INFO - Processing file /opt/airflow/dags/dag_export_data.py for tasks to queue
[2022-12-18T04:11:14.490+0000] {logging_mixin.py:120} INFO - [2022-12-18T04:11:14.490+0000] {dagbag.py:537} INFO - Filling up the DagBag from /opt/airflow/dags/dag_export_data.py
[2022-12-18T04:11:15.903+0000] {processor.py:766} INFO - DAG(s) dict_keys(['dag_export_transaction', 'dag_export_revenue', 'dag_export_song']) retrieved from /opt/airflow/dags/dag_export_data.py
[2022-12-18T04:11:16.059+0000] {logging_mixin.py:120} INFO - [2022-12-18T04:11:16.058+0000] {dag.py:2585} INFO - Sync 3 DAGs
[2022-12-18T04:11:16.477+0000] {logging_mixin.py:120} INFO - [2022-12-18T04:11:16.477+0000] {dag.py:3340} INFO - Setting next_dagrun for dag_export_revenue to 2022-12-18T00:00:00+00:00, run_after=2022-12-19T00:00:00+00:00
[2022-12-18T04:11:16.493+0000] {logging_mixin.py:120} INFO - [2022-12-18T04:11:16.492+0000] {dag.py:3340} INFO - Setting next_dagrun for dag_export_song to 2022-12-18T00:00:00+00:00, run_after=2022-12-21T00:00:00+00:00
[2022-12-18T04:11:16.505+0000] {logging_mixin.py:120} INFO - [2022-12-18T04:11:16.505+0000] {dag.py:3340} INFO - Setting next_dagrun for dag_export_transaction to 2022-12-18T02:00:00+00:00, run_after=2022-12-18T05:00:00+00:00
[2022-12-18T04:11:16.547+0000] {processor.py:176} INFO - Processing /opt/airflow/dags/dag_export_data.py took 2.083 seconds
[2022-12-18T04:11:46.780+0000] {processor.py:154} INFO - Started process (PID=661) to work on /opt/airflow/dags/dag_export_data.py
[2022-12-18T04:11:46.786+0000] {processor.py:756} INFO - Processing file /opt/airflow/dags/dag_export_data.py for tasks to queue
[2022-12-18T04:11:46.809+0000] {logging_mixin.py:120} INFO - [2022-12-18T04:11:46.808+0000] {dagbag.py:537} INFO - Filling up the DagBag from /opt/airflow/dags/dag_export_data.py
[2022-12-18T04:11:50.912+0000] {processor.py:766} INFO - DAG(s) dict_keys(['dag_export_transaction', 'dag_export_revenue', 'dag_export_song']) retrieved from /opt/airflow/dags/dag_export_data.py
[2022-12-18T04:11:51.154+0000] {logging_mixin.py:120} INFO - [2022-12-18T04:11:51.153+0000] {dag.py:2585} INFO - Sync 3 DAGs
[2022-12-18T04:11:52.191+0000] {logging_mixin.py:120} INFO - [2022-12-18T04:11:52.190+0000] {dag.py:3340} INFO - Setting next_dagrun for dag_export_revenue to 2022-12-18T00:00:00+00:00, run_after=2022-12-19T00:00:00+00:00
[2022-12-18T04:11:52.257+0000] {logging_mixin.py:120} INFO - [2022-12-18T04:11:52.256+0000] {dag.py:3340} INFO - Setting next_dagrun for dag_export_song to 2022-12-18T00:00:00+00:00, run_after=2022-12-21T00:00:00+00:00
[2022-12-18T04:11:52.344+0000] {logging_mixin.py:120} INFO - [2022-12-18T04:11:52.343+0000] {dag.py:3340} INFO - Setting next_dagrun for dag_export_transaction to 2022-12-18T02:00:00+00:00, run_after=2022-12-18T05:00:00+00:00
[2022-12-18T04:11:52.456+0000] {processor.py:176} INFO - Processing /opt/airflow/dags/dag_export_data.py took 5.690 seconds
