[2022-12-18T04:03:57.941+0000] {taskinstance.py:1165} INFO - Dependencies all met for <TaskInstance: dag_export_revenue.export_revenue scheduled__2022-12-17T00:00:00+00:00 [queued]>
[2022-12-18T04:03:58.178+0000] {taskinstance.py:1165} INFO - Dependencies all met for <TaskInstance: dag_export_revenue.export_revenue scheduled__2022-12-17T00:00:00+00:00 [queued]>
[2022-12-18T04:03:58.189+0000] {taskinstance.py:1362} INFO - 
--------------------------------------------------------------------------------
[2022-12-18T04:03:58.191+0000] {taskinstance.py:1363} INFO - Starting attempt 1 of 1
[2022-12-18T04:03:58.209+0000] {taskinstance.py:1364} INFO - 
--------------------------------------------------------------------------------
[2022-12-18T04:04:01.585+0000] {taskinstance.py:1383} INFO - Executing <Task(PythonOperator): export_revenue> on 2022-12-17 00:00:00+00:00
[2022-12-18T04:04:01.738+0000] {standard_task_runner.py:55} INFO - Started process 342 to run task
[2022-12-18T04:04:02.116+0000] {standard_task_runner.py:82} INFO - Running: ['***', 'tasks', 'run', 'dag_export_revenue', 'export_revenue', 'scheduled__2022-12-17T00:00:00+00:00', '--job-id', '572', '--raw', '--subdir', 'DAGS_FOLDER/dag_export_data.py', '--cfg-path', '/tmp/tmpesacbbwb']
[2022-12-18T04:04:02.147+0000] {standard_task_runner.py:83} INFO - Job 572: Subtask export_revenue
[2022-12-18T04:04:07.976+0000] {task_command.py:376} INFO - Running <TaskInstance: dag_export_revenue.export_revenue scheduled__2022-12-17T00:00:00+00:00 [running]> on host 0d7510ca55af
[2022-12-18T04:04:13.078+0000] {taskinstance.py:1592} INFO - Exporting the following env vars:
AIRFLOW_CTX_DAG_OWNER=***
AIRFLOW_CTX_DAG_ID=dag_export_revenue
AIRFLOW_CTX_TASK_ID=export_revenue
AIRFLOW_CTX_EXECUTION_DATE=2022-12-17T00:00:00+00:00
AIRFLOW_CTX_TRY_NUMBER=1
AIRFLOW_CTX_DAG_RUN_ID=scheduled__2022-12-17T00:00:00+00:00
[2022-12-18T04:04:50.212+0000] {logging_mixin.py:120} INFO - Loaded 2240 rows and 8 columns to cde2022-370103.tugasakhir.revenue
[2022-12-18T04:04:50.258+0000] {python.py:177} INFO - Done. Returned value was: None
[2022-12-18T04:04:50.659+0000] {taskinstance.py:1406} INFO - Marking task as SUCCESS. dag_id=dag_export_revenue, task_id=export_revenue, execution_date=20221217T000000, start_date=20221218T040357, end_date=20221218T040450
[2022-12-18T04:04:52.001+0000] {local_task_job.py:164} INFO - Task exited with return code 0
[2022-12-18T04:04:54.398+0000] {local_task_job.py:273} INFO - 0 downstream tasks scheduled from follow-on schedule check
