[2022-12-14T08:23:42.457+0000] {taskinstance.py:1165} INFO - Dependencies all met for <TaskInstance: dag_export_song.export_song scheduled__2022-12-11T00:00:00+00:00 [queued]>
[2022-12-14T08:23:42.490+0000] {taskinstance.py:1165} INFO - Dependencies all met for <TaskInstance: dag_export_song.export_song scheduled__2022-12-11T00:00:00+00:00 [queued]>
[2022-12-14T08:23:42.490+0000] {taskinstance.py:1362} INFO - 
--------------------------------------------------------------------------------
[2022-12-14T08:23:42.491+0000] {taskinstance.py:1363} INFO - Starting attempt 1 of 1
[2022-12-14T08:23:42.492+0000] {taskinstance.py:1364} INFO - 
--------------------------------------------------------------------------------
[2022-12-14T08:23:42.599+0000] {taskinstance.py:1383} INFO - Executing <Task(PythonOperator): export_song> on 2022-12-11 00:00:00+00:00
[2022-12-14T08:23:42.639+0000] {standard_task_runner.py:55} INFO - Started process 155 to run task
[2022-12-14T08:23:42.651+0000] {standard_task_runner.py:82} INFO - Running: ['***', 'tasks', 'run', 'dag_export_song', 'export_song', 'scheduled__2022-12-11T00:00:00+00:00', '--job-id', '506', '--raw', '--subdir', 'DAGS_FOLDER/dag_export_data.py', '--cfg-path', '/tmp/tmphahq9g6f']
[2022-12-14T08:23:42.655+0000] {standard_task_runner.py:83} INFO - Job 506: Subtask export_song
[2022-12-14T08:23:42.768+0000] {task_command.py:376} INFO - Running <TaskInstance: dag_export_song.export_song scheduled__2022-12-11T00:00:00+00:00 [running]> on host 0d7510ca55af
[2022-12-14T08:23:42.932+0000] {taskinstance.py:1592} INFO - Exporting the following env vars:
AIRFLOW_CTX_DAG_OWNER=***
AIRFLOW_CTX_DAG_ID=dag_export_song
AIRFLOW_CTX_TASK_ID=export_song
AIRFLOW_CTX_EXECUTION_DATE=2022-12-11T00:00:00+00:00
AIRFLOW_CTX_TRY_NUMBER=1
AIRFLOW_CTX_DAG_RUN_ID=scheduled__2022-12-11T00:00:00+00:00
[2022-12-14T08:23:49.064+0000] {logging_mixin.py:120} INFO - Loaded 3503 rows and 10 columns to cde2022-370103.tugasakhir.song
[2022-12-14T08:23:49.071+0000] {python.py:177} INFO - Done. Returned value was: None
[2022-12-14T08:23:49.218+0000] {taskinstance.py:1406} INFO - Marking task as SUCCESS. dag_id=dag_export_song, task_id=export_song, execution_date=20221211T000000, start_date=20221214T082342, end_date=20221214T082349
[2022-12-14T08:23:49.526+0000] {local_task_job.py:164} INFO - Task exited with return code 0
[2022-12-14T08:23:49.760+0000] {local_task_job.py:273} INFO - 0 downstream tasks scheduled from follow-on schedule check
